                  :-) GROMACS - gmx mdrun, 2025.1-Homebrew (-:

Copyright 1991-2025 The GROMACS Authors.
GROMACS is free software; you can redistribute it and/or modify it
under the terms of the GNU Lesser General Public License
as published by the Free Software Foundation; either version 2.1
of the License, or (at your option) any later version.

                         Current GROMACS contributors:
       Mark Abraham           Andrey Alekseenko           Brian Andrews       
      Vladimir Basov              Paul Bauer                Hugh Bird         
      Eliane Briand               Ania Brown              Mahesh Doijade      
      Giacomo Fiorin          Stefan Fleischmann          Sergey Gorelov      
   Gilles Gouaillardet            Alan Gray              M. Eric Irrgang      
   Farzaneh Jalalypour         Petter Johansson          Carsten Kutzner      
    Grzegorz Łazarski         Justin A. Lemkul          Magnus Lundborg      
       Pascal Merz             Vedran Miletić            Dmitry Morozov      
     Lukas Müllender            Julien Nabet             Szilárd Páll      
 Andrea Pasquadibisceglie     Michele Pellegrino         Nicola Piasentin     
     Daniele Rapetti         Muhammad Umair Sadiq         Hubert Santuz       
      Roland Schulz             Michael Shirts           Tatiana Shugaeva     
     Alexey Shvetsov            Philip Turner            Alessandra Villa     
 Sebastian Wingbermühle  

                         Previous GROMACS contributors:
        Emile Apol             Rossen Apostolov           James Barnett       
  Herman J.C. Berendsen         Cathrine Bergh             Par Bjelkmar       
      Christian Blau          Viacheslav Bolnykh            Kevin Boyd        
    Aldert van Buuren          Carlo Camilloni           Rudi van Drunen      
      Anton Feenstra           Oliver Fleetwood            Vytas Gapsys       
       Gaurav Garg             Gerrit Groenhof            Bert de Groot       
      Anca Hamuraru           Vincent Hindriksen          Victor Holanda      
     Aleksei Iupinov              Joe Jordan            Christoph Junghans    
    Prashanth Kanduri        Dimitrios Karkoulis           Peter Kasson       
      Sebastian Kehl           Sebastian Keller             Jiri Kraus        
       Per Larsson              Viveca Lindahl            Erik Marklund       
    Pieter Meulenhoff           Teemu Murtola              Sander Pronk       
      Alfons Sijbers            Balint Soproni         David van der Spoel    
      Peter Tieleman            Carsten Uphoff             Jon Vincent        
     Teemu Virolainen         Christian Wennberg           Maarten Wolf       
      Artem Zhmurov       

                  Coordinated by the GROMACS project leaders:
                           Berk Hess and Erik Lindahl

GROMACS:      gmx mdrun, version 2025.1-Homebrew
Executable:   /opt/homebrew/bin/../Cellar/gromacs/2025.1/bin/gmx
Data prefix:  /opt/homebrew/bin/../Cellar/gromacs/2025.1
Working dir:  /Users/heiley/Downloads/gmx-tutorial
Process ID:   3458
Command line:
  gmx mdrun -v -deffnm md_0_1

GROMACS version:     2025.1-Homebrew
Precision:           mixed
Memory model:        64 bit
MPI library:         thread_mpi
OpenMP support:      enabled (GMX_OPENMP_MAX_THREADS = 128)
GPU support:         disabled
SIMD instructions:   ARM_NEON_ASIMD
CPU FFT library:     fftw-3.3.10
GPU FFT library:     none
Multi-GPU FFT:       none
TNG support:         enabled
Hwloc support:       disabled
Tracing support:     disabled
C compiler:          /opt/homebrew/opt/gcc/bin/gcc-14
C compiler flags:    -fexcess-precision=fast -funroll-all-loops -Wno-missing-field-initializers -O3 -DNDEBUG
C++ compiler:        /opt/homebrew/opt/gcc/bin/g++-14
C++ compiler flags:  -fexcess-precision=fast -funroll-all-loops -Wno-missing-field-initializers -Weverything -Wno-c++98-compat -Wno-c++98-compat-pedantic -Wno-return-std-move-in-c++11 -Wno-source-uses-openmp -Wno-c++17-extensions -Wno-documentation-unknown-command -Wno-covered-switch-default -Wno-switch-enum -Wno-switch-default -Wno-extra-semi-stmt -Wno-weak-vtables -Wno-shadow -Wno-padded -Wno-reserved-id-macro -Wno-double-promotion -Wno-exit-time-destructors -Wno-global-constructors -Wno-documentation -Wno-format-nonliteral -Wno-used-but-marked-unused -Wno-float-equal -Wno-conditional-uninitialized -Wno-conversion -Wno-disabled-macro-expansion -Wno-unused-macros -Wno-unsafe-buffer-usage -Wno-cast-function-type-strict SHELL:-fopenmp -O3 -DNDEBUG
BLAS library:        External - detected on the system
LAPACK library:      External - detected on the system


Running on 1 node with total 0 processing units
Hardware detected on host eduroam-int-dhcp-97-34-100.ucl.ac.uk:
  CPU info:
    Vendor: ARM
    Brand:  Unknown CPU brand
    Family: 0   Model: 0   Stepping: 0
    Features: neon neon_asimd
  Hardware topology: Only logical processor count
    CPU limit set by OS: -1   Recommended max number of threads: 8


++++ PLEASE READ AND CITE THE FOLLOWING REFERENCE ++++
M. J. Abraham, T. Murtola, R. Schulz, S. Páll, J. C. Smith, B. Hess, E.
Lindahl
GROMACS: High performance molecular simulations through multi-level
parallelism from laptops to supercomputers
SoftwareX (2015)
DOI: 10.1016/j.softx.2015.06.001
-------- -------- --- Thank You --- -------- --------


++++ PLEASE READ AND CITE THE FOLLOWING REFERENCE ++++
S. Páll, M. J. Abraham, C. Kutzner, B. Hess, E. Lindahl
Tackling Exascale Software Challenges in Molecular Dynamics Simulations with
GROMACS
In S. Markidis & E. Laure (Eds.), Solving Software Challenges for Exascale (2015)
DOI: 10.1007/978-3-319-15976-8_1
-------- -------- --- Thank You --- -------- --------


++++ PLEASE READ AND CITE THE FOLLOWING REFERENCE ++++
S. Pronk, S. Páll, R. Schulz, P. Larsson, P. Bjelkmar, R. Apostolov, M. R.
Shirts, J. C. Smith, P. M. Kasson, D. van der Spoel, B. Hess, E. Lindahl
GROMACS 4.5: a high-throughput and highly parallel open source molecular
simulation toolkit
Bioinformatics (2013)
DOI: 10.1093/bioinformatics/btt055
-------- -------- --- Thank You --- -------- --------


++++ PLEASE READ AND CITE THE FOLLOWING REFERENCE ++++
B. Hess, C. Kutzner, D. van der Spoel, E. Lindahl
GROMACS 4: Algorithms for highly efficient, load-balanced, and scalable
molecular simulation
J. Chem. Theory Comput. (2008)
DOI: 10.1021/ct700301q
-------- -------- --- Thank You --- -------- --------


++++ PLEASE READ AND CITE THE FOLLOWING REFERENCE ++++
D. van der Spoel, E. Lindahl, B. Hess, G. Groenhof, A. E. Mark, H. J. C.
Berendsen
GROMACS: Fast, Flexible and Free
J. Comp. Chem. (2005)
DOI: 10.1002/jcc.20291
-------- -------- --- Thank You --- -------- --------


++++ PLEASE READ AND CITE THE FOLLOWING REFERENCE ++++
E. Lindahl, B. Hess, D. van der Spoel
GROMACS 3.0: A package for molecular simulation and trajectory analysis
J. Mol. Mod. (2001)
DOI: 10.1007/s008940100045
-------- -------- --- Thank You --- -------- --------


++++ PLEASE READ AND CITE THE FOLLOWING REFERENCE ++++
H. J. C. Berendsen, D. van der Spoel and R. van Drunen
GROMACS: A message-passing parallel molecular dynamics implementation
Comp. Phys. Comm. (1995)
DOI: 10.1016/0010-4655(95)00042-E
-------- -------- --- Thank You --- -------- --------

Input Parameters:
   integrator                     = md
   tinit                          = 0
   dt                             = 0.002
   nsteps                         = 500000
   init-step                      = 0
   simulation-part                = 1
   mts                            = false
   mass-repartition-factor        = 1
   comm-mode                      = Linear
   nstcomm                        = 100
   bd-fric                        = 0
   ld-seed                        = -234893717
   emtol                          = 10
   emstep                         = 0.01
   niter                          = 20
   fcstep                         = 0
   nstcgsteep                     = 1000
   nbfgscorr                      = 10
   rtpi                           = 0.05
   nstxout                        = 0
   nstvout                        = 0
   nstfout                        = 0
   nstlog                         = 5000
   nstcalcenergy                  = 100
   nstenergy                      = 5000
   nstxout-compressed             = 5000
   compressed-x-precision         = 1000
   cutoff-scheme                  = Verlet
   nstlist                        = 10
   pbc                            = xyz
   periodic-molecules             = false
   verlet-buffer-tolerance        = 0.005
   verlet-buffer-pressure-tolerance = 0.5
   rlist                          = 1
   coulombtype                    = PME
   coulomb-modifier               = Potential-shift
   rcoulomb-switch                = 0
   rcoulomb                       = 1
   epsilon-r                      = 1
   epsilon-rf                     = inf
   vdw-type                       = Cut-off
   vdw-modifier                   = Potential-shift
   rvdw-switch                    = 0
   rvdw                           = 1
   DispCorr                       = EnerPres
   table-extension                = 1
   fourierspacing                 = 0.16
   fourier-nx                     = 44
   fourier-ny                     = 44
   fourier-nz                     = 44
   pme-order                      = 4
   ewald-rtol                     = 1e-05
   ewald-rtol-lj                  = 0.001
   lj-pme-comb-rule               = Geometric
   ewald-geometry                 = 3d
   epsilon-surface                = 0
   ensemble-temperature-setting   = constant
   ensemble-temperature           = 300
   tcoupl                         = V-rescale
   nsttcouple                     = 10
   nh-chain-length                = 0
   print-nose-hoover-chain-variables = false
   pcoupl                         = Parrinello-Rahman
   pcoupltype                     = Isotropic
   nstpcouple                     = 50
   tau-p                          = 2
   compressibility (3x3):
      compressibility[    0]={ 4.50000e-05,  0.00000e+00,  0.00000e+00}
      compressibility[    1]={ 0.00000e+00,  4.50000e-05,  0.00000e+00}
      compressibility[    2]={ 0.00000e+00,  0.00000e+00,  4.50000e-05}
   ref-p (3x3):
      ref-p[    0]={ 1.00000e+00,  0.00000e+00,  0.00000e+00}
      ref-p[    1]={ 0.00000e+00,  1.00000e+00,  0.00000e+00}
      ref-p[    2]={ 0.00000e+00,  0.00000e+00,  1.00000e+00}
   refcoord-scaling               = No
   posres-com: not available
   posres-comB: not available
   QMMM                           = false
qm-opts:
   ngQM                           = 0
   constraint-algorithm           = Lincs
   continuation                   = true
   Shake-SOR                      = false
   shake-tol                      = 0.0001
   lincs-order                    = 4
   lincs-iter                     = 1
   lincs-warnangle                = 30
   nwall                          = 0
   wall-type                      = 9-3
   wall-r-linpot                  = -1
   wall-atomtype[0]               = -1
   wall-atomtype[1]               = -1
   wall-density[0]                = 0
   wall-density[1]                = 0
   wall-ewald-zfac                = 3
   pull                           = false
   awh                            = false
   rotation                       = false
   interactiveMD                  = false
   disre                          = No
   disre-weighting                = Conservative
   disre-mixed                    = false
   dr-fc                          = 1000
   dr-tau                         = 0
   nstdisreout                    = 100
   orire-fc                       = 0
   orire-tau                      = 0
   nstorireout                    = 100
   free-energy                    = no
   cos-acceleration               = 0
   deform (3x3):
      deform[    0]={ 0.00000e+00,  0.00000e+00,  0.00000e+00}
      deform[    1]={ 0.00000e+00,  0.00000e+00,  0.00000e+00}
      deform[    2]={ 0.00000e+00,  0.00000e+00,  0.00000e+00}
   simulated-tempering            = false
   swapcoords                     = no
   userint1                       = 0
   userint2                       = 0
   userint3                       = 0
   userint4                       = 0
   userreal1                      = 0
   userreal2                      = 0
   userreal3                      = 0
   userreal4                      = 0
   applied-forces:
     electric-field:
       x:
         E0                       = 0
         omega                    = 0
         t0                       = 0
         sigma                    = 0
       y:
         E0                       = 0
         omega                    = 0
         t0                       = 0
         sigma                    = 0
       z:
         E0                       = 0
         omega                    = 0
         t0                       = 0
         sigma                    = 0
     density-guided-simulation:
       active                     = false
       group                      = protein
       similarity-measure         = inner-product
       atom-spreading-weight      = unity
       force-constant             = 1e+09
       gaussian-transform-spreading-width = 0.2
       gaussian-transform-spreading-range-in-multiples-of-width = 4
       reference-density-filename = reference.mrc
       nst                        = 1
       normalize-densities        = true
       adaptive-force-scaling     = false
       adaptive-force-scaling-time-constant = 4
       shift-vector               = 
       transformation-matrix      = 
     qmmm-cp2k:
       active                     = false
       qmgroup                    = System
       qmmethod                   = PBE
       qmfilenames                = 
       qmcharge                   = 0
       qmmultiplicity             = 1
     colvars:
       active                     = false
       configfile                 = 
       seed                       = -1
     nnpot:
       active                     = false
       modelfile                  = model.pt
       input-group                = System
       model-input1               = 
       model-input2               = 
       model-input3               = 
       model-input4               = 
grpopts:
   nrdf:     4920.79     63837.2
   ref-t:         300         300
   tau-t:         0.1         0.1
annealing:          No          No
annealing-npoints:           0           0
   acc:	           0           0           0
   nfreeze:           N           N           N
   energygrp-flags[  0]: 0

Changing nstlist from 10 to 50, rlist from 1 to 1.117


Initializing Domain Decomposition on 1 ranks
Dynamic load balancing: auto
Using update groups, nr 11645, average size 2.9 atoms, max. radius 0.103 nm
Minimum cell size due to atom displacement: 0.397 nm
Initial maximum distances in bonded interactions:
    two-body bonded interactions: 0.460 nm, LJ-14, atoms 1156 1405
  multi-body bonded interactions: 0.460 nm, Ryckaert-Bell., atoms 1156 1405
Minimum cell size due to bonded interactions: 0.506 nm
Using 0 separate PME ranks because: there are too few total ranks for efficient splitting
Optimizing the DD grid for 1 cells with a minimum initial size of 0.506 nm
The maximum allowed number of cells is: X 13 Y 13 Z 13
Domain decomposition grid 1 x 1 x 1, separate PME ranks 0
PME domain decomposition: 1 x 1 x 1

The initial number of communication pulses is:
The initial domain decomposition cell size is:

The maximum allowed distance for atom groups involved in interactions is:
                 non-bonded interactions           1.324 nm
(the following are initial values, they could change due to box deformation)
            two-body bonded interactions  (-rdd)   1.324 nm
          multi-body bonded interactions  (-rdd)   1.324 nm

When dynamic load balancing gets turned on, these settings will change to:
The maximum number of communication pulses is:
The minimum size for domain decomposition cells is 1.324 nm
The requested allowed shrink of DD cells (option -dds) is: 0.80
The allowed shrink of domain decomposition cells is:
The maximum allowed distance for atom groups involved in interactions is:
                 non-bonded interactions           1.324 nm
            two-body bonded interactions  (-rdd)   1.324 nm
          multi-body bonded interactions  (-rdd)   1.324 nm

Local state does not use filler particles

Using 1 MPI thread
Using 8 OpenMP threads 

System total charge: -0.000
Will do PME sum in reciprocal space for electrostatic interactions.

++++ PLEASE READ AND CITE THE FOLLOWING REFERENCE ++++
U. Essmann, L. Perera, M. L. Berkowitz, T. Darden, H. Lee, L. G. Pedersen 
A smooth particle mesh Ewald method
J. Chem. Phys. (1995)
DOI: 10.1063/1.470117
-------- -------- --- Thank You --- -------- --------

Using a Gaussian width (1/beta) of 0.320163 nm for Ewald
Potential shift: LJ r^-12: -1.000e+00 r^-6: -1.000e+00, Ewald -1.000e-05
Initialized non-bonded Coulomb Ewald tables, spacing: 9.33e-04 size: 1073

Generated table with 1058 data points for 1-4 COUL.
Tabscale = 500 points/nm
Generated table with 1058 data points for 1-4 LJ6.
Tabscale = 500 points/nm
Generated table with 1058 data points for 1-4 LJ12.
Tabscale = 500 points/nm
Long Range LJ corr.: <C6> 3.1923e-04


Using SIMD4xM 4x4 nonbonded short-range kernels

Using a dual 4x4 pair-list setup updated with dynamic pruning:
  outer list: updated every 50 steps, buffer 0.117 nm, rlist 1.117 nm
  inner list: updated every 10 steps, buffer 0.000 nm, rlist 1.000 nm
At tolerance 0.005 kJ/mol/ps per atom, equivalent classical 1x1 list would be:
  outer list: updated every 50 steps, buffer 0.246 nm, rlist 1.246 nm
  inner list: updated every 10 steps, buffer 0.035 nm, rlist 1.035 nm

The average pressure is off by at most 0.44 bar due to missing LJ interactions

Using Geometric Lennard-Jones combination rule

Linking all bonded interactions to atoms


Initializing LINear Constraint Solver

++++ PLEASE READ AND CITE THE FOLLOWING REFERENCE ++++
B. Hess, H. Bekker, H. J. C. Berendsen, J. G. E. M. Fraaije
LINCS: A Linear Constraint Solver for molecular simulations
J. Comp. Chem. (1997)
DOI: 10.1002/(sici)1096-987x(199709)18:12<1463::aid-jcc4>3.0.co;2-h
-------- -------- --- Thank You --- -------- --------

The number of constraints is 959

++++ PLEASE READ AND CITE THE FOLLOWING REFERENCE ++++
S. Miyamoto, P. A. Kollman
SETTLE: An Analytical Version of the SHAKE and RATTLE Algorithms for Rigid
Water Models
J. Comp. Chem. (1992)
DOI: 10.1002/jcc.540130805
-------- -------- --- Thank You --- -------- --------


++++ PLEASE READ AND CITE THE FOLLOWING REFERENCE ++++
G. Bussi, D. Donadio, M. Parrinello
Canonical sampling through velocity rescaling
J. Chem. Phys. (2007)
DOI: 10.1063/1.2408420
-------- -------- --- Thank You --- -------- --------

There are: 33876 Atoms

Atom distribution over 1 domains: av 33876 stddev 0 min 33876 max 33876
Center of mass motion removal mode is Linear
We have the following groups for center of mass motion removal:
  0:  rest

Started mdrun on rank 0 Wed Jun  4 15:08:59 2025

           Step           Time
              0        0.00000

   Energies (kJ/mol)
           Bond          Angle    Proper Dih. Ryckaert-Bell.          LJ-14
    1.44978e+03    3.81284e+03    2.70729e+02    1.80647e+03    2.68215e+03
     Coulomb-14        LJ (SR)  Disper. corr.   Coulomb (SR)   Coul. recip.
    7.71786e+03    9.23122e+04   -4.56899e+03   -6.33727e+05    2.89089e+03
      Potential    Kinetic En.   Total Energy  Conserved En.    Temperature
   -5.25353e+05    8.59896e+04   -4.39364e+05   -4.39343e+05    3.00828e+02
 Pres. DC (bar) Pressure (bar)   Constr. rmsd
   -2.26433e+02   -1.36335e+02    2.66999e-06

           Step           Time
           5000       10.00000

   Energies (kJ/mol)
           Bond          Angle    Proper Dih. Ryckaert-Bell.          LJ-14
    1.54375e+03    3.75987e+03    2.41047e+02    1.85876e+03    2.61118e+03
     Coulomb-14        LJ (SR)  Disper. corr.   Coulomb (SR)   Coul. recip.
    7.68750e+03    9.38338e+04   -4.57946e+03   -6.33030e+05    2.94585e+03
      Potential    Kinetic En.   Total Energy  Conserved En.    Temperature
   -5.23128e+05    8.60110e+04   -4.37117e+05   -4.39035e+05    3.00903e+02
 Pres. DC (bar) Pressure (bar)   Constr. rmsd
   -2.27469e+02    2.48109e+02    3.33003e-06

           Step           Time
          10000       20.00000

   Energies (kJ/mol)
           Bond          Angle    Proper Dih. Ryckaert-Bell.          LJ-14
    1.52600e+03    3.86954e+03    2.61242e+02    1.75927e+03    2.65673e+03
     Coulomb-14        LJ (SR)  Disper. corr.   Coulomb (SR)   Coul. recip.
    7.73184e+03    9.30674e+04   -4.55251e+03   -6.34878e+05    2.91997e+03
      Potential    Kinetic En.   Total Energy  Conserved En.    Temperature
   -5.25638e+05    8.69087e+04   -4.38729e+05   -4.38817e+05    3.04044e+02
 Pres. DC (bar) Pressure (bar)   Constr. rmsd
   -2.24804e+02   -2.12393e+02    2.89987e-06

           Step           Time
          15000       30.00000

   Energies (kJ/mol)
           Bond          Angle    Proper Dih. Ryckaert-Bell.          LJ-14
    1.45924e+03    3.94813e+03    2.19846e+02    1.80839e+03    2.70129e+03
     Coulomb-14        LJ (SR)  Disper. corr.   Coulomb (SR)   Coul. recip.
    7.79823e+03    9.44160e+04   -4.56312e+03   -6.34365e+05    2.90257e+03
      Potential    Kinetic En.   Total Energy  Conserved En.    Temperature
   -5.23675e+05    8.60505e+04   -4.37624e+05   -4.38039e+05    3.01041e+02
 Pres. DC (bar) Pressure (bar)   Constr. rmsd
   -2.25852e+02    1.98069e+02    3.40278e-06

           Step           Time
          20000       40.00000

   Energies (kJ/mol)
           Bond          Angle    Proper Dih. Ryckaert-Bell.          LJ-14
    1.53217e+03    3.94387e+03    2.76065e+02    1.78185e+03    2.58297e+03
     Coulomb-14        LJ (SR)  Disper. corr.   Coulomb (SR)   Coul. recip.
    7.73526e+03    9.32274e+04   -4.57231e+03   -6.34512e+05    2.91502e+03
      Potential    Kinetic En.   Total Energy  Conserved En.    Temperature
   -5.25089e+05    8.58996e+04   -4.39190e+05   -4.37622e+05    3.00513e+02
 Pres. DC (bar) Pressure (bar)   Constr. rmsd
   -2.26761e+02   -1.20048e+02    3.00297e-06

           Step           Time
          25000       50.00000

   Energies (kJ/mol)
           Bond          Angle    Proper Dih. Ryckaert-Bell.          LJ-14
    1.55246e+03    3.81673e+03    2.34673e+02    1.86981e+03    2.65677e+03
     Coulomb-14        LJ (SR)  Disper. corr.   Coulomb (SR)   Coul. recip.
    7.66315e+03    9.34761e+04   -4.56826e+03   -6.34296e+05    2.89555e+03
      Potential    Kinetic En.   Total Energy  Conserved En.    Temperature
   -5.24699e+05    8.60859e+04   -4.38613e+05   -4.37360e+05    3.01165e+02
 Pres. DC (bar) Pressure (bar)   Constr. rmsd
   -2.26359e+02   -7.10301e+01    2.83454e-06

           Step           Time
          30000       60.00000

   Energies (kJ/mol)
           Bond          Angle    Proper Dih. Ryckaert-Bell.          LJ-14
    1.51077e+03    3.70539e+03    2.82675e+02    1.89329e+03    2.65572e+03
     Coulomb-14        LJ (SR)  Disper. corr.   Coulomb (SR)   Coul. recip.
    7.73663e+03    9.47548e+04   -4.55919e+03   -6.35631e+05    2.91291e+03
      Potential    Kinetic En.   Total Energy  Conserved En.    Temperature
   -5.24738e+05    8.59360e+04   -4.38802e+05   -4.37154e+05    3.00641e+02
 Pres. DC (bar) Pressure (bar)   Constr. rmsd
   -2.25463e+02    1.13148e+02    2.98412e-06

           Step           Time
          35000       70.00000

   Energies (kJ/mol)
           Bond          Angle    Proper Dih. Ryckaert-Bell.          LJ-14
    1.32789e+03    3.80232e+03    2.50852e+02    1.82940e+03    2.62676e+03
     Coulomb-14        LJ (SR)  Disper. corr.   Coulomb (SR)   Coul. recip.
    7.70725e+03    9.44823e+04   -4.57810e+03   -6.35757e+05    2.90745e+03
      Potential    Kinetic En.   Total Energy  Conserved En.    Temperature
   -5.25401e+05    8.54439e+04   -4.39957e+05   -4.36722e+05    2.98919e+02
 Pres. DC (bar) Pressure (bar)   Constr. rmsd
   -2.27335e+02    2.58400e+02    2.95284e-06

           Step           Time
          40000       80.00000

   Energies (kJ/mol)
           Bond          Angle    Proper Dih. Ryckaert-Bell.          LJ-14
    1.54128e+03    3.67423e+03    2.38912e+02    1.81449e+03    2.61687e+03
     Coulomb-14        LJ (SR)  Disper. corr.   Coulomb (SR)   Coul. recip.
    7.69995e+03    9.43466e+04   -4.55030e+03   -6.35968e+05    2.83835e+03
      Potential    Kinetic En.   Total Energy  Conserved En.    Temperature
   -5.25748e+05    8.61841e+04   -4.39564e+05   -4.36618e+05    3.01509e+02
 Pres. DC (bar) Pressure (bar)   Constr. rmsd
   -2.24585e+02   -5.45636e+01    2.55716e-06

           Step           Time
          45000       90.00000

   Energies (kJ/mol)
           Bond          Angle    Proper Dih. Ryckaert-Bell.          LJ-14
    1.44170e+03    3.67987e+03    2.73451e+02    1.86022e+03    2.61592e+03
     Coulomb-14        LJ (SR)  Disper. corr.   Coulomb (SR)   Coul. recip.
    7.71118e+03    9.31550e+04   -4.55807e+03   -6.33655e+05    2.96796e+03
      Potential    Kinetic En.   Total Energy  Conserved En.    Temperature
   -5.24508e+05    8.58913e+04   -4.38617e+05   -4.35732e+05    3.00484e+02
 Pres. DC (bar) Pressure (bar)   Constr. rmsd
   -2.25353e+02    5.41954e+01    3.76052e-06

           Step           Time
          50000      100.00000

   Energies (kJ/mol)
           Bond          Angle    Proper Dih. Ryckaert-Bell.          LJ-14
    1.42451e+03    3.73626e+03    2.45412e+02    1.72303e+03    2.72519e+03
     Coulomb-14        LJ (SR)  Disper. corr.   Coulomb (SR)   Coul. recip.
    7.86751e+03    9.21406e+04   -4.55590e+03   -6.32844e+05    2.98028e+03
      Potential    Kinetic En.   Total Energy  Conserved En.    Temperature
   -5.24557e+05    8.50875e+04   -4.39469e+05   -4.35449e+05    2.97672e+02
 Pres. DC (bar) Pressure (bar)   Constr. rmsd
   -2.25138e+02   -1.28211e+02    3.01983e-06

Writing checkpoint, step 50050 at Wed Jun  4 15:24:00 2025


Writing checkpoint, step 51150 at Wed Jun  4 15:41:43 2025


           Step           Time
          55000      110.00000

   Energies (kJ/mol)
           Bond          Angle    Proper Dih. Ryckaert-Bell.          LJ-14
    1.46558e+03    3.58114e+03    2.33710e+02    1.84261e+03    2.67438e+03
     Coulomb-14        LJ (SR)  Disper. corr.   Coulomb (SR)   Coul. recip.
    7.71755e+03    9.35854e+04   -4.60724e+03   -6.35255e+05    2.93892e+03
      Potential    Kinetic En.   Total Energy  Conserved En.    Temperature
   -5.25823e+05    8.71141e+04   -4.38709e+05   -4.34768e+05    3.04762e+02
 Pres. DC (bar) Pressure (bar)   Constr. rmsd
   -2.30234e+02    2.22590e+02    3.65902e-06

           Step           Time
          60000      120.00000

   Energies (kJ/mol)
           Bond          Angle    Proper Dih. Ryckaert-Bell.          LJ-14
    1.40706e+03    3.86454e+03    2.33185e+02    1.85045e+03    2.64908e+03
     Coulomb-14        LJ (SR)  Disper. corr.   Coulomb (SR)   Coul. recip.
    7.82611e+03    9.46716e+04   -4.55140e+03   -6.34908e+05    2.94796e+03
      Potential    Kinetic En.   Total Energy  Conserved En.    Temperature
   -5.24009e+05    8.56116e+04   -4.38398e+05   -4.34412e+05    2.99506e+02
 Pres. DC (bar) Pressure (bar)   Constr. rmsd
   -2.24694e+02    2.37416e+02    2.82185e-06

           Step           Time
          65000      130.00000

   Energies (kJ/mol)
           Bond          Angle    Proper Dih. Ryckaert-Bell.          LJ-14
    1.35486e+03    3.84754e+03    2.22685e+02    1.69726e+03    2.66566e+03
     Coulomb-14        LJ (SR)  Disper. corr.   Coulomb (SR)   Coul. recip.
    7.81380e+03    9.40479e+04   -4.56019e+03   -6.35818e+05    2.84407e+03
      Potential    Kinetic En.   Total Energy  Conserved En.    Temperature
   -5.25885e+05    8.59901e+04   -4.39895e+05   -4.33970e+05    3.00830e+02
 Pres. DC (bar) Pressure (bar)   Constr. rmsd
   -2.25562e+02    2.33260e+01    2.74811e-06

           Step           Time
          70000      140.00000

   Energies (kJ/mol)
           Bond          Angle    Proper Dih. Ryckaert-Bell.          LJ-14
    1.43949e+03    3.72899e+03    2.16698e+02    1.68658e+03    2.64558e+03
     Coulomb-14        LJ (SR)  Disper. corr.   Coulomb (SR)   Coul. recip.
    7.71989e+03    9.37450e+04   -4.57908e+03   -6.34224e+05    3.00040e+03
      Potential    Kinetic En.   Total Energy  Conserved En.    Temperature
   -5.24620e+05    8.58111e+04   -4.38809e+05   -4.33723e+05    3.00204e+02
 Pres. DC (bar) Pressure (bar)   Constr. rmsd
   -2.27432e+02    1.70307e+02    2.89006e-06

Writing checkpoint, step 73000 at Wed Jun  4 15:54:00 2025


           Step           Time
          75000      150.00000

   Energies (kJ/mol)
           Bond          Angle    Proper Dih. Ryckaert-Bell.          LJ-14
    1.49165e+03    3.77195e+03    2.58198e+02    1.79690e+03    2.59111e+03
     Coulomb-14        LJ (SR)  Disper. corr.   Coulomb (SR)   Coul. recip.
    7.81211e+03    9.30019e+04   -4.56350e+03   -6.33892e+05    2.92371e+03
      Potential    Kinetic En.   Total Energy  Conserved En.    Temperature
   -5.24808e+05    8.65355e+04   -4.38273e+05   -4.33241e+05    3.02738e+02
 Pres. DC (bar) Pressure (bar)   Constr. rmsd
   -2.25889e+02   -9.66489e+01    3.14544e-06

           Step           Time
          80000      160.00000

   Energies (kJ/mol)
           Bond          Angle    Proper Dih. Ryckaert-Bell.          LJ-14
    1.46354e+03    3.99184e+03    2.19018e+02    1.70521e+03    2.72892e+03
     Coulomb-14        LJ (SR)  Disper. corr.   Coulomb (SR)   Coul. recip.
    7.82074e+03    9.56080e+04   -4.59111e+03   -6.37339e+05    2.97127e+03
      Potential    Kinetic En.   Total Energy  Conserved En.    Temperature
   -5.25421e+05    8.61460e+04   -4.39275e+05   -4.32588e+05    3.01375e+02
 Pres. DC (bar) Pressure (bar)   Constr. rmsd
   -2.28627e+02    4.14132e+02    2.88375e-06

           Step           Time
          85000      170.00000

   Energies (kJ/mol)
           Bond          Angle    Proper Dih. Ryckaert-Bell.          LJ-14
    1.50408e+03    3.56527e+03    2.60037e+02    1.73569e+03    2.61797e+03
     Coulomb-14        LJ (SR)  Disper. corr.   Coulomb (SR)   Coul. recip.
    7.77444e+03    9.29270e+04   -4.56226e+03   -6.34855e+05    2.90078e+03
      Potential    Kinetic En.   Total Energy  Conserved En.    Temperature
   -5.26132e+05    8.55208e+04   -4.40611e+05   -4.32030e+05    2.99188e+02
 Pres. DC (bar) Pressure (bar)   Constr. rmsd
   -2.25767e+02   -2.75899e+02    2.93400e-06

           Step           Time
          90000      180.00000

   Energies (kJ/mol)
           Bond          Angle    Proper Dih. Ryckaert-Bell.          LJ-14
    1.51205e+03    3.95767e+03    2.49775e+02    1.80105e+03    2.66882e+03
     Coulomb-14        LJ (SR)  Disper. corr.   Coulomb (SR)   Coul. recip.
    7.82107e+03    9.25111e+04   -4.53052e+03   -6.32068e+05    2.96796e+03
      Potential    Kinetic En.   Total Energy  Conserved En.    Temperature
   -5.23109e+05    8.60093e+04   -4.37100e+05   -4.31601e+05    3.00897e+02
 Pres. DC (bar) Pressure (bar)   Constr. rmsd
   -2.22639e+02   -1.55820e+02    3.23428e-06

           Step           Time
          95000      190.00000

   Energies (kJ/mol)
           Bond          Angle    Proper Dih. Ryckaert-Bell.          LJ-14
    1.40388e+03    3.56528e+03    2.39830e+02    1.74586e+03    2.64074e+03
     Coulomb-14        LJ (SR)  Disper. corr.   Coulomb (SR)   Coul. recip.
    7.78858e+03    9.44857e+04   -4.55783e+03   -6.36649e+05    2.91153e+03
      Potential    Kinetic En.   Total Energy  Conserved En.    Temperature
   -5.26426e+05    8.39147e+04   -4.42511e+05   -4.31257e+05    2.93569e+02
 Pres. DC (bar) Pressure (bar)   Constr. rmsd
   -2.25329e+02   -4.69509e+01    2.97613e-06

           Step           Time
         100000      200.00000

   Energies (kJ/mol)
           Bond          Angle    Proper Dih. Ryckaert-Bell.          LJ-14
    1.37191e+03    3.75324e+03    2.27880e+02    1.77989e+03    2.71568e+03
     Coulomb-14        LJ (SR)  Disper. corr.   Coulomb (SR)   Coul. recip.
    7.73781e+03    9.45909e+04   -4.55575e+03   -6.37314e+05    2.84545e+03
      Potential    Kinetic En.   Total Energy  Conserved En.    Temperature
   -5.26847e+05    8.54215e+04   -4.41426e+05   -4.30515e+05    2.98841e+02
 Pres. DC (bar) Pressure (bar)   Constr. rmsd
   -2.25123e+02    1.26925e+02    3.06939e-06

Writing checkpoint, step 104950 at Wed Jun  4 16:12:16 2025


           Step           Time
         105000      210.00000

   Energies (kJ/mol)
           Bond          Angle    Proper Dih. Ryckaert-Bell.          LJ-14
    1.45390e+03    3.63446e+03    2.51917e+02    1.72456e+03    2.57107e+03
     Coulomb-14        LJ (SR)  Disper. corr.   Coulomb (SR)   Coul. recip.
    7.73412e+03    9.17183e+04   -4.52244e+03   -6.32641e+05    2.96041e+03
      Potential    Kinetic En.   Total Energy  Conserved En.    Temperature
   -5.25115e+05    8.63414e+04   -4.38773e+05   -4.30334e+05    3.02059e+02
 Pres. DC (bar) Pressure (bar)   Constr. rmsd
   -2.21847e+02   -4.78179e+02    3.36211e-06

           Step           Time
         110000      220.00000

   Energies (kJ/mol)
           Bond          Angle    Proper Dih. Ryckaert-Bell.          LJ-14
    1.48339e+03    3.58614e+03    2.46085e+02    1.82730e+03    2.61274e+03
     Coulomb-14        LJ (SR)  Disper. corr.   Coulomb (SR)   Coul. recip.
    7.79957e+03    9.55281e+04   -4.59343e+03   -6.38837e+05    2.91578e+03
      Potential    Kinetic En.   Total Energy  Conserved En.    Temperature
   -5.27432e+05    8.54919e+04   -4.41940e+05   -4.30001e+05    2.99087e+02
 Pres. DC (bar) Pressure (bar)   Constr. rmsd
   -2.28859e+02    2.47442e+02    3.00525e-06

           Step           Time
         115000      230.00000

   Energies (kJ/mol)
           Bond          Angle    Proper Dih. Ryckaert-Bell.          LJ-14
    1.35082e+03    3.71552e+03    2.24466e+02    1.70767e+03    2.65560e+03
     Coulomb-14        LJ (SR)  Disper. corr.   Coulomb (SR)   Coul. recip.
    7.69775e+03    9.49566e+04   -4.56536e+03   -6.36399e+05    2.89331e+03
      Potential    Kinetic En.   Total Energy  Conserved En.    Temperature
   -5.25762e+05    8.59018e+04   -4.39860e+05   -4.29692e+05    3.00521e+02
 Pres. DC (bar) Pressure (bar)   Constr. rmsd
   -2.26073e+02    2.41262e+02    2.79231e-06

Writing checkpoint, step 115350 at Wed Jun  4 16:24:00 2025


           Step           Time
         120000      240.00000

   Energies (kJ/mol)
           Bond          Angle    Proper Dih. Ryckaert-Bell.          LJ-14
    1.48112e+03    3.74580e+03    2.70326e+02    1.77932e+03    2.59374e+03
     Coulomb-14        LJ (SR)  Disper. corr.   Coulomb (SR)   Coul. recip.
    7.74905e+03    9.35168e+04   -4.55774e+03   -6.35783e+05    3.01626e+03
      Potential    Kinetic En.   Total Energy  Conserved En.    Temperature
   -5.26189e+05    8.62987e+04   -4.39890e+05   -4.29318e+05    3.01909e+02
 Pres. DC (bar) Pressure (bar)   Constr. rmsd
   -2.25320e+02   -1.17781e+02    2.98506e-06

           Step           Time
         125000      250.00000

   Energies (kJ/mol)
           Bond          Angle    Proper Dih. Ryckaert-Bell.          LJ-14
    1.49362e+03    3.83243e+03    2.38469e+02    1.78844e+03    2.57957e+03
     Coulomb-14        LJ (SR)  Disper. corr.   Coulomb (SR)   Coul. recip.
    7.70505e+03    9.38212e+04   -4.57716e+03   -6.33977e+05    2.94943e+03
      Potential    Kinetic En.   Total Energy  Conserved En.    Temperature
   -5.24145e+05    8.54585e+04   -4.38687e+05   -4.29118e+05    2.98970e+02
 Pres. DC (bar) Pressure (bar)   Constr. rmsd
   -2.27242e+02    1.48004e+02    2.80409e-06

           Step           Time
         130000      260.00000

   Energies (kJ/mol)
           Bond          Angle    Proper Dih. Ryckaert-Bell.          LJ-14
    1.50113e+03    4.01291e+03    2.59020e+02    1.71052e+03    2.63004e+03
     Coulomb-14        LJ (SR)  Disper. corr.   Coulomb (SR)   Coul. recip.
    7.71859e+03    9.34925e+04   -4.56911e+03   -6.35118e+05    2.83495e+03
      Potential    Kinetic En.   Total Energy  Conserved En.    Temperature
   -5.25527e+05    8.61570e+04   -4.39370e+05   -4.28869e+05    3.01414e+02
 Pres. DC (bar) Pressure (bar)   Constr. rmsd
   -2.26444e+02   -8.85397e+01    2.66228e-06

           Step           Time
         135000      270.00000

   Energies (kJ/mol)
           Bond          Angle    Proper Dih. Ryckaert-Bell.          LJ-14
    1.34983e+03    3.70520e+03    2.75584e+02    1.82808e+03    2.65856e+03
     Coulomb-14        LJ (SR)  Disper. corr.   Coulomb (SR)   Coul. recip.
    7.61628e+03    9.42645e+04   -4.56326e+03   -6.34044e+05    2.87122e+03
      Potential    Kinetic En.   Total Energy  Conserved En.    Temperature
   -5.24039e+05    8.55955e+04   -4.38443e+05   -4.28617e+05    2.99450e+02
 Pres. DC (bar) Pressure (bar)   Constr. rmsd
   -2.25866e+02    1.32779e+02    2.96088e-06

           Step           Time
         140000      280.00000

   Energies (kJ/mol)
           Bond          Angle    Proper Dih. Ryckaert-Bell.          LJ-14
    1.48323e+03    3.74201e+03    2.95520e+02    1.69078e+03    2.65794e+03
     Coulomb-14        LJ (SR)  Disper. corr.   Coulomb (SR)   Coul. recip.
    7.73223e+03    9.54090e+04   -4.58569e+03   -6.37236e+05    2.89420e+03
      Potential    Kinetic En.   Total Energy  Conserved En.    Temperature
   -5.25917e+05    8.61718e+04   -4.39745e+05   -4.28108e+05    3.01466e+02
 Pres. DC (bar) Pressure (bar)   Constr. rmsd
   -2.28088e+02    3.31172e+02    2.88895e-06

           Step           Time
         145000      290.00000

   Energies (kJ/mol)
           Bond          Angle    Proper Dih. Ryckaert-Bell.          LJ-14
    1.34726e+03    3.76319e+03    2.43604e+02    1.69379e+03    2.70611e+03
     Coulomb-14        LJ (SR)  Disper. corr.   Coulomb (SR)   Coul. recip.
    7.79069e+03    9.23042e+04   -4.55030e+03   -6.32866e+05    2.97653e+03
      Potential    Kinetic En.   Total Energy  Conserved En.    Temperature
   -5.24591e+05    8.51048e+04   -4.39486e+05   -4.27850e+05    2.97733e+02
 Pres. DC (bar) Pressure (bar)   Constr. rmsd
   -2.24585e+02   -9.57650e+01    3.23755e-06

           Step           Time
         150000      300.00000

   Energies (kJ/mol)
           Bond          Angle    Proper Dih. Ryckaert-Bell.          LJ-14
    1.59160e+03    3.84096e+03    2.43678e+02    1.65730e+03    2.61486e+03
     Coulomb-14        LJ (SR)  Disper. corr.   Coulomb (SR)   Coul. recip.
    7.65858e+03    9.33434e+04   -4.56247e+03   -6.33384e+05    2.96885e+03
      Potential    Kinetic En.   Total Energy  Conserved En.    Temperature
   -5.24027e+05    8.62267e+04   -4.37801e+05   -4.27657e+05    3.01658e+02
 Pres. DC (bar) Pressure (bar)   Constr. rmsd
   -2.25787e+02   -7.00770e+01    2.86508e-06

           Step           Time
         155000      310.00000

   Energies (kJ/mol)
           Bond          Angle    Proper Dih. Ryckaert-Bell.          LJ-14
    1.47602e+03    3.68333e+03    2.13716e+02    1.63472e+03    2.62754e+03
     Coulomb-14        LJ (SR)  Disper. corr.   Coulomb (SR)   Coul. recip.
    7.74242e+03    9.38075e+04   -4.60157e+03   -6.35341e+05    2.88302e+03
      Potential    Kinetic En.   Total Energy  Conserved En.    Temperature
   -5.25874e+05    8.56912e+04   -4.40183e+05   -4.27365e+05    2.99784e+02
 Pres. DC (bar) Pressure (bar)   Constr. rmsd
   -2.29669e+02    6.60682e+01    2.95576e-06

Writing checkpoint, step 157400 at Wed Jun  4 16:39:01 2025


           Step           Time
         160000      320.00000

   Energies (kJ/mol)
           Bond          Angle    Proper Dih. Ryckaert-Bell.          LJ-14
    1.55186e+03    3.83989e+03    2.61651e+02    1.62700e+03    2.61528e+03
     Coulomb-14        LJ (SR)  Disper. corr.   Coulomb (SR)   Coul. recip.
    7.69089e+03    9.31795e+04   -4.54766e+03   -6.34242e+05    2.99282e+03
      Potential    Kinetic En.   Total Energy  Conserved En.    Temperature
   -5.25031e+05    8.66501e+04   -4.38381e+05   -4.26674e+05    3.03139e+02
 Pres. DC (bar) Pressure (bar)   Constr. rmsd
   -2.24325e+02   -1.72697e+02    3.13157e-06

           Step           Time
         165000      330.00000

   Energies (kJ/mol)
           Bond          Angle    Proper Dih. Ryckaert-Bell.          LJ-14
    1.37278e+03    3.86302e+03    2.34874e+02    1.75596e+03    2.65839e+03
     Coulomb-14        LJ (SR)  Disper. corr.   Coulomb (SR)   Coul. recip.
    7.82087e+03    9.39004e+04   -4.56388e+03   -6.36975e+05    2.89284e+03
      Potential    Kinetic En.   Total Energy  Conserved En.    Temperature
   -5.27040e+05    8.55139e+04   -4.41526e+05   -4.26426e+05    2.99164e+02
 Pres. DC (bar) Pressure (bar)   Constr. rmsd
   -2.25927e+02   -6.29745e+01    3.07643e-06

           Step           Time
         170000      340.00000

   Energies (kJ/mol)
           Bond          Angle    Proper Dih. Ryckaert-Bell.          LJ-14
    1.41117e+03    3.83676e+03    2.10930e+02    1.68035e+03    2.62702e+03
     Coulomb-14        LJ (SR)  Disper. corr.   Coulomb (SR)   Coul. recip.
    7.69758e+03    9.33734e+04   -4.56196e+03   -6.34743e+05    2.86648e+03
      Potential    Kinetic En.   Total Energy  Conserved En.    Temperature
   -5.25602e+05    8.55342e+04   -4.40067e+05   -4.26142e+05    2.99235e+02
 Pres. DC (bar) Pressure (bar)   Constr. rmsd
   -2.25737e+02    3.08420e+01    2.95352e-06

           Step           Time
         175000      350.00000

   Energies (kJ/mol)
           Bond          Angle    Proper Dih. Ryckaert-Bell.          LJ-14
    1.40805e+03    3.76265e+03    2.77837e+02    1.70773e+03    2.81548e+03
     Coulomb-14        LJ (SR)  Disper. corr.   Coulomb (SR)   Coul. recip.
    7.90467e+03    9.46059e+04   -4.57151e+03   -6.35736e+05    2.95728e+03
      Potential    Kinetic En.   Total Energy  Conserved En.    Temperature
   -5.24868e+05    8.62469e+04   -4.38621e+05   -4.26005e+05    3.01728e+02
 Pres. DC (bar) Pressure (bar)   Constr. rmsd
   -2.26681e+02    2.69057e+02    2.83110e-06

           Step           Time
         180000      360.00000

   Energies (kJ/mol)
           Bond          Angle    Proper Dih. Ryckaert-Bell.          LJ-14
    1.42121e+03    3.86244e+03    2.25283e+02    1.70836e+03    2.67467e+03
     Coulomb-14        LJ (SR)  Disper. corr.   Coulomb (SR)   Coul. recip.
    7.74426e+03    9.41331e+04   -4.56328e+03   -6.36005e+05    2.97545e+03
      Potential    Kinetic En.   Total Energy  Conserved En.    Temperature
   -5.25823e+05    8.59494e+04   -4.39874e+05   -4.25537e+05    3.00688e+02
 Pres. DC (bar) Pressure (bar)   Constr. rmsd
   -2.25868e+02    5.36706e+01    2.90601e-06

           Step           Time
         185000      370.00000

   Energies (kJ/mol)
           Bond          Angle    Proper Dih. Ryckaert-Bell.          LJ-14
    1.41610e+03    3.67632e+03    2.33608e+02    1.74091e+03    2.65537e+03
     Coulomb-14        LJ (SR)  Disper. corr.   Coulomb (SR)   Coul. recip.
    7.73527e+03    9.25530e+04   -4.54441e+03   -6.32361e+05    3.01850e+03
      Potential    Kinetic En.   Total Energy  Conserved En.    Temperature
   -5.23877e+05    8.54678e+04   -4.38409e+05   -4.25339e+05    2.99003e+02
 Pres. DC (bar) Pressure (bar)   Constr. rmsd
   -2.24005e+02   -1.25116e+02    3.26755e-06

           Step           Time
         190000      380.00000

   Energies (kJ/mol)
           Bond          Angle    Proper Dih. Ryckaert-Bell.          LJ-14
    1.50903e+03    3.78842e+03    2.62891e+02    1.80148e+03    2.63447e+03
     Coulomb-14        LJ (SR)  Disper. corr.   Coulomb (SR)   Coul. recip.
    7.71253e+03    9.30739e+04   -4.54915e+03   -6.32325e+05    2.97285e+03
      Potential    Kinetic En.   Total Energy  Conserved En.    Temperature
   -5.23118e+05    8.65246e+04   -4.36594e+05   -4.24837e+05    3.02700e+02
 Pres. DC (bar) Pressure (bar)   Constr. rmsd
   -2.24472e+02    5.51782e+00    2.90537e-06

           Step           Time
         195000      390.00000

   Energies (kJ/mol)
           Bond          Angle    Proper Dih. Ryckaert-Bell.          LJ-14
    1.55347e+03    3.80873e+03    2.39796e+02    1.71812e+03    2.70643e+03
     Coulomb-14        LJ (SR)  Disper. corr.   Coulomb (SR)   Coul. recip.
    7.82148e+03    9.48010e+04   -4.56715e+03   -6.35856e+05    2.85656e+03
      Potential    Kinetic En.   Total Energy  Conserved En.    Temperature
   -5.24917e+05    8.64238e+04   -4.38494e+05   -4.24465e+05    3.02347e+02
 Pres. DC (bar) Pressure (bar)   Constr. rmsd
   -2.26250e+02    3.00143e+02    2.78378e-06

Writing checkpoint, step 199950 at Wed Jun  4 16:54:01 2025


           Step           Time
         200000      400.00000

   Energies (kJ/mol)
           Bond          Angle    Proper Dih. Ryckaert-Bell.          LJ-14
    1.50010e+03    3.82061e+03    2.57502e+02    1.73318e+03    2.64427e+03
     Coulomb-14        LJ (SR)  Disper. corr.   Coulomb (SR)   Coul. recip.
    7.70318e+03    9.52396e+04   -4.59193e+03   -6.36584e+05    2.88948e+03
      Potential    Kinetic En.   Total Energy  Conserved En.    Temperature
   -5.25388e+05    8.60809e+04   -4.39307e+05   -4.24123e+05    3.01147e+02
 Pres. DC (bar) Pressure (bar)   Constr. rmsd
   -2.28709e+02    3.75583e+02    3.16862e-06

           Step           Time
         205000      410.00000

   Energies (kJ/mol)
           Bond          Angle    Proper Dih. Ryckaert-Bell.          LJ-14
    1.44170e+03    3.76645e+03    2.05236e+02    1.76210e+03    2.63046e+03
     Coulomb-14        LJ (SR)  Disper. corr.   Coulomb (SR)   Coul. recip.
    7.82731e+03    9.40001e+04   -4.57275e+03   -6.36079e+05    2.95141e+03
      Potential    Kinetic En.   Total Energy  Conserved En.    Temperature
   -5.26067e+05    8.57114e+04   -4.40356e+05   -4.23346e+05    2.99855e+02
 Pres. DC (bar) Pressure (bar)   Constr. rmsd
   -2.26805e+02    2.33066e+01    2.96002e-06

           Step           Time
         210000      420.00000

   Energies (kJ/mol)
           Bond          Angle    Proper Dih. Ryckaert-Bell.          LJ-14
    1.48237e+03    3.84518e+03    2.70259e+02    1.79924e+03    2.63001e+03
     Coulomb-14        LJ (SR)  Disper. corr.   Coulomb (SR)   Coul. recip.
    7.75949e+03    9.23979e+04   -4.54560e+03   -6.32739e+05    2.98634e+03
      Potential    Kinetic En.   Total Energy  Conserved En.    Temperature
   -5.24114e+05    8.55108e+04   -4.38603e+05   -4.23035e+05    2.99153e+02
 Pres. DC (bar) Pressure (bar)   Constr. rmsd
   -2.24123e+02   -2.67020e+02    2.82077e-06

           Step           Time
         215000      430.00000

   Energies (kJ/mol)
           Bond          Angle    Proper Dih. Ryckaert-Bell.          LJ-14
    1.45657e+03    3.76551e+03    2.71722e+02    1.89969e+03    2.63140e+03
     Coulomb-14        LJ (SR)  Disper. corr.   Coulomb (SR)   Coul. recip.
    7.82178e+03    9.32703e+04   -4.54868e+03   -6.33925e+05    2.90195e+03
      Potential    Kinetic En.   Total Energy  Conserved En.    Temperature
   -5.24455e+05    8.54071e+04   -4.39048e+05   -4.22199e+05    2.98790e+02
 Pres. DC (bar) Pressure (bar)   Constr. rmsd
   -2.24426e+02   -1.37450e+02    3.03933e-06

           Step           Time
         220000      440.00000

   Energies (kJ/mol)
           Bond          Angle    Proper Dih. Ryckaert-Bell.          LJ-14
    1.47305e+03    3.72949e+03    2.74815e+02    1.71899e+03    2.66626e+03
     Coulomb-14        LJ (SR)  Disper. corr.   Coulomb (SR)   Coul. recip.
    7.88409e+03    9.57470e+04   -4.58959e+03   -6.36989e+05    2.93717e+03
      Potential    Kinetic En.   Total Energy  Conserved En.    Temperature
   -5.25148e+05    8.54051e+04   -4.39743e+05   -4.21911e+05    2.98783e+02
 Pres. DC (bar) Pressure (bar)   Constr. rmsd
   -2.28476e+02    4.32071e+02    2.78413e-06

           Step           Time
         225000      450.00000

   Energies (kJ/mol)
           Bond          Angle    Proper Dih. Ryckaert-Bell.          LJ-14
    1.50848e+03    3.80361e+03    2.17321e+02    1.76390e+03    2.62858e+03
     Coulomb-14        LJ (SR)  Disper. corr.   Coulomb (SR)   Coul. recip.
    7.76693e+03    9.18724e+04   -4.53996e+03   -6.31774e+05    3.00265e+03
      Potential    Kinetic En.   Total Energy  Conserved En.    Temperature
   -5.23750e+05    8.52105e+04   -4.38540e+05   -4.21615e+05    2.98103e+02
 Pres. DC (bar) Pressure (bar)   Constr. rmsd
   -2.23567e+02   -3.38426e+02    3.08146e-06

           Step           Time
         230000      460.00000

   Energies (kJ/mol)
           Bond          Angle    Proper Dih. Ryckaert-Bell.          LJ-14
    1.40856e+03    3.89671e+03    2.42301e+02    1.72125e+03    2.72106e+03
     Coulomb-14        LJ (SR)  Disper. corr.   Coulomb (SR)   Coul. recip.
    7.86339e+03    9.56168e+04   -4.56504e+03   -6.38403e+05    2.86522e+03
      Potential    Kinetic En.   Total Energy  Conserved En.    Temperature
   -5.26633e+05    8.64498e+04   -4.40183e+05   -4.21421e+05    3.02438e+02
 Pres. DC (bar) Pressure (bar)   Constr. rmsd
   -2.26041e+02    3.27320e+02    2.50341e-06

           Step           Time
         235000      470.00000

   Energies (kJ/mol)
           Bond          Angle    Proper Dih. Ryckaert-Bell.          LJ-14
    1.49501e+03    3.95316e+03    2.34810e+02    1.63421e+03    2.56681e+03
     Coulomb-14        LJ (SR)  Disper. corr.   Coulomb (SR)   Coul. recip.
    7.74716e+03    9.49647e+04   -4.54044e+03   -6.36285e+05    2.90098e+03
      Potential    Kinetic En.   Total Energy  Conserved En.    Temperature
   -5.25328e+05    8.58895e+04   -4.39439e+05   -4.21150e+05    3.00478e+02
 Pres. DC (bar) Pressure (bar)   Constr. rmsd
   -2.23614e+02    7.11435e+01    2.90211e-06

           Step           Time
         240000      480.00000

   Energies (kJ/mol)
           Bond          Angle    Proper Dih. Ryckaert-Bell.          LJ-14
    1.53210e+03    3.66765e+03    2.28486e+02    1.66032e+03    2.69029e+03
     Coulomb-14        LJ (SR)  Disper. corr.   Coulomb (SR)   Coul. recip.
    7.76514e+03    9.30390e+04   -4.52847e+03   -6.33960e+05    2.90222e+03
      Potential    Kinetic En.   Total Energy  Conserved En.    Temperature
   -5.25004e+05    8.64645e+04   -4.38539e+05   -4.20952e+05    3.02490e+02
 Pres. DC (bar) Pressure (bar)   Constr. rmsd
   -2.22438e+02    1.21764e+01    3.34080e-06

Writing checkpoint, step 243100 at Wed Jun  4 17:09:00 2025


           Step           Time
         245000      490.00000

   Energies (kJ/mol)
           Bond          Angle    Proper Dih. Ryckaert-Bell.          LJ-14
    1.57070e+03    3.89719e+03    2.31157e+02    1.71287e+03    2.57881e+03
     Coulomb-14        LJ (SR)  Disper. corr.   Coulomb (SR)   Coul. recip.
    7.60894e+03    9.39536e+04   -4.56007e+03   -6.33352e+05    2.95926e+03
      Potential    Kinetic En.   Total Energy  Conserved En.    Temperature
   -5.23399e+05    8.62178e+04   -4.37181e+05   -4.20654e+05    3.01627e+02
 Pres. DC (bar) Pressure (bar)   Constr. rmsd
   -2.25550e+02    1.17706e+02    2.75229e-06

           Step           Time
         250000      500.00000

   Energies (kJ/mol)
           Bond          Angle    Proper Dih. Ryckaert-Bell.          LJ-14
    1.52408e+03    3.87079e+03    2.40187e+02    1.75508e+03    2.71433e+03
     Coulomb-14        LJ (SR)  Disper. corr.   Coulomb (SR)   Coul. recip.
    7.73957e+03    9.39541e+04   -4.56191e+03   -6.34084e+05    2.94325e+03
      Potential    Kinetic En.   Total Energy  Conserved En.    Temperature
   -5.23905e+05    8.57514e+04   -4.38153e+05   -4.20091e+05    2.99995e+02
 Pres. DC (bar) Pressure (bar)   Constr. rmsd
   -2.25732e+02    2.41488e+02    3.29900e-06

           Step           Time
         255000      510.00000

   Energies (kJ/mol)
           Bond          Angle    Proper Dih. Ryckaert-Bell.          LJ-14
    1.48293e+03    3.73513e+03    2.57417e+02    1.70190e+03    2.70673e+03
     Coulomb-14        LJ (SR)  Disper. corr.   Coulomb (SR)   Coul. recip.
    7.78169e+03    9.39160e+04   -4.56942e+03   -6.35455e+05    2.86322e+03
      Potential    Kinetic En.   Total Energy  Conserved En.    Temperature
   -5.25579e+05    8.53181e+04   -4.40261e+05   -4.19774e+05    2.98479e+02
 Pres. DC (bar) Pressure (bar)   Constr. rmsd
   -2.26474e+02    1.15999e+02    3.63780e-06

           Step           Time
         260000      520.00000

   Energies (kJ/mol)
           Bond          Angle    Proper Dih. Ryckaert-Bell.          LJ-14
    1.47198e+03    3.79575e+03    2.21634e+02    1.75298e+03    2.62388e+03
     Coulomb-14        LJ (SR)  Disper. corr.   Coulomb (SR)   Coul. recip.
    7.82439e+03    9.19577e+04   -4.53450e+03   -6.32662e+05    2.95090e+03
      Potential    Kinetic En.   Total Energy  Conserved En.    Temperature
   -5.24598e+05    8.55366e+04   -4.39061e+05   -4.19112e+05    2.99243e+02
 Pres. DC (bar) Pressure (bar)   Constr. rmsd
   -2.23031e+02   -3.53661e+02    2.89733e-06

           Step           Time
         265000      530.00000

   Energies (kJ/mol)
           Bond          Angle    Proper Dih. Ryckaert-Bell.          LJ-14
    1.53524e+03    3.75632e+03    2.68986e+02    1.82436e+03    2.60060e+03
     Coulomb-14        LJ (SR)  Disper. corr.   Coulomb (SR)   Coul. recip.
    7.64674e+03    9.30945e+04   -4.53704e+03   -6.32912e+05    2.97521e+03
      Potential    Kinetic En.   Total Energy  Conserved En.    Temperature
   -5.23747e+05    8.49694e+04   -4.38778e+05   -4.18785e+05    2.97259e+02
 Pres. DC (bar) Pressure (bar)   Constr. rmsd
   -2.23281e+02   -1.38443e+02    2.79225e-06

           Step           Time
         270000      540.00000

   Energies (kJ/mol)
           Bond          Angle    Proper Dih. Ryckaert-Bell.          LJ-14
    1.46054e+03    3.80299e+03    2.80523e+02    1.78182e+03    2.64605e+03
     Coulomb-14        LJ (SR)  Disper. corr.   Coulomb (SR)   Coul. recip.
    7.88506e+03    9.27633e+04   -4.59750e+03   -6.34487e+05    2.91407e+03
      Potential    Kinetic En.   Total Energy  Conserved En.    Temperature
   -5.25550e+05    8.61589e+04   -4.39391e+05   -4.18191e+05    3.01420e+02
 Pres. DC (bar) Pressure (bar)   Constr. rmsd
   -2.29264e+02   -5.29797e+01    2.92469e-06

           Step           Time
         275000      550.00000

   Energies (kJ/mol)
           Bond          Angle    Proper Dih. Ryckaert-Bell.          LJ-14
    1.44883e+03    3.81862e+03    2.58960e+02    1.82114e+03    2.62970e+03
     Coulomb-14        LJ (SR)  Disper. corr.   Coulomb (SR)   Coul. recip.
    7.81730e+03    9.43082e+04   -4.57534e+03   -6.35525e+05    2.98708e+03
      Potential    Kinetic En.   Total Energy  Conserved En.    Temperature
   -5.25011e+05    8.62753e+04   -4.38735e+05   -4.17882e+05    3.01828e+02
 Pres. DC (bar) Pressure (bar)   Constr. rmsd
   -2.27061e+02    2.59273e+02    3.29479e-06

           Step           Time
         280000      560.00000

   Energies (kJ/mol)
           Bond          Angle    Proper Dih. Ryckaert-Bell.          LJ-14
    1.47339e+03    3.76514e+03    2.23081e+02    1.73516e+03    2.56581e+03
     Coulomb-14        LJ (SR)  Disper. corr.   Coulomb (SR)   Coul. recip.
    7.79629e+03    9.28055e+04   -4.56850e+03   -6.33356e+05    2.94579e+03
      Potential    Kinetic En.   Total Energy  Conserved En.    Temperature
   -5.24615e+05    8.56259e+04   -4.38989e+05   -4.17501e+05    2.99556e+02
 Pres. DC (bar) Pressure (bar)   Constr. rmsd
   -2.26383e+02   -4.12221e+01    3.25421e-06

           Step           Time
         285000      570.00000

   Energies (kJ/mol)
           Bond          Angle    Proper Dih. Ryckaert-Bell.          LJ-14
    1.54657e+03    3.74375e+03    2.38682e+02    1.77551e+03    2.58975e+03
     Coulomb-14        LJ (SR)  Disper. corr.   Coulomb (SR)   Coul. recip.
    7.80316e+03    9.36895e+04   -4.54700e+03   -6.34543e+05    2.88254e+03
      Potential    Kinetic En.   Total Energy  Conserved En.    Temperature
   -5.24820e+05    8.66513e+04   -4.38169e+05   -4.17273e+05    3.03143e+02
 Pres. DC (bar) Pressure (bar)   Constr. rmsd
   -2.24260e+02   -8.12254e+01    2.91558e-06

Writing checkpoint, step 288400 at Wed Jun  4 17:24:01 2025


           Step           Time
         290000      580.00000

   Energies (kJ/mol)
           Bond          Angle    Proper Dih. Ryckaert-Bell.          LJ-14
    1.49086e+03    3.61929e+03    2.71760e+02    1.77791e+03    2.64782e+03
     Coulomb-14        LJ (SR)  Disper. corr.   Coulomb (SR)   Coul. recip.
    7.69245e+03    9.35494e+04   -4.55983e+03   -6.35229e+05    2.89400e+03
      Potential    Kinetic En.   Total Energy  Conserved En.    Temperature
   -5.25845e+05    8.50533e+04   -4.40792e+05   -4.16953e+05    2.97553e+02
 Pres. DC (bar) Pressure (bar)   Constr. rmsd
   -2.25527e+02   -3.87414e+01    2.91823e-06

           Step           Time
         295000      590.00000

   Energies (kJ/mol)
           Bond          Angle    Proper Dih. Ryckaert-Bell.          LJ-14
    1.59864e+03    3.73502e+03    2.37264e+02    1.73137e+03    2.52052e+03
     Coulomb-14        LJ (SR)  Disper. corr.   Coulomb (SR)   Coul. recip.
    7.71196e+03    9.28411e+04   -4.54750e+03   -6.33202e+05    2.98649e+03
      Potential    Kinetic En.   Total Energy  Conserved En.    Temperature
   -5.24387e+05    8.54422e+04   -4.38945e+05   -4.16577e+05    2.98913e+02
 Pres. DC (bar) Pressure (bar)   Constr. rmsd
   -2.24309e+02   -2.90725e+02    2.96456e-06

           Step           Time
         300000      600.00000

   Energies (kJ/mol)
           Bond          Angle    Proper Dih. Ryckaert-Bell.          LJ-14
    1.53540e+03    3.94720e+03    2.66613e+02    1.81671e+03    2.63802e+03
     Coulomb-14        LJ (SR)  Disper. corr.   Coulomb (SR)   Coul. recip.
    7.90542e+03    9.21584e+04   -4.55225e+03   -6.31728e+05    2.91272e+03
      Potential    Kinetic En.   Total Energy  Conserved En.    Temperature
   -5.23099e+05    8.60361e+04   -4.37063e+05   -4.16314e+05    3.00991e+02
 Pres. DC (bar) Pressure (bar)   Constr. rmsd
   -2.24778e+02   -1.52466e+02    2.89338e-06

           Step           Time
         305000      610.00000

   Energies (kJ/mol)
           Bond          Angle    Proper Dih. Ryckaert-Bell.          LJ-14
    1.57794e+03    3.68339e+03    2.50054e+02    1.74901e+03    2.58882e+03
     Coulomb-14        LJ (SR)  Disper. corr.   Coulomb (SR)   Coul. recip.
    7.69784e+03    9.26015e+04   -4.53732e+03   -6.32467e+05    2.89245e+03
      Potential    Kinetic En.   Total Energy  Conserved En.    Temperature
   -5.23963e+05    8.57110e+04   -4.38252e+05   -4.16185e+05    2.99854e+02
 Pres. DC (bar) Pressure (bar)   Constr. rmsd
   -2.23307e+02   -3.04343e+02    3.05498e-06

           Step           Time
         310000      620.00000

   Energies (kJ/mol)
           Bond          Angle    Proper Dih. Ryckaert-Bell.          LJ-14
    1.54912e+03    4.02659e+03    2.54535e+02    1.76023e+03    2.57964e+03
     Coulomb-14        LJ (SR)  Disper. corr.   Coulomb (SR)   Coul. recip.
    7.82549e+03    9.46365e+04   -4.57741e+03   -6.36279e+05    2.92482e+03
      Potential    Kinetic En.   Total Energy  Conserved En.    Temperature
   -5.25300e+05    8.49713e+04   -4.40328e+05   -4.15762e+05    2.97266e+02
 Pres. DC (bar) Pressure (bar)   Constr. rmsd
   -2.27266e+02    8.08331e+01    2.69702e-06

           Step           Time
         315000      630.00000

   Energies (kJ/mol)
           Bond          Angle    Proper Dih. Ryckaert-Bell.          LJ-14
    1.40874e+03    3.57536e+03    2.34814e+02    1.84096e+03    2.64882e+03
     Coulomb-14        LJ (SR)  Disper. corr.   Coulomb (SR)   Coul. recip.
    7.69803e+03    9.59729e+04   -4.59823e+03   -6.36578e+05    2.87995e+03
      Potential    Kinetic En.   Total Energy  Conserved En.    Temperature
   -5.24917e+05    8.63734e+04   -4.38544e+05   -4.15281e+05    3.02171e+02
 Pres. DC (bar) Pressure (bar)   Constr. rmsd
   -2.29336e+02    6.27444e+02    3.04954e-06

           Step           Time
         320000      640.00000

   Energies (kJ/mol)
           Bond          Angle    Proper Dih. Ryckaert-Bell.          LJ-14
    1.40671e+03    3.75362e+03    2.50489e+02    1.74515e+03    2.62311e+03
     Coulomb-14        LJ (SR)  Disper. corr.   Coulomb (SR)   Coul. recip.
    7.85269e+03    9.31595e+04   -4.54636e+03   -6.33659e+05    2.96130e+03
      Potential    Kinetic En.   Total Energy  Conserved En.    Temperature
   -5.24452e+05    8.60726e+04   -4.38380e+05   -4.15035e+05    3.01118e+02
 Pres. DC (bar) Pressure (bar)   Constr. rmsd
   -2.24198e+02   -6.33874e+01    2.76381e-06

           Step           Time
         325000      650.00000

   Energies (kJ/mol)
           Bond          Angle    Proper Dih. Ryckaert-Bell.          LJ-14
    1.47270e+03    3.66256e+03    2.66019e+02    1.82084e+03    2.75817e+03
     Coulomb-14        LJ (SR)  Disper. corr.   Coulomb (SR)   Coul. recip.
    7.87378e+03    9.31673e+04   -4.55384e+03   -6.33846e+05    2.85343e+03
      Potential    Kinetic En.   Total Energy  Conserved En.    Temperature
   -5.24525e+05    8.51760e+04   -4.39349e+05   -4.14885e+05    2.97982e+02
 Pres. DC (bar) Pressure (bar)   Constr. rmsd
   -2.24935e+02   -2.78979e+01    2.94835e-06

           Step           Time
         330000      660.00000

   Energies (kJ/mol)
           Bond          Angle    Proper Dih. Ryckaert-Bell.          LJ-14
    1.45587e+03    3.60448e+03    2.21172e+02    1.77465e+03    2.70259e+03
     Coulomb-14        LJ (SR)  Disper. corr.   Coulomb (SR)   Coul. recip.
    7.82697e+03    9.31292e+04   -4.55192e+03   -6.35191e+05    2.92912e+03
      Potential    Kinetic En.   Total Energy  Conserved En.    Temperature
   -5.26098e+05    8.57083e+04   -4.40390e+05   -4.14666e+05    2.99844e+02
 Pres. DC (bar) Pressure (bar)   Constr. rmsd
   -2.24745e+02   -8.65126e+01    2.68539e-06

Writing checkpoint, step 334000 at Wed Jun  4 17:39:00 2025


           Step           Time
         335000      670.00000

   Energies (kJ/mol)
           Bond          Angle    Proper Dih. Ryckaert-Bell.          LJ-14
    1.30952e+03    3.86707e+03    2.36387e+02    1.79444e+03    2.71138e+03
     Coulomb-14        LJ (SR)  Disper. corr.   Coulomb (SR)   Coul. recip.
    7.73879e+03    9.33913e+04   -4.58422e+03   -6.34886e+05    2.87322e+03
      Potential    Kinetic En.   Total Energy  Conserved En.    Temperature
   -5.25548e+05    8.57741e+04   -4.39774e+05   -4.14474e+05    3.00074e+02
 Pres. DC (bar) Pressure (bar)   Constr. rmsd
   -2.27942e+02    1.27887e+02    2.66080e-06

           Step           Time
         340000      680.00000

   Energies (kJ/mol)
           Bond          Angle    Proper Dih. Ryckaert-Bell.          LJ-14
    1.40535e+03    3.62979e+03    2.65449e+02    1.73064e+03    2.58346e+03
     Coulomb-14        LJ (SR)  Disper. corr.   Coulomb (SR)   Coul. recip.
    7.75985e+03    9.31857e+04   -4.57839e+03   -6.34689e+05    2.91879e+03
      Potential    Kinetic En.   Total Energy  Conserved En.    Temperature
   -5.25788e+05    8.48328e+04   -4.40955e+05   -4.14015e+05    2.96781e+02
 Pres. DC (bar) Pressure (bar)   Constr. rmsd
   -2.27364e+02   -2.37399e+02    2.85883e-06

           Step           Time
         345000      690.00000

   Energies (kJ/mol)
           Bond          Angle    Proper Dih. Ryckaert-Bell.          LJ-14
    1.53245e+03    3.68667e+03    2.87288e+02    1.73217e+03    2.66722e+03
     Coulomb-14        LJ (SR)  Disper. corr.   Coulomb (SR)   Coul. recip.
    7.81820e+03    9.51529e+04   -4.59499e+03   -6.35956e+05    2.88935e+03
      Potential    Kinetic En.   Total Energy  Conserved En.    Temperature
   -5.24785e+05    8.58790e+04   -4.38906e+05   -4.13727e+05    3.00441e+02
 Pres. DC (bar) Pressure (bar)   Constr. rmsd
   -2.29013e+02    2.16042e+02    3.31622e-06

           Step           Time
         350000      700.00000

   Energies (kJ/mol)
           Bond          Angle    Proper Dih. Ryckaert-Bell.          LJ-14
    1.48815e+03    3.91055e+03    2.27574e+02    1.68468e+03    2.62057e+03
     Coulomb-14        LJ (SR)  Disper. corr.   Coulomb (SR)   Coul. recip.
    7.76605e+03    9.33605e+04   -4.53354e+03   -6.33965e+05    2.93909e+03
      Potential    Kinetic En.   Total Energy  Conserved En.    Temperature
   -5.24502e+05    8.55756e+04   -4.38926e+05   -4.13490e+05    2.99380e+02
 Pres. DC (bar) Pressure (bar)   Constr. rmsd
   -2.22936e+02   -2.05266e+02    3.03741e-06

           Step           Time
         355000      710.00000

   Energies (kJ/mol)
           Bond          Angle    Proper Dih. Ryckaert-Bell.          LJ-14
    1.49493e+03    3.71659e+03    1.99832e+02    1.75011e+03    2.65088e+03
     Coulomb-14        LJ (SR)  Disper. corr.   Coulomb (SR)   Coul. recip.
    7.88261e+03    9.47432e+04   -4.55916e+03   -6.36557e+05    2.92253e+03
      Potential    Kinetic En.   Total Energy  Conserved En.    Temperature
   -5.25756e+05    8.58623e+04   -4.39893e+05   -4.12959e+05    3.00383e+02
 Pres. DC (bar) Pressure (bar)   Constr. rmsd
   -2.25460e+02    1.33480e+02    2.63017e-06

           Step           Time
         360000      720.00000

   Energies (kJ/mol)
           Bond          Angle    Proper Dih. Ryckaert-Bell.          LJ-14
    1.40308e+03    3.73654e+03    2.39504e+02    1.74017e+03    2.77636e+03
     Coulomb-14        LJ (SR)  Disper. corr.   Coulomb (SR)   Coul. recip.
    7.74313e+03    9.31184e+04   -4.56500e+03   -6.32798e+05    2.98967e+03
      Potential    Kinetic En.   Total Energy  Conserved En.    Temperature
   -5.23616e+05    8.53594e+04   -4.38257e+05   -4.12567e+05    2.98623e+02
 Pres. DC (bar) Pressure (bar)   Constr. rmsd
   -2.26037e+02    9.39813e+01    2.47799e-06

           Step           Time
         365000      730.00000

   Energies (kJ/mol)
           Bond          Angle    Proper Dih. Ryckaert-Bell.          LJ-14
    1.63756e+03    3.74454e+03    2.65765e+02    1.79176e+03    2.66575e+03
     Coulomb-14        LJ (SR)  Disper. corr.   Coulomb (SR)   Coul. recip.
    7.86870e+03    9.38385e+04   -4.58535e+03   -6.35345e+05    2.99372e+03
      Potential    Kinetic En.   Total Energy  Conserved En.    Temperature
   -5.25124e+05    8.56768e+04   -4.39447e+05   -4.12033e+05    2.99734e+02
 Pres. DC (bar) Pressure (bar)   Constr. rmsd
   -2.28054e+02   -8.51277e+01    2.96801e-06

           Step           Time
         370000      740.00000

   Energies (kJ/mol)
           Bond          Angle    Proper Dih. Ryckaert-Bell.          LJ-14
    1.48543e+03    3.75404e+03    2.62361e+02    1.80834e+03    2.62002e+03
     Coulomb-14        LJ (SR)  Disper. corr.   Coulomb (SR)   Coul. recip.
    7.83041e+03    9.38268e+04   -4.56474e+03   -6.34960e+05    2.91289e+03
      Potential    Kinetic En.   Total Energy  Conserved En.    Temperature
   -5.25024e+05    8.62000e+04   -4.38824e+05   -4.11603e+05    3.01564e+02
 Pres. DC (bar) Pressure (bar)   Constr. rmsd
   -2.26011e+02   -3.70315e+01    3.14456e-06

           Step           Time
         375000      750.00000

   Energies (kJ/mol)
           Bond          Angle    Proper Dih. Ryckaert-Bell.          LJ-14
    1.48830e+03    3.67358e+03    2.70864e+02    1.69136e+03    2.62500e+03
     Coulomb-14        LJ (SR)  Disper. corr.   Coulomb (SR)   Coul. recip.
    7.65233e+03    9.39468e+04   -4.58568e+03   -6.35215e+05    2.92872e+03
      Potential    Kinetic En.   Total Energy  Conserved En.    Temperature
   -5.25524e+05    8.57522e+04   -4.39771e+05   -4.11362e+05    2.99998e+02
 Pres. DC (bar) Pressure (bar)   Constr. rmsd
   -2.28087e+02    9.41279e+01    2.92354e-06

Writing checkpoint, step 379550 at Wed Jun  4 17:54:00 2025


           Step           Time
         380000      760.00000

   Energies (kJ/mol)
           Bond          Angle    Proper Dih. Ryckaert-Bell.          LJ-14
    1.43296e+03    3.78909e+03    2.27163e+02    1.67730e+03    2.62144e+03
     Coulomb-14        LJ (SR)  Disper. corr.   Coulomb (SR)   Coul. recip.
    7.75811e+03    9.26885e+04   -4.54414e+03   -6.33203e+05    2.94842e+03
      Potential    Kinetic En.   Total Energy  Conserved En.    Temperature
   -5.24604e+05    8.57697e+04   -4.38834e+05   -4.10988e+05    3.00059e+02
 Pres. DC (bar) Pressure (bar)   Constr. rmsd
   -2.23979e+02   -2.19049e+02    2.64163e-06

           Step           Time
         385000      770.00000

   Energies (kJ/mol)
           Bond          Angle    Proper Dih. Ryckaert-Bell.          LJ-14
    1.41682e+03    3.87670e+03    2.52480e+02    1.73120e+03    2.65174e+03
     Coulomb-14        LJ (SR)  Disper. corr.   Coulomb (SR)   Coul. recip.
    7.80958e+03    9.34465e+04   -4.56294e+03   -6.33610e+05    2.90313e+03
      Potential    Kinetic En.   Total Energy  Conserved En.    Temperature
   -5.24085e+05    8.54399e+04   -4.38645e+05   -4.10633e+05    2.98905e+02
 Pres. DC (bar) Pressure (bar)   Constr. rmsd
   -2.25833e+02    4.41980e+01    2.88747e-06

           Step           Time
         390000      780.00000

   Energies (kJ/mol)
           Bond          Angle    Proper Dih. Ryckaert-Bell.          LJ-14
    1.43275e+03    3.73899e+03    2.30251e+02    1.81278e+03    2.59905e+03
     Coulomb-14        LJ (SR)  Disper. corr.   Coulomb (SR)   Coul. recip.
    7.68082e+03    9.39268e+04   -4.56850e+03   -6.35700e+05    2.89277e+03
      Potential    Kinetic En.   Total Energy  Conserved En.    Temperature
   -5.25955e+05    8.58702e+04   -4.40084e+05   -4.10349e+05    3.00411e+02
 Pres. DC (bar) Pressure (bar)   Constr. rmsd
   -2.26384e+02   -1.17825e+01    2.81877e-06

           Step           Time
         395000      790.00000

   Energies (kJ/mol)
           Bond          Angle    Proper Dih. Ryckaert-Bell.          LJ-14
    1.40782e+03    3.65617e+03    2.19961e+02    1.72828e+03    2.66443e+03
     Coulomb-14        LJ (SR)  Disper. corr.   Coulomb (SR)   Coul. recip.
    7.73498e+03    9.26308e+04   -4.56870e+03   -6.34744e+05    2.89490e+03
      Potential    Kinetic En.   Total Energy  Conserved En.    Temperature
   -5.26375e+05    8.54447e+04   -4.40931e+05   -4.10108e+05    2.98922e+02
 Pres. DC (bar) Pressure (bar)   Constr. rmsd
   -2.26404e+02   -1.78147e+02    2.92123e-06

           Step           Time
         400000      800.00000

   Energies (kJ/mol)
           Bond          Angle    Proper Dih. Ryckaert-Bell.          LJ-14
    1.56482e+03    3.72642e+03    2.80104e+02    1.74675e+03    2.72255e+03
     Coulomb-14        LJ (SR)  Disper. corr.   Coulomb (SR)   Coul. recip.
    7.79016e+03    9.12736e+04   -4.52783e+03   -6.31258e+05    2.97027e+03
      Potential    Kinetic En.   Total Energy  Conserved En.    Temperature
   -5.23711e+05    8.63423e+04   -4.37369e+05   -4.09658e+05    3.02062e+02
 Pres. DC (bar) Pressure (bar)   Constr. rmsd
   -2.22376e+02   -3.80265e+02    2.92741e-06

           Step           Time
         405000      810.00000

   Energies (kJ/mol)
           Bond          Angle    Proper Dih. Ryckaert-Bell.          LJ-14
    1.54604e+03    3.67345e+03    2.09552e+02    1.84290e+03    2.67492e+03
     Coulomb-14        LJ (SR)  Disper. corr.   Coulomb (SR)   Coul. recip.
    7.82980e+03    9.36835e+04   -4.57274e+03   -6.33925e+05    2.99261e+03
      Potential    Kinetic En.   Total Energy  Conserved En.    Temperature
   -5.24045e+05    8.58926e+04   -4.38152e+05   -4.09454e+05    3.00489e+02
 Pres. DC (bar) Pressure (bar)   Constr. rmsd
   -2.26803e+02    5.85215e+01    2.98349e-06

           Step           Time
         410000      820.00000

   Energies (kJ/mol)
           Bond          Angle    Proper Dih. Ryckaert-Bell.          LJ-14
    1.50436e+03    3.76841e+03    2.61639e+02    1.65494e+03    2.61925e+03
     Coulomb-14        LJ (SR)  Disper. corr.   Coulomb (SR)   Coul. recip.
    7.79695e+03    9.37045e+04   -4.59358e+03   -6.35660e+05    2.86085e+03
      Potential    Kinetic En.   Total Energy  Conserved En.    Temperature
   -5.26083e+05    8.54136e+04   -4.40669e+05   -4.09023e+05    2.98813e+02
 Pres. DC (bar) Pressure (bar)   Constr. rmsd
   -2.28873e+02    6.71507e+01    2.98049e-06

           Step           Time
         415000      830.00000

   Energies (kJ/mol)
           Bond          Angle    Proper Dih. Ryckaert-Bell.          LJ-14
    1.35123e+03    3.91264e+03    2.48440e+02    1.74556e+03    2.72251e+03
     Coulomb-14        LJ (SR)  Disper. corr.   Coulomb (SR)   Coul. recip.
    7.82011e+03    9.42513e+04   -4.54697e+03   -6.35118e+05    3.00486e+03
      Potential    Kinetic En.   Total Energy  Conserved En.    Temperature
   -5.24608e+05    8.47805e+04   -4.39828e+05   -4.08683e+05    2.96598e+02
 Pres. DC (bar) Pressure (bar)   Constr. rmsd
   -2.24257e+02    1.93735e+02    2.85800e-06

           Step           Time
         420000      840.00000

   Energies (kJ/mol)
           Bond          Angle    Proper Dih. Ryckaert-Bell.          LJ-14
    1.53072e+03    3.96252e+03    2.25835e+02    1.71903e+03    2.63207e+03
     Coulomb-14        LJ (SR)  Disper. corr.   Coulomb (SR)   Coul. recip.
    7.78232e+03    9.40525e+04   -4.56527e+03   -6.34529e+05    2.91952e+03
      Potential    Kinetic En.   Total Energy  Conserved En.    Temperature
   -5.24270e+05    8.52369e+04   -4.39033e+05   -4.08410e+05    2.98195e+02
 Pres. DC (bar) Pressure (bar)   Constr. rmsd
   -2.26064e+02    9.64044e+01    2.69790e-06

           Step           Time
         425000      850.00000

Writing checkpoint, step 425000 at Wed Jun  4 18:09:00 2025


   Energies (kJ/mol)
           Bond          Angle    Proper Dih. Ryckaert-Bell.          LJ-14
    1.46472e+03    3.68111e+03    2.87923e+02    1.70045e+03    2.70740e+03
     Coulomb-14        LJ (SR)  Disper. corr.   Coulomb (SR)   Coul. recip.
    7.80045e+03    9.30780e+04   -4.56631e+03   -6.33866e+05    2.84081e+03
      Potential    Kinetic En.   Total Energy  Conserved En.    Temperature
   -5.24872e+05    8.60208e+04   -4.38851e+05   -4.08022e+05    3.00937e+02
 Pres. DC (bar) Pressure (bar)   Constr. rmsd
   -2.26167e+02   -5.45088e+01    2.70456e-06

           Step           Time
         430000      860.00000

   Energies (kJ/mol)
           Bond          Angle    Proper Dih. Ryckaert-Bell.          LJ-14
    1.42434e+03    3.97786e+03    2.69500e+02    1.92347e+03    2.57745e+03
     Coulomb-14        LJ (SR)  Disper. corr.   Coulomb (SR)   Coul. recip.
    7.77277e+03    9.36555e+04   -4.55438e+03   -6.34632e+05    2.96886e+03
      Potential    Kinetic En.   Total Energy  Conserved En.    Temperature
   -5.24617e+05    8.57338e+04   -4.38883e+05   -4.07476e+05    2.99933e+02
 Pres. DC (bar) Pressure (bar)   Constr. rmsd
   -2.24988e+02   -6.75991e+01    2.87306e-06

           Step           Time
         435000      870.00000

   Energies (kJ/mol)
           Bond          Angle    Proper Dih. Ryckaert-Bell.          LJ-14
    1.37203e+03    3.81233e+03    2.94593e+02    1.66779e+03    2.66807e+03
     Coulomb-14        LJ (SR)  Disper. corr.   Coulomb (SR)   Coul. recip.
    7.76744e+03    9.40387e+04   -4.56932e+03   -6.35588e+05    2.93019e+03
      Potential    Kinetic En.   Total Energy  Conserved En.    Temperature
   -5.25606e+05    8.60319e+04   -4.39575e+05   -4.07055e+05    3.00976e+02
 Pres. DC (bar) Pressure (bar)   Constr. rmsd
   -2.26465e+02    2.07335e+02    2.70910e-06

           Step           Time
         440000      880.00000

   Energies (kJ/mol)
           Bond          Angle    Proper Dih. Ryckaert-Bell.          LJ-14
    1.40468e+03    3.76025e+03    2.87072e+02    1.75084e+03    2.65792e+03
     Coulomb-14        LJ (SR)  Disper. corr.   Coulomb (SR)   Coul. recip.
    7.74033e+03    9.36783e+04   -4.54372e+03   -6.35010e+05    2.93316e+03
      Potential    Kinetic En.   Total Energy  Conserved En.    Temperature
   -5.25341e+05    8.55005e+04   -4.39841e+05   -4.06658e+05    2.99117e+02
 Pres. DC (bar) Pressure (bar)   Constr. rmsd
   -2.23937e+02   -9.51961e+00    3.27137e-06

           Step           Time
         445000      890.00000

   Energies (kJ/mol)
           Bond          Angle    Proper Dih. Ryckaert-Bell.          LJ-14
    1.52238e+03    3.82198e+03    2.39112e+02    1.78798e+03    2.68875e+03
     Coulomb-14        LJ (SR)  Disper. corr.   Coulomb (SR)   Coul. recip.
    7.80836e+03    9.46613e+04   -4.60461e+03   -6.35502e+05    2.92050e+03
      Potential    Kinetic En.   Total Energy  Conserved En.    Temperature
   -5.24656e+05    8.62760e+04   -4.38380e+05   -4.06224e+05    3.01830e+02
 Pres. DC (bar) Pressure (bar)   Constr. rmsd
   -2.29972e+02    3.58787e+02    2.58498e-06

           Step           Time
         450000      900.00000

   Energies (kJ/mol)
           Bond          Angle    Proper Dih. Ryckaert-Bell.          LJ-14
    1.40183e+03    3.89268e+03    2.55428e+02    1.80006e+03    2.65026e+03
     Coulomb-14        LJ (SR)  Disper. corr.   Coulomb (SR)   Coul. recip.
    7.83210e+03    9.45222e+04   -4.52615e+03   -6.36321e+05    2.87510e+03
      Potential    Kinetic En.   Total Energy  Conserved En.    Temperature
   -5.25617e+05    8.56287e+04   -4.39988e+05   -4.05807e+05    2.99566e+02
 Pres. DC (bar) Pressure (bar)   Constr. rmsd
   -2.22211e+02    8.39259e+01    2.52644e-06

           Step           Time
         455000      910.00000

   Energies (kJ/mol)
           Bond          Angle    Proper Dih. Ryckaert-Bell.          LJ-14
    1.44785e+03    3.74569e+03    2.70556e+02    1.80568e+03    2.71035e+03
     Coulomb-14        LJ (SR)  Disper. corr.   Coulomb (SR)   Coul. recip.
    7.83080e+03    9.27509e+04   -4.57713e+03   -6.33336e+05    2.98582e+03
      Potential    Kinetic En.   Total Energy  Conserved En.    Temperature
   -5.24366e+05    8.55318e+04   -4.38834e+05   -4.05265e+05    2.99226e+02
 Pres. DC (bar) Pressure (bar)   Constr. rmsd
   -2.27239e+02   -4.62842e+01    2.92953e-06

           Step           Time
         460000      920.00000

   Energies (kJ/mol)
           Bond          Angle    Proper Dih. Ryckaert-Bell.          LJ-14
    1.37366e+03    3.91891e+03    2.72989e+02    1.85309e+03    2.63330e+03
     Coulomb-14        LJ (SR)  Disper. corr.   Coulomb (SR)   Coul. recip.
    7.76577e+03    9.36430e+04   -4.52057e+03   -6.33615e+05    2.96511e+03
      Potential    Kinetic En.   Total Energy  Conserved En.    Temperature
   -5.23710e+05    8.70341e+04   -4.36675e+05   -4.04705e+05    3.04482e+02
 Pres. DC (bar) Pressure (bar)   Constr. rmsd
   -2.21664e+02    2.41381e+01    2.99535e-06

           Step           Time
         465000      930.00000

   Energies (kJ/mol)
           Bond          Angle    Proper Dih. Ryckaert-Bell.          LJ-14
    1.46624e+03    3.65170e+03    2.37543e+02    1.81236e+03    2.70170e+03
     Coulomb-14        LJ (SR)  Disper. corr.   Coulomb (SR)   Coul. recip.
    7.84647e+03    9.55475e+04   -4.54823e+03   -6.36024e+05    2.94184e+03
      Potential    Kinetic En.   Total Energy  Conserved En.    Temperature
   -5.24367e+05    8.57004e+04   -4.38667e+05   -4.04448e+05    2.99816e+02
 Pres. DC (bar) Pressure (bar)   Constr. rmsd
   -2.24382e+02    2.94878e+02    2.90856e-06

           Step           Time
         470000      940.00000

   Energies (kJ/mol)
           Bond          Angle    Proper Dih. Ryckaert-Bell.          LJ-14
    1.51368e+03    3.75642e+03    2.64120e+02    1.74494e+03    2.58533e+03
     Coulomb-14        LJ (SR)  Disper. corr.   Coulomb (SR)   Coul. recip.
    7.77178e+03    9.20248e+04   -4.55219e+03   -6.32352e+05    2.94120e+03
      Potential    Kinetic En.   Total Energy  Conserved En.    Temperature
   -5.24302e+05    8.53319e+04   -4.38970e+05   -4.04154e+05    2.98527e+02
 Pres. DC (bar) Pressure (bar)   Constr. rmsd
   -2.24772e+02   -3.03577e+02    2.56562e-06

Writing checkpoint, step 470450 at Wed Jun  4 18:24:00 2025


           Step           Time
         475000      950.00000

   Energies (kJ/mol)
           Bond          Angle    Proper Dih. Ryckaert-Bell.          LJ-14
    1.37799e+03    3.71999e+03    2.81480e+02    1.78268e+03    2.63770e+03
     Coulomb-14        LJ (SR)  Disper. corr.   Coulomb (SR)   Coul. recip.
    7.70853e+03    9.39637e+04   -4.54323e+03   -6.35618e+05    2.94503e+03
      Potential    Kinetic En.   Total Energy  Conserved En.    Temperature
   -5.25744e+05    8.50021e+04   -4.40742e+05   -4.03834e+05    2.97373e+02
 Pres. DC (bar) Pressure (bar)   Constr. rmsd
   -2.23889e+02   -8.28899e+01    2.78698e-06

           Step           Time
         480000      960.00000

   Energies (kJ/mol)
           Bond          Angle    Proper Dih. Ryckaert-Bell.          LJ-14
    1.37170e+03    3.85846e+03    3.12314e+02    1.75255e+03    2.58998e+03
     Coulomb-14        LJ (SR)  Disper. corr.   Coulomb (SR)   Coul. recip.
    7.73814e+03    9.46714e+04   -4.57189e+03   -6.36106e+05    2.82382e+03
      Potential    Kinetic En.   Total Energy  Conserved En.    Temperature
   -5.25560e+05    8.53500e+04   -4.40210e+05   -4.03445e+05    2.98591e+02
 Pres. DC (bar) Pressure (bar)   Constr. rmsd
   -2.26720e+02    9.38457e+01    2.61696e-06

           Step           Time
         485000      970.00000

   Energies (kJ/mol)
           Bond          Angle    Proper Dih. Ryckaert-Bell.          LJ-14
    1.55445e+03    3.85105e+03    2.41429e+02    1.89977e+03    2.62039e+03
     Coulomb-14        LJ (SR)  Disper. corr.   Coulomb (SR)   Coul. recip.
    7.71312e+03    9.37106e+04   -4.56413e+03   -6.34590e+05    3.00209e+03
      Potential    Kinetic En.   Total Energy  Conserved En.    Temperature
   -5.24561e+05    8.64269e+04   -4.38135e+05   -4.02672e+05    3.02358e+02
 Pres. DC (bar) Pressure (bar)   Constr. rmsd
   -2.25951e+02    2.41928e+01    3.10632e-06

           Step           Time
         490000      980.00000

   Energies (kJ/mol)
           Bond          Angle    Proper Dih. Ryckaert-Bell.          LJ-14
    1.44554e+03    3.76006e+03    2.45900e+02    1.81600e+03    2.72367e+03
     Coulomb-14        LJ (SR)  Disper. corr.   Coulomb (SR)   Coul. recip.
    7.82372e+03    9.44246e+04   -4.55907e+03   -6.36276e+05    2.98997e+03
      Potential    Kinetic En.   Total Energy  Conserved En.    Temperature
   -5.25606e+05    8.60113e+04   -4.39595e+05   -4.02268e+05    3.00904e+02
 Pres. DC (bar) Pressure (bar)   Constr. rmsd
   -2.25451e+02    1.17966e+02    2.92881e-06

           Step           Time
         495000      990.00000

   Energies (kJ/mol)
           Bond          Angle    Proper Dih. Ryckaert-Bell.          LJ-14
    1.48411e+03    3.70411e+03    2.29925e+02    1.80228e+03    2.66322e+03
     Coulomb-14        LJ (SR)  Disper. corr.   Coulomb (SR)   Coul. recip.
    7.82113e+03    9.39540e+04   -4.55328e+03   -6.33596e+05    2.96058e+03
      Potential    Kinetic En.   Total Energy  Conserved En.    Temperature
   -5.23530e+05    8.52205e+04   -4.38309e+05   -4.01614e+05    2.98137e+02
 Pres. DC (bar) Pressure (bar)   Constr. rmsd
   -2.24880e+02    1.46894e+02    3.24504e-06

           Step           Time
         500000     1000.00000

Writing checkpoint, step 500000 at Wed Jun  4 18:34:13 2025


   Energies (kJ/mol)
           Bond          Angle    Proper Dih. Ryckaert-Bell.          LJ-14
    1.44156e+03    3.67228e+03    2.36692e+02    1.71193e+03    2.58688e+03
     Coulomb-14        LJ (SR)  Disper. corr.   Coulomb (SR)   Coul. recip.
    7.65499e+03    9.45079e+04   -4.59125e+03   -6.36204e+05    2.91266e+03
      Potential    Kinetic En.   Total Energy  Conserved En.    Temperature
   -5.26070e+05    8.54855e+04   -4.40584e+05   -4.01482e+05    2.99065e+02
 Pres. DC (bar) Pressure (bar)   Constr. rmsd
   -2.28641e+02    2.03774e+02    3.20629e-06


Energy conservation over simulation part #1 of length 1000 ps, time 0 to 1000 ps
  Conserved energy drift: 1.12e-03 kJ/mol/ps per atom


	<======  ###############  ==>
	<====  A V E R A G E S  ====>
	<==  ###############  ======>

	Statistics over 500001 steps using 5001 frames

   Energies (kJ/mol)
           Bond          Angle    Proper Dih. Ryckaert-Bell.          LJ-14
    1.46986e+03    3.77963e+03    2.47526e+02    1.76043e+03    2.65177e+03
     Coulomb-14        LJ (SR)  Disper. corr.   Coulomb (SR)   Coul. recip.
    7.77652e+03    9.36267e+04   -4.55843e+03   -6.34615e+05    2.93711e+03
      Potential    Kinetic En.   Total Energy  Conserved En.    Temperature
   -5.24924e+05    8.57415e+04   -4.39183e+05   -4.20317e+05    2.99960e+02
 Pres. DC (bar) Pressure (bar)   Constr. rmsd
   -2.25392e+02    1.04109e+00    0.00000e+00

          Box-X          Box-Y          Box-Z
    6.95374e+00    6.95374e+00    6.95374e+00

   Total Virial (kJ/mol)
    2.85984e+04    1.39939e+01   -1.26665e+01
    1.40197e+01    2.85833e+04   -3.18810e+01
   -1.27025e+01   -3.19044e+01    2.85469e+04

   Pressure (bar)
    7.70608e-01   -1.78742e+00    2.17483e+00
   -1.78997e+00   -1.98379e-01    5.58104e-01
    2.17838e+00    5.60420e-01    2.55105e+00

      T-Protein  T-non-Protein
    2.99963e+02    2.99960e+02


	M E G A - F L O P S   A C C O U N T I N G

 NB=Group-cutoff nonbonded kernels    NxN=N-by-N cluster Verlet kernels
 RF=Reaction-Field  VdW=Van der Waals  QSTab=quadratic-spline table
 W3=SPC/TIP3p  W4=TIP4p (single or pairs)
 V&F=Potential and force  V=Potential only  F=Force only

 Computing:                               M-Number         M-Flops  % Flops
-----------------------------------------------------------------------------
 Pair Search distance check          121548.707862     1093938.371     0.2
 NxN Ewald Elec. + LJ [F]           4486550.570336   296112337.642    51.3
 NxN Ewald Elec. + LJ [V&F]           45328.704072     4850171.336     0.8
 NxN Ewald Elec. [F]                4028303.401808   245726507.510    42.5
 NxN Ewald Elec. [V&F]                40698.669352     3418688.226     0.6
 1,4 nonbonded interactions            2553.005106      229770.460     0.0
 Calc Weights                         50814.101628     1829307.659     0.3
 Spread Q Bspline                   1084034.168064     2168068.336     0.4
 Gather F Bspline                   1084034.168064     6504205.008     1.1
 3D-FFT                             1395170.790336    11161366.323     1.9
 Solve PME                            22264.044528     1424898.850     0.2
 Reset In Box                           338.760000        1016.280     0.0
 CG-CoM                                 338.793876        1016.382     0.0
 Bonds                                  512.501025       30237.560     0.0
 Angles                                1773.503547      297948.596     0.1
 Propers                                213.000426       48777.098     0.0
 RB-Dihedrals                          1975.003950      487825.976     0.1
 Virial                                 339.243921        6106.391     0.0
 Stop-CM                                169.413876        1694.139     0.0
 Calc-Ekin                             3387.667752       91467.029     0.0
 Lincs                                  479.500959       28770.058     0.0
 Lincs-Mat                             2388.004776        9552.019     0.0
 Constraint-V                         16913.033826      152217.304     0.0
 Constraint-Vir                         328.702867        7888.869     0.0
 Settle                                5318.010636     1967663.935     0.3
-----------------------------------------------------------------------------
 Total                                               577651441.355   100.0
-----------------------------------------------------------------------------


    D O M A I N   D E C O M P O S I T I O N   S T A T I S T I C S

 av. #atoms communicated per step for force:  2 x 0.0


      R E A L   C Y C L E   A N D   T I M E   A C C O U N T I N G

On 1 MPI rank, each using 8 OpenMP threads

 Activity:              Num   Num      Call    Wall time         Giga-Cycles
                        Ranks Threads  Count      (s)         total sum    %
--------------------------------------------------------------------------------
 Domain decomp.            1    8      10000      39.213          7.529   0.3
 Neighbor search           1    8      10001     555.534        106.660   4.5
 Force                     1    8     500001   10533.410       2022.360  85.5
 PME mesh                  1    8     500001     821.517        157.727   6.7
 NB X/F buffer ops.        1    8    1000002     132.520         25.443   1.1
 Write traj.               1    8        113       0.654          0.125   0.0
 Update                    1    8     500001      72.584         13.936   0.6
 Constraints               1    8     500001     128.882         24.745   1.0
 Kinetic energy            1    8     100001      17.235          3.309   0.1
 Rest                                             12.053          2.314   0.1
--------------------------------------------------------------------------------
 Total                                         12313.601       2364.148 100.0
--------------------------------------------------------------------------------
 Breakdown of PME mesh activities
--------------------------------------------------------------------------------
 PME spread                1    8     500001     291.738         56.012   2.4
 PME gather                1    8     500001     280.416         53.838   2.3
 PME 3D-FFT                1    8    1000002     218.095         41.873   1.8
 PME solve Elec            1    8     500001      13.578          2.607   0.1
--------------------------------------------------------------------------------

               Core t (s)   Wall t (s)        (%)
       Time:    98508.785    12313.601      800.0
                         3h25:13
                 (ns/day)    (hour/ns)
Performance:        7.017        3.420
Finished mdrun on rank 0 Wed Jun  4 18:34:13 2025

