                  :-) GROMACS - gmx mdrun, 2025.1-Homebrew (-:

Copyright 1991-2025 The GROMACS Authors.
GROMACS is free software; you can redistribute it and/or modify it
under the terms of the GNU Lesser General Public License
as published by the Free Software Foundation; either version 2.1
of the License, or (at your option) any later version.

                         Current GROMACS contributors:
       Mark Abraham           Andrey Alekseenko           Brian Andrews       
      Vladimir Basov              Paul Bauer                Hugh Bird         
      Eliane Briand               Ania Brown              Mahesh Doijade      
      Giacomo Fiorin          Stefan Fleischmann          Sergey Gorelov      
   Gilles Gouaillardet            Alan Gray              M. Eric Irrgang      
   Farzaneh Jalalypour         Petter Johansson          Carsten Kutzner      
    Grzegorz Łazarski         Justin A. Lemkul          Magnus Lundborg      
       Pascal Merz             Vedran Miletić            Dmitry Morozov      
     Lukas Müllender            Julien Nabet             Szilárd Páll      
 Andrea Pasquadibisceglie     Michele Pellegrino         Nicola Piasentin     
     Daniele Rapetti         Muhammad Umair Sadiq         Hubert Santuz       
      Roland Schulz             Michael Shirts           Tatiana Shugaeva     
     Alexey Shvetsov            Philip Turner            Alessandra Villa     
 Sebastian Wingbermühle  

                         Previous GROMACS contributors:
        Emile Apol             Rossen Apostolov           James Barnett       
  Herman J.C. Berendsen         Cathrine Bergh             Par Bjelkmar       
      Christian Blau          Viacheslav Bolnykh            Kevin Boyd        
    Aldert van Buuren          Carlo Camilloni           Rudi van Drunen      
      Anton Feenstra           Oliver Fleetwood            Vytas Gapsys       
       Gaurav Garg             Gerrit Groenhof            Bert de Groot       
      Anca Hamuraru           Vincent Hindriksen          Victor Holanda      
     Aleksei Iupinov              Joe Jordan            Christoph Junghans    
    Prashanth Kanduri        Dimitrios Karkoulis           Peter Kasson       
      Sebastian Kehl           Sebastian Keller             Jiri Kraus        
       Per Larsson              Viveca Lindahl            Erik Marklund       
    Pieter Meulenhoff           Teemu Murtola              Sander Pronk       
      Alfons Sijbers            Balint Soproni         David van der Spoel    
      Peter Tieleman            Carsten Uphoff             Jon Vincent        
     Teemu Virolainen         Christian Wennberg           Maarten Wolf       
      Artem Zhmurov       

                  Coordinated by the GROMACS project leaders:
                           Berk Hess and Erik Lindahl

GROMACS:      gmx mdrun, version 2025.1-Homebrew
Executable:   /opt/homebrew/bin/../Cellar/gromacs/2025.1/bin/gmx
Data prefix:  /opt/homebrew/bin/../Cellar/gromacs/2025.1
Working dir:  /Users/heiley/Downloads/gmx-tutorial
Process ID:   6868
Command line:
  gmx mdrun -deffnm nvt

GROMACS version:     2025.1-Homebrew
Precision:           mixed
Memory model:        64 bit
MPI library:         thread_mpi
OpenMP support:      enabled (GMX_OPENMP_MAX_THREADS = 128)
GPU support:         disabled
SIMD instructions:   ARM_NEON_ASIMD
CPU FFT library:     fftw-3.3.10
GPU FFT library:     none
Multi-GPU FFT:       none
TNG support:         enabled
Hwloc support:       disabled
Tracing support:     disabled
C compiler:          /opt/homebrew/opt/gcc/bin/gcc-14
C compiler flags:    -fexcess-precision=fast -funroll-all-loops -Wno-missing-field-initializers -O3 -DNDEBUG
C++ compiler:        /opt/homebrew/opt/gcc/bin/g++-14
C++ compiler flags:  -fexcess-precision=fast -funroll-all-loops -Wno-missing-field-initializers -Weverything -Wno-c++98-compat -Wno-c++98-compat-pedantic -Wno-return-std-move-in-c++11 -Wno-source-uses-openmp -Wno-c++17-extensions -Wno-documentation-unknown-command -Wno-covered-switch-default -Wno-switch-enum -Wno-switch-default -Wno-extra-semi-stmt -Wno-weak-vtables -Wno-shadow -Wno-padded -Wno-reserved-id-macro -Wno-double-promotion -Wno-exit-time-destructors -Wno-global-constructors -Wno-documentation -Wno-format-nonliteral -Wno-used-but-marked-unused -Wno-float-equal -Wno-conditional-uninitialized -Wno-conversion -Wno-disabled-macro-expansion -Wno-unused-macros -Wno-unsafe-buffer-usage -Wno-cast-function-type-strict SHELL:-fopenmp -O3 -DNDEBUG
BLAS library:        External - detected on the system
LAPACK library:      External - detected on the system


Running on 1 node with total 0 processing units
Hardware detected on host eduroam-int-dhcp-97-34-100.ucl.ac.uk:
  CPU info:
    Vendor: ARM
    Brand:  Unknown CPU brand
    Family: 0   Model: 0   Stepping: 0
    Features: neon neon_asimd
  Hardware topology: Only logical processor count
    CPU limit set by OS: -1   Recommended max number of threads: 8


++++ PLEASE READ AND CITE THE FOLLOWING REFERENCE ++++
M. J. Abraham, T. Murtola, R. Schulz, S. Páll, J. C. Smith, B. Hess, E.
Lindahl
GROMACS: High performance molecular simulations through multi-level
parallelism from laptops to supercomputers
SoftwareX (2015)
DOI: 10.1016/j.softx.2015.06.001
-------- -------- --- Thank You --- -------- --------


++++ PLEASE READ AND CITE THE FOLLOWING REFERENCE ++++
S. Páll, M. J. Abraham, C. Kutzner, B. Hess, E. Lindahl
Tackling Exascale Software Challenges in Molecular Dynamics Simulations with
GROMACS
In S. Markidis & E. Laure (Eds.), Solving Software Challenges for Exascale (2015)
DOI: 10.1007/978-3-319-15976-8_1
-------- -------- --- Thank You --- -------- --------


++++ PLEASE READ AND CITE THE FOLLOWING REFERENCE ++++
S. Pronk, S. Páll, R. Schulz, P. Larsson, P. Bjelkmar, R. Apostolov, M. R.
Shirts, J. C. Smith, P. M. Kasson, D. van der Spoel, B. Hess, E. Lindahl
GROMACS 4.5: a high-throughput and highly parallel open source molecular
simulation toolkit
Bioinformatics (2013)
DOI: 10.1093/bioinformatics/btt055
-------- -------- --- Thank You --- -------- --------


++++ PLEASE READ AND CITE THE FOLLOWING REFERENCE ++++
B. Hess, C. Kutzner, D. van der Spoel, E. Lindahl
GROMACS 4: Algorithms for highly efficient, load-balanced, and scalable
molecular simulation
J. Chem. Theory Comput. (2008)
DOI: 10.1021/ct700301q
-------- -------- --- Thank You --- -------- --------


++++ PLEASE READ AND CITE THE FOLLOWING REFERENCE ++++
D. van der Spoel, E. Lindahl, B. Hess, G. Groenhof, A. E. Mark, H. J. C.
Berendsen
GROMACS: Fast, Flexible and Free
J. Comp. Chem. (2005)
DOI: 10.1002/jcc.20291
-------- -------- --- Thank You --- -------- --------


++++ PLEASE READ AND CITE THE FOLLOWING REFERENCE ++++
E. Lindahl, B. Hess, D. van der Spoel
GROMACS 3.0: A package for molecular simulation and trajectory analysis
J. Mol. Mod. (2001)
DOI: 10.1007/s008940100045
-------- -------- --- Thank You --- -------- --------


++++ PLEASE READ AND CITE THE FOLLOWING REFERENCE ++++
H. J. C. Berendsen, D. van der Spoel and R. van Drunen
GROMACS: A message-passing parallel molecular dynamics implementation
Comp. Phys. Comm. (1995)
DOI: 10.1016/0010-4655(95)00042-E
-------- -------- --- Thank You --- -------- --------

Input Parameters:
   integrator                     = md
   tinit                          = 0
   dt                             = 0.002
   nsteps                         = 50000
   init-step                      = 0
   simulation-part                = 1
   mts                            = false
   mass-repartition-factor        = 1
   comm-mode                      = Linear
   nstcomm                        = 100
   bd-fric                        = 0
   ld-seed                        = -41976385
   emtol                          = 10
   emstep                         = 0.01
   niter                          = 20
   fcstep                         = 0
   nstcgsteep                     = 1000
   nbfgscorr                      = 10
   rtpi                           = 0.05
   nstxout                        = 500
   nstvout                        = 500
   nstfout                        = 0
   nstlog                         = 500
   nstcalcenergy                  = 100
   nstenergy                      = 500
   nstxout-compressed             = 0
   compressed-x-precision         = 1000
   cutoff-scheme                  = Verlet
   nstlist                        = 10
   pbc                            = xyz
   periodic-molecules             = false
   verlet-buffer-tolerance        = 0.005
   verlet-buffer-pressure-tolerance = 0.5
   rlist                          = 1
   coulombtype                    = PME
   coulomb-modifier               = Potential-shift
   rcoulomb-switch                = 0
   rcoulomb                       = 1
   epsilon-r                      = 1
   epsilon-rf                     = inf
   vdw-type                       = Cut-off
   vdw-modifier                   = Potential-shift
   rvdw-switch                    = 0
   rvdw                           = 1
   DispCorr                       = EnerPres
   table-extension                = 1
   fourierspacing                 = 0.16
   fourier-nx                     = 44
   fourier-ny                     = 44
   fourier-nz                     = 44
   pme-order                      = 4
   ewald-rtol                     = 1e-05
   ewald-rtol-lj                  = 0.001
   lj-pme-comb-rule               = Geometric
   ewald-geometry                 = 3d
   epsilon-surface                = 0
   ensemble-temperature-setting   = constant
   ensemble-temperature           = 300
   tcoupl                         = V-rescale
   nsttcouple                     = 10
   nh-chain-length                = 0
   print-nose-hoover-chain-variables = false
   pcoupl                         = No
   refcoord-scaling               = No
   posres-com: not available
   posres-comB: not available
   QMMM                           = false
qm-opts:
   ngQM                           = 0
   constraint-algorithm           = Lincs
   continuation                   = false
   Shake-SOR                      = false
   shake-tol                      = 0.0001
   lincs-order                    = 4
   lincs-iter                     = 1
   lincs-warnangle                = 30
   nwall                          = 0
   wall-type                      = 9-3
   wall-r-linpot                  = -1
   wall-atomtype[0]               = -1
   wall-atomtype[1]               = -1
   wall-density[0]                = 0
   wall-density[1]                = 0
   wall-ewald-zfac                = 3
   pull                           = false
   awh                            = false
   rotation                       = false
   interactiveMD                  = false
   disre                          = No
   disre-weighting                = Conservative
   disre-mixed                    = false
   dr-fc                          = 1000
   dr-tau                         = 0
   nstdisreout                    = 100
   orire-fc                       = 0
   orire-tau                      = 0
   nstorireout                    = 100
   free-energy                    = no
   cos-acceleration               = 0
   deform (3x3):
      deform[    0]={ 0.00000e+00,  0.00000e+00,  0.00000e+00}
      deform[    1]={ 0.00000e+00,  0.00000e+00,  0.00000e+00}
      deform[    2]={ 0.00000e+00,  0.00000e+00,  0.00000e+00}
   simulated-tempering            = false
   swapcoords                     = no
   userint1                       = 0
   userint2                       = 0
   userint3                       = 0
   userint4                       = 0
   userreal1                      = 0
   userreal2                      = 0
   userreal3                      = 0
   userreal4                      = 0
   applied-forces:
     electric-field:
       x:
         E0                       = 0
         omega                    = 0
         t0                       = 0
         sigma                    = 0
       y:
         E0                       = 0
         omega                    = 0
         t0                       = 0
         sigma                    = 0
       z:
         E0                       = 0
         omega                    = 0
         t0                       = 0
         sigma                    = 0
     density-guided-simulation:
       active                     = false
       group                      = protein
       similarity-measure         = inner-product
       atom-spreading-weight      = unity
       force-constant             = 1e+09
       gaussian-transform-spreading-width = 0.2
       gaussian-transform-spreading-range-in-multiples-of-width = 4
       reference-density-filename = reference.mrc
       nst                        = 1
       normalize-densities        = true
       adaptive-force-scaling     = false
       adaptive-force-scaling-time-constant = 4
       shift-vector               = 
       transformation-matrix      = 
     qmmm-cp2k:
       active                     = false
       qmgroup                    = System
       qmmethod                   = PBE
       qmfilenames                = 
       qmcharge                   = 0
       qmmultiplicity             = 1
     colvars:
       active                     = false
       configfile                 = 
       seed                       = -1
     nnpot:
       active                     = false
       modelfile                  = model.pt
       input-group                = System
       model-input1               = 
       model-input2               = 
       model-input3               = 
       model-input4               = 
grpopts:
   nrdf:     4920.79     63837.2
   ref-t:         300         300
   tau-t:         0.1         0.1
annealing:          No          No
annealing-npoints:           0           0
   acc:	           0           0           0
   nfreeze:           N           N           N
   energygrp-flags[  0]: 0

Changing nstlist from 10 to 50, rlist from 1 to 1.116


Initializing Domain Decomposition on 1 ranks
Dynamic load balancing: auto
Using update groups, nr 11645, average size 2.9 atoms, max. radius 0.103 nm
Minimum cell size due to atom displacement: 0.397 nm
Initial maximum distances in bonded interactions:
    two-body bonded interactions: 0.453 nm, LJ-14, atoms 1156 1405
  multi-body bonded interactions: 0.453 nm, Ryckaert-Bell., atoms 1156 1405
Minimum cell size due to bonded interactions: 0.498 nm
Using 0 separate PME ranks because: there are too few total ranks for efficient splitting
Optimizing the DD grid for 1 cells with a minimum initial size of 0.498 nm
The maximum allowed number of cells is: X 14 Y 14 Z 14
Domain decomposition grid 1 x 1 x 1, separate PME ranks 0
PME domain decomposition: 1 x 1 x 1

The initial number of communication pulses is:
The initial domain decomposition cell size is:

The maximum allowed distance for atom groups involved in interactions is:
                 non-bonded interactions           1.323 nm
            two-body bonded interactions  (-rdd)   1.323 nm
          multi-body bonded interactions  (-rdd)   1.323 nm

When dynamic load balancing gets turned on, these settings will change to:
The maximum number of communication pulses is:
The minimum size for domain decomposition cells is 1.323 nm
The requested allowed shrink of DD cells (option -dds) is: 0.80
The allowed shrink of domain decomposition cells is:
The maximum allowed distance for atom groups involved in interactions is:
                 non-bonded interactions           1.323 nm
            two-body bonded interactions  (-rdd)   1.323 nm
          multi-body bonded interactions  (-rdd)   1.323 nm

Local state does not use filler particles

Using 1 MPI thread
Using 8 OpenMP threads 

System total charge: -0.000
Will do PME sum in reciprocal space for electrostatic interactions.

++++ PLEASE READ AND CITE THE FOLLOWING REFERENCE ++++
U. Essmann, L. Perera, M. L. Berkowitz, T. Darden, H. Lee, L. G. Pedersen 
A smooth particle mesh Ewald method
J. Chem. Phys. (1995)
DOI: 10.1063/1.470117
-------- -------- --- Thank You --- -------- --------

Using a Gaussian width (1/beta) of 0.320163 nm for Ewald
Potential shift: LJ r^-12: -1.000e+00 r^-6: -1.000e+00, Ewald -1.000e-05
Initialized non-bonded Coulomb Ewald tables, spacing: 9.33e-04 size: 1073

Generated table with 1058 data points for 1-4 COUL.
Tabscale = 500 points/nm
Generated table with 1058 data points for 1-4 LJ6.
Tabscale = 500 points/nm
Generated table with 1058 data points for 1-4 LJ12.
Tabscale = 500 points/nm
Long Range LJ corr.: <C6> 3.1923e-04


Using SIMD4xM 4x4 nonbonded short-range kernels

Using a dual 4x4 pair-list setup updated with dynamic pruning:
  outer list: updated every 50 steps, buffer 0.116 nm, rlist 1.116 nm
  inner list: updated every 10 steps, buffer 0.000 nm, rlist 1.000 nm
At tolerance 0.005 kJ/mol/ps per atom, equivalent classical 1x1 list would be:
  outer list: updated every 50 steps, buffer 0.244 nm, rlist 1.244 nm
  inner list: updated every 10 steps, buffer 0.035 nm, rlist 1.035 nm

The average pressure is off by at most 0.42 bar due to missing LJ interactions

Using Geometric Lennard-Jones combination rule
Removing pbc first time

Linking all bonded interactions to atoms


Initializing LINear Constraint Solver

++++ PLEASE READ AND CITE THE FOLLOWING REFERENCE ++++
B. Hess, H. Bekker, H. J. C. Berendsen, J. G. E. M. Fraaije
LINCS: A Linear Constraint Solver for molecular simulations
J. Comp. Chem. (1997)
DOI: 10.1002/(sici)1096-987x(199709)18:12<1463::aid-jcc4>3.0.co;2-h
-------- -------- --- Thank You --- -------- --------

The number of constraints is 959

++++ PLEASE READ AND CITE THE FOLLOWING REFERENCE ++++
S. Miyamoto, P. A. Kollman
SETTLE: An Analytical Version of the SHAKE and RATTLE Algorithms for Rigid
Water Models
J. Comp. Chem. (1992)
DOI: 10.1002/jcc.540130805
-------- -------- --- Thank You --- -------- --------


++++ PLEASE READ AND CITE THE FOLLOWING REFERENCE ++++
G. Bussi, D. Donadio, M. Parrinello
Canonical sampling through velocity rescaling
J. Chem. Phys. (2007)
DOI: 10.1063/1.2408420
-------- -------- --- Thank You --- -------- --------

There are: 33876 Atoms

Atom distribution over 1 domains: av 33876 stddev 0 min 33876 max 33876

Constraining the starting coordinates (step 0)

Constraining the coordinates at t0-dt (step 0)
Center of mass motion removal mode is Linear
We have the following groups for center of mass motion removal:
  0:  rest
RMS relative constraint deviation after constraining: 2.96e-06
Initial temperature: 299.626 K

Started mdrun on rank 0 Mon Jun  2 20:59:16 2025

           Step           Time
              0        0.00000

   Energies (kJ/mol)
           Bond          Angle    Proper Dih. Ryckaert-Bell.          LJ-14
    2.14781e+02    9.59445e+02    7.03893e+01    1.42690e+03    2.50442e+03
     Coulomb-14        LJ (SR)  Disper. corr.   Coulomb (SR)   Coul. recip.
    7.77712e+03    8.84816e+04   -4.44920e+03   -6.92100e+05    2.79372e+03
 Position Rest.      Potential    Kinetic En.   Total Energy  Conserved En.
    1.30179e-03   -5.92320e+05    8.56533e+04   -5.06667e+05   -5.06667e+05
    Temperature Pres. DC (bar) Pressure (bar)   Constr. rmsd
    2.99652e+02   -2.14729e+02   -5.40375e+03    2.86702e-06

           Step           Time
            500        1.00000

   Energies (kJ/mol)
           Bond          Angle    Proper Dih. Ryckaert-Bell.          LJ-14
    1.38708e+03    3.57532e+03    2.57209e+02    1.90061e+03    2.72027e+03
     Coulomb-14        LJ (SR)  Disper. corr.   Coulomb (SR)   Coul. recip.
    7.69930e+03    9.17694e+04   -4.44920e+03   -6.27500e+05    3.21188e+03
 Position Rest.      Potential    Kinetic En.   Total Energy  Conserved En.
    5.62791e+02   -5.18865e+05    8.49206e+04   -4.33944e+05   -5.05818e+05
    Temperature Pres. DC (bar) Pressure (bar)   Constr. rmsd
    2.97088e+02   -2.14729e+02   -2.00927e+02    2.61073e-06

           Step           Time
           1000        2.00000

   Energies (kJ/mol)
           Bond          Angle    Proper Dih. Ryckaert-Bell.          LJ-14
    1.47767e+03    3.69000e+03    2.68523e+02    1.88058e+03    2.66365e+03
     Coulomb-14        LJ (SR)  Disper. corr.   Coulomb (SR)   Coul. recip.
    7.76845e+03    9.08257e+04   -4.44920e+03   -6.28338e+05    3.01741e+03
 Position Rest.      Potential    Kinetic En.   Total Energy  Conserved En.
    4.91047e+02   -5.20704e+05    8.60351e+04   -4.34669e+05   -5.05783e+05
    Temperature Pres. DC (bar) Pressure (bar)   Constr. rmsd
    3.00987e+02   -2.14729e+02   -7.03690e+02    2.88789e-06

           Step           Time
           1500        3.00000

   Energies (kJ/mol)
           Bond          Angle    Proper Dih. Ryckaert-Bell.          LJ-14
    1.36641e+03    3.65340e+03    2.21134e+02    1.89086e+03    2.72244e+03
     Coulomb-14        LJ (SR)  Disper. corr.   Coulomb (SR)   Coul. recip.
    7.65665e+03    9.18636e+04   -4.44920e+03   -6.31057e+05    3.02880e+03
 Position Rest.      Potential    Kinetic En.   Total Energy  Conserved En.
    4.83019e+02   -5.22620e+05    8.59445e+04   -4.36675e+05   -5.05764e+05
    Temperature Pres. DC (bar) Pressure (bar)   Constr. rmsd
    3.00670e+02   -2.14729e+02   -3.95820e+02    2.59076e-06

           Step           Time
           2000        4.00000

   Energies (kJ/mol)
           Bond          Angle    Proper Dih. Ryckaert-Bell.          LJ-14
    1.54344e+03    3.67843e+03    2.63887e+02    1.91341e+03    2.56489e+03
     Coulomb-14        LJ (SR)  Disper. corr.   Coulomb (SR)   Coul. recip.
    7.67886e+03    9.23182e+04   -4.44920e+03   -6.31951e+05    2.98859e+03
 Position Rest.      Potential    Kinetic En.   Total Energy  Conserved En.
    4.85098e+02   -5.22965e+05    8.54832e+04   -4.37482e+05   -5.05759e+05
    Temperature Pres. DC (bar) Pressure (bar)   Constr. rmsd
    2.99057e+02   -2.14729e+02   -6.46029e+02    2.86301e-06

           Step           Time
           2500        5.00000

   Energies (kJ/mol)
           Bond          Angle    Proper Dih. Ryckaert-Bell.          LJ-14
    1.35964e+03    3.86232e+03    2.89280e+02    1.84059e+03    2.65496e+03
     Coulomb-14        LJ (SR)  Disper. corr.   Coulomb (SR)   Coul. recip.
    7.68757e+03    9.24962e+04   -4.44920e+03   -6.30523e+05    3.02855e+03
 Position Rest.      Potential    Kinetic En.   Total Energy  Conserved En.
    5.04769e+02   -5.21248e+05    8.58494e+04   -4.35399e+05   -5.05766e+05
    Temperature Pres. DC (bar) Pressure (bar)   Constr. rmsd
    3.00338e+02   -2.14729e+02   -2.47468e+02    3.13555e-06

           Step           Time
           3000        6.00000

   Energies (kJ/mol)
           Bond          Angle    Proper Dih. Ryckaert-Bell.          LJ-14
    1.40201e+03    3.70035e+03    2.30551e+02    1.82954e+03    2.72622e+03
     Coulomb-14        LJ (SR)  Disper. corr.   Coulomb (SR)   Coul. recip.
    7.69839e+03    9.11997e+04   -4.44920e+03   -6.30530e+05    3.01527e+03
 Position Rest.      Potential    Kinetic En.   Total Energy  Conserved En.
    4.93767e+02   -5.22684e+05    8.59413e+04   -4.36742e+05   -5.05768e+05
    Temperature Pres. DC (bar) Pressure (bar)   Constr. rmsd
    3.00659e+02   -2.14729e+02   -4.16962e+02    2.80844e-06

           Step           Time
           3500        7.00000

   Energies (kJ/mol)
           Bond          Angle    Proper Dih. Ryckaert-Bell.          LJ-14
    1.42466e+03    3.64224e+03    2.64513e+02    1.85652e+03    2.76562e+03
     Coulomb-14        LJ (SR)  Disper. corr.   Coulomb (SR)   Coul. recip.
    7.79600e+03    9.33195e+04   -4.44920e+03   -6.32395e+05    3.06996e+03
 Position Rest.      Potential    Kinetic En.   Total Energy  Conserved En.
    5.09598e+02   -5.22195e+05    8.46746e+04   -4.37521e+05   -5.05758e+05
    Temperature Pres. DC (bar) Pressure (bar)   Constr. rmsd
    2.96228e+02   -2.14729e+02   -1.27572e+02    2.91687e-06

           Step           Time
           4000        8.00000

   Energies (kJ/mol)
           Bond          Angle    Proper Dih. Ryckaert-Bell.          LJ-14
    1.50060e+03    3.58807e+03    2.36463e+02    1.85450e+03    2.74106e+03
     Coulomb-14        LJ (SR)  Disper. corr.   Coulomb (SR)   Coul. recip.
    7.80691e+03    9.28108e+04   -4.44920e+03   -6.33338e+05    2.96293e+03
 Position Rest.      Potential    Kinetic En.   Total Energy  Conserved En.
    4.67131e+02   -5.23819e+05    8.52436e+04   -4.38576e+05   -5.05749e+05
    Temperature Pres. DC (bar) Pressure (bar)   Constr. rmsd
    2.98218e+02   -2.14729e+02   -4.66343e+02    3.16963e-06

           Step           Time
           4500        9.00000

   Energies (kJ/mol)
           Bond          Angle    Proper Dih. Ryckaert-Bell.          LJ-14
    1.40362e+03    3.55934e+03    2.45191e+02    1.89050e+03    2.73291e+03
     Coulomb-14        LJ (SR)  Disper. corr.   Coulomb (SR)   Coul. recip.
    7.74202e+03    9.34050e+04   -4.44920e+03   -6.34121e+05    3.03672e+03
 Position Rest.      Potential    Kinetic En.   Total Energy  Conserved En.
    4.92698e+02   -5.24062e+05    8.61280e+04   -4.37934e+05   -5.05772e+05
    Temperature Pres. DC (bar) Pressure (bar)   Constr. rmsd
    3.01313e+02   -2.14729e+02   -5.45837e+02    3.37031e-06

           Step           Time
           5000       10.00000

   Energies (kJ/mol)
           Bond          Angle    Proper Dih. Ryckaert-Bell.          LJ-14
    1.43173e+03    3.53387e+03    2.93030e+02    1.88516e+03    2.73004e+03
     Coulomb-14        LJ (SR)  Disper. corr.   Coulomb (SR)   Coul. recip.
    7.80608e+03    9.31957e+04   -4.44920e+03   -6.33025e+05    2.99032e+03
 Position Rest.      Potential    Kinetic En.   Total Energy  Conserved En.
    5.06252e+02   -5.23102e+05    8.54713e+04   -4.37630e+05   -5.05756e+05
    Temperature Pres. DC (bar) Pressure (bar)   Constr. rmsd
    2.99015e+02   -2.14729e+02   -1.01240e+02    3.03078e-06

           Step           Time
           5500       11.00000

   Energies (kJ/mol)
           Bond          Angle    Proper Dih. Ryckaert-Bell.          LJ-14
    1.63240e+03    3.64435e+03    2.22418e+02    1.81610e+03    2.69214e+03
     Coulomb-14        LJ (SR)  Disper. corr.   Coulomb (SR)   Coul. recip.
    7.74780e+03    9.35691e+04   -4.44920e+03   -6.33388e+05    3.00008e+03
 Position Rest.      Potential    Kinetic En.   Total Energy  Conserved En.
    5.37039e+02   -5.22976e+05    8.54816e+04   -4.37495e+05   -5.05727e+05
    Temperature Pres. DC (bar) Pressure (bar)   Constr. rmsd
    2.99051e+02   -2.14729e+02   -4.14510e+02    3.15641e-06

           Step           Time
           6000       12.00000

   Energies (kJ/mol)
           Bond          Angle    Proper Dih. Ryckaert-Bell.          LJ-14
    1.49110e+03    3.65617e+03    2.37885e+02    1.98918e+03    2.72872e+03
     Coulomb-14        LJ (SR)  Disper. corr.   Coulomb (SR)   Coul. recip.
    7.81810e+03    9.25140e+04   -4.44920e+03   -6.31857e+05    3.03258e+03
 Position Rest.      Potential    Kinetic En.   Total Energy  Conserved En.
    5.07718e+02   -5.22331e+05    8.60147e+04   -4.36316e+05   -5.05741e+05
    Temperature Pres. DC (bar) Pressure (bar)   Constr. rmsd
    3.00916e+02   -2.14729e+02   -6.13820e+02    2.97503e-06

           Step           Time
           6500       13.00000

   Energies (kJ/mol)
           Bond          Angle    Proper Dih. Ryckaert-Bell.          LJ-14
    1.37109e+03    3.57837e+03    2.52367e+02    1.83780e+03    2.75061e+03
     Coulomb-14        LJ (SR)  Disper. corr.   Coulomb (SR)   Coul. recip.
    7.81926e+03    9.33635e+04   -4.44920e+03   -6.33724e+05    3.01062e+03
 Position Rest.      Potential    Kinetic En.   Total Energy  Conserved En.
    4.92218e+02   -5.23697e+05    8.55181e+04   -4.38179e+05   -5.05740e+05
    Temperature Pres. DC (bar) Pressure (bar)   Constr. rmsd
    2.99179e+02   -2.14729e+02   -1.34569e+02    2.66551e-06

           Step           Time
           7000       14.00000

   Energies (kJ/mol)
           Bond          Angle    Proper Dih. Ryckaert-Bell.          LJ-14
    1.48442e+03    3.58578e+03    2.64753e+02    1.80699e+03    2.75902e+03
     Coulomb-14        LJ (SR)  Disper. corr.   Coulomb (SR)   Coul. recip.
    7.84771e+03    9.20812e+04   -4.44920e+03   -6.32361e+05    2.98039e+03
 Position Rest.      Potential    Kinetic En.   Total Energy  Conserved En.
    4.94275e+02   -5.23506e+05    8.57518e+04   -4.37754e+05   -5.05740e+05
    Temperature Pres. DC (bar) Pressure (bar)   Constr. rmsd
    2.99996e+02   -2.14729e+02   -4.44502e+02    2.67064e-06

           Step           Time
           7500       15.00000

   Energies (kJ/mol)
           Bond          Angle    Proper Dih. Ryckaert-Bell.          LJ-14
    1.50828e+03    3.64938e+03    2.58843e+02    1.82676e+03    2.65083e+03
     Coulomb-14        LJ (SR)  Disper. corr.   Coulomb (SR)   Coul. recip.
    7.69975e+03    9.21725e+04   -4.44920e+03   -6.32441e+05    2.96039e+03
 Position Rest.      Potential    Kinetic En.   Total Energy  Conserved En.
    5.66550e+02   -5.23597e+05    8.64050e+04   -4.37192e+05   -5.05736e+05
    Temperature Pres. DC (bar) Pressure (bar)   Constr. rmsd
    3.02281e+02   -2.14729e+02   -4.22989e+02    3.06153e-06

           Step           Time
           8000       16.00000

   Energies (kJ/mol)
           Bond          Angle    Proper Dih. Ryckaert-Bell.          LJ-14
    1.44737e+03    3.37921e+03    2.37977e+02    1.81277e+03    2.74018e+03
     Coulomb-14        LJ (SR)  Disper. corr.   Coulomb (SR)   Coul. recip.
    7.66197e+03    9.36655e+04   -4.44920e+03   -6.33491e+05    3.02930e+03
 Position Rest.      Potential    Kinetic En.   Total Energy  Conserved En.
    4.65874e+02   -5.23500e+05    8.48640e+04   -4.38636e+05   -5.05739e+05
    Temperature Pres. DC (bar) Pressure (bar)   Constr. rmsd
    2.96890e+02   -2.14729e+02   -1.64126e+02    3.00014e-06

           Step           Time
           8500       17.00000

   Energies (kJ/mol)
           Bond          Angle    Proper Dih. Ryckaert-Bell.          LJ-14
    1.39716e+03    3.71629e+03    2.49934e+02    1.85178e+03    2.62923e+03
     Coulomb-14        LJ (SR)  Disper. corr.   Coulomb (SR)   Coul. recip.
    7.75972e+03    9.18744e+04   -4.44920e+03   -6.29943e+05    3.02895e+03
 Position Rest.      Potential    Kinetic En.   Total Energy  Conserved En.
    6.17654e+02   -5.21267e+05    8.57938e+04   -4.35474e+05   -5.05723e+05
    Temperature Pres. DC (bar) Pressure (bar)   Constr. rmsd
    3.00143e+02   -2.14729e+02   -5.13218e+02    3.18483e-06

           Step           Time
           9000       18.00000

   Energies (kJ/mol)
           Bond          Angle    Proper Dih. Ryckaert-Bell.          LJ-14
    1.56075e+03    3.71598e+03    2.57154e+02    1.81833e+03    2.63869e+03
     Coulomb-14        LJ (SR)  Disper. corr.   Coulomb (SR)   Coul. recip.
    7.64989e+03    9.11774e+04   -4.44920e+03   -6.30692e+05    3.00221e+03
 Position Rest.      Potential    Kinetic En.   Total Energy  Conserved En.
    5.31079e+02   -5.22790e+05    8.53858e+04   -4.37404e+05   -5.05685e+05
    Temperature Pres. DC (bar) Pressure (bar)   Constr. rmsd
    2.98716e+02   -2.14729e+02   -6.99150e+02    3.03591e-06

           Step           Time
           9500       19.00000

   Energies (kJ/mol)
           Bond          Angle    Proper Dih. Ryckaert-Bell.          LJ-14
    1.50746e+03    3.62233e+03    2.29221e+02    1.80826e+03    2.65838e+03
     Coulomb-14        LJ (SR)  Disper. corr.   Coulomb (SR)   Coul. recip.
    7.74233e+03    9.17711e+04   -4.44920e+03   -6.32128e+05    2.97576e+03
 Position Rest.      Potential    Kinetic En.   Total Energy  Conserved En.
    4.56480e+02   -5.23806e+05    8.54405e+04   -4.38365e+05   -5.05716e+05
    Temperature Pres. DC (bar) Pressure (bar)   Constr. rmsd
    2.98907e+02   -2.14729e+02   -8.53266e+02    2.87348e-06

           Step           Time
          10000       20.00000

   Energies (kJ/mol)
           Bond          Angle    Proper Dih. Ryckaert-Bell.          LJ-14
    1.48679e+03    3.78549e+03    2.77387e+02    1.87521e+03    2.71124e+03
     Coulomb-14        LJ (SR)  Disper. corr.   Coulomb (SR)   Coul. recip.
    7.81768e+03    9.15446e+04   -4.44920e+03   -6.30667e+05    3.05827e+03
 Position Rest.      Potential    Kinetic En.   Total Energy  Conserved En.
    5.11040e+02   -5.22048e+05    8.63560e+04   -4.35692e+05   -5.05687e+05
    Temperature Pres. DC (bar) Pressure (bar)   Constr. rmsd
    3.02110e+02   -2.14729e+02   -4.45547e+02    3.02384e-06

           Step           Time
          10500       21.00000

   Energies (kJ/mol)
           Bond          Angle    Proper Dih. Ryckaert-Bell.          LJ-14
    1.42784e+03    3.62978e+03    2.52360e+02    1.84007e+03    2.62323e+03
     Coulomb-14        LJ (SR)  Disper. corr.   Coulomb (SR)   Coul. recip.
    7.73958e+03    9.07881e+04   -4.44920e+03   -6.30904e+05    2.93449e+03
 Position Rest.      Potential    Kinetic En.   Total Energy  Conserved En.
    5.10428e+02   -5.23608e+05    8.52984e+04   -4.38309e+05   -5.05717e+05
    Temperature Pres. DC (bar) Pressure (bar)   Constr. rmsd
    2.98410e+02   -2.14729e+02   -7.72133e+02    2.46178e-06

           Step           Time
          11000       22.00000

   Energies (kJ/mol)
           Bond          Angle    Proper Dih. Ryckaert-Bell.          LJ-14
    1.52281e+03    3.75466e+03    2.94645e+02    1.83531e+03    2.65272e+03
     Coulomb-14        LJ (SR)  Disper. corr.   Coulomb (SR)   Coul. recip.
    7.69339e+03    9.24142e+04   -4.44920e+03   -6.32546e+05    2.97326e+03
 Position Rest.      Potential    Kinetic En.   Total Energy  Conserved En.
    4.76899e+02   -5.23377e+05    8.55763e+04   -4.37801e+05   -5.05678e+05
    Temperature Pres. DC (bar) Pressure (bar)   Constr. rmsd
    2.99382e+02   -2.14729e+02   -5.03358e+02    3.02810e-06

           Step           Time
          11500       23.00000

   Energies (kJ/mol)
           Bond          Angle    Proper Dih. Ryckaert-Bell.          LJ-14
    1.59256e+03    3.77222e+03    2.42483e+02    1.86301e+03    2.58689e+03
     Coulomb-14        LJ (SR)  Disper. corr.   Coulomb (SR)   Coul. recip.
    7.70405e+03    9.10276e+04   -4.44920e+03   -6.29907e+05    3.06336e+03
 Position Rest.      Potential    Kinetic En.   Total Energy  Conserved En.
    5.68858e+02   -5.21935e+05    8.55064e+04   -4.36429e+05   -5.05657e+05
    Temperature Pres. DC (bar) Pressure (bar)   Constr. rmsd
    2.99138e+02   -2.14729e+02   -7.17714e+02    3.12614e-06

           Step           Time
          12000       24.00000

   Energies (kJ/mol)
           Bond          Angle    Proper Dih. Ryckaert-Bell.          LJ-14
    1.52470e+03    3.69066e+03    2.63839e+02    1.81418e+03    2.78372e+03
     Coulomb-14        LJ (SR)  Disper. corr.   Coulomb (SR)   Coul. recip.
    7.75066e+03    9.24818e+04   -4.44920e+03   -6.31070e+05    3.00822e+03
 Position Rest.      Potential    Kinetic En.   Total Energy  Conserved En.
    5.11699e+02   -5.21689e+05    8.58840e+04   -4.35805e+05   -5.05668e+05
    Temperature Pres. DC (bar) Pressure (bar)   Constr. rmsd
    3.00459e+02   -2.14729e+02   -1.06319e+02    3.03573e-06

           Step           Time
          12500       25.00000

   Energies (kJ/mol)
           Bond          Angle    Proper Dih. Ryckaert-Bell.          LJ-14
    1.42966e+03    3.60273e+03    2.55958e+02    1.81977e+03    2.72855e+03
     Coulomb-14        LJ (SR)  Disper. corr.   Coulomb (SR)   Coul. recip.
    7.84292e+03    9.18184e+04   -4.44920e+03   -6.30679e+05    3.08049e+03
 Position Rest.      Potential    Kinetic En.   Total Energy  Conserved En.
    5.40372e+02   -5.22010e+05    8.53186e+04   -4.36691e+05   -5.05672e+05
    Temperature Pres. DC (bar) Pressure (bar)   Constr. rmsd
    2.98481e+02   -2.14729e+02   -4.94254e+02    2.94289e-06

           Step           Time
          13000       26.00000

   Energies (kJ/mol)
           Bond          Angle    Proper Dih. Ryckaert-Bell.          LJ-14
    1.41325e+03    3.76283e+03    2.82541e+02    1.80685e+03    2.65921e+03
     Coulomb-14        LJ (SR)  Disper. corr.   Coulomb (SR)   Coul. recip.
    7.72953e+03    9.19012e+04   -4.44920e+03   -6.31105e+05    3.00744e+03
 Position Rest.      Potential    Kinetic En.   Total Energy  Conserved En.
    5.16332e+02   -5.22475e+05    8.60072e+04   -4.36468e+05   -5.05667e+05
    Temperature Pres. DC (bar) Pressure (bar)   Constr. rmsd
    3.00890e+02   -2.14729e+02   -3.09678e+02    2.73319e-06

           Step           Time
          13500       27.00000

   Energies (kJ/mol)
           Bond          Angle    Proper Dih. Ryckaert-Bell.          LJ-14
    1.37689e+03    3.73286e+03    2.57863e+02    1.83989e+03    2.69494e+03
     Coulomb-14        LJ (SR)  Disper. corr.   Coulomb (SR)   Coul. recip.
    7.76192e+03    9.05177e+04   -4.44920e+03   -6.29750e+05    3.03284e+03
 Position Rest.      Potential    Kinetic En.   Total Energy  Conserved En.
    5.96656e+02   -5.22387e+05    8.63496e+04   -4.36038e+05   -5.05675e+05
    Temperature Pres. DC (bar) Pressure (bar)   Constr. rmsd
    3.02088e+02   -2.14729e+02   -7.62478e+02    2.95209e-06

           Step           Time
          14000       28.00000

   Energies (kJ/mol)
           Bond          Angle    Proper Dih. Ryckaert-Bell.          LJ-14
    1.50385e+03    3.74392e+03    2.30307e+02    1.77824e+03    2.68048e+03
     Coulomb-14        LJ (SR)  Disper. corr.   Coulomb (SR)   Coul. recip.
    7.78702e+03    9.14959e+04   -4.44920e+03   -6.31006e+05    3.06367e+03
 Position Rest.      Potential    Kinetic En.   Total Energy  Conserved En.
    4.94262e+02   -5.22678e+05    8.55936e+04   -4.37084e+05   -5.05657e+05
    Temperature Pres. DC (bar) Pressure (bar)   Constr. rmsd
    2.99443e+02   -2.14729e+02   -6.70987e+02    2.52542e-06

           Step           Time
          14500       29.00000

   Energies (kJ/mol)
           Bond          Angle    Proper Dih. Ryckaert-Bell.          LJ-14
    1.46319e+03    3.79250e+03    2.36611e+02    1.80533e+03    2.67140e+03
     Coulomb-14        LJ (SR)  Disper. corr.   Coulomb (SR)   Coul. recip.
    7.66569e+03    9.16906e+04   -4.44920e+03   -6.30198e+05    2.97972e+03
 Position Rest.      Potential    Kinetic En.   Total Energy  Conserved En.
    4.86455e+02   -5.21855e+05    8.61633e+04   -4.35692e+05   -5.05668e+05
    Temperature Pres. DC (bar) Pressure (bar)   Constr. rmsd
    3.01436e+02   -2.14729e+02   -4.79685e+02    3.24760e-06

           Step           Time
          15000       30.00000

   Energies (kJ/mol)
           Bond          Angle    Proper Dih. Ryckaert-Bell.          LJ-14
    1.47602e+03    3.74617e+03    2.50225e+02    1.85316e+03    2.71952e+03
     Coulomb-14        LJ (SR)  Disper. corr.   Coulomb (SR)   Coul. recip.
    7.76932e+03    9.17252e+04   -4.44920e+03   -6.30806e+05    2.95979e+03
 Position Rest.      Potential    Kinetic En.   Total Energy  Conserved En.
    5.12317e+02   -5.22244e+05    8.62940e+04   -4.35950e+05   -5.05667e+05
    Temperature Pres. DC (bar) Pressure (bar)   Constr. rmsd
    3.01893e+02   -2.14729e+02   -4.54810e+02    2.73354e-06

           Step           Time
          15500       31.00000

   Energies (kJ/mol)
           Bond          Angle    Proper Dih. Ryckaert-Bell.          LJ-14
    1.46503e+03    3.77702e+03    2.48949e+02    1.75894e+03    2.74423e+03
     Coulomb-14        LJ (SR)  Disper. corr.   Coulomb (SR)   Coul. recip.
    7.71769e+03    9.19430e+04   -4.44920e+03   -6.32035e+05    3.03289e+03
 Position Rest.      Potential    Kinetic En.   Total Energy  Conserved En.
    4.87569e+02   -5.23309e+05    8.49834e+04   -4.38325e+05   -5.05636e+05
    Temperature Pres. DC (bar) Pressure (bar)   Constr. rmsd
    2.97308e+02   -2.14729e+02   -3.99884e+02    2.75905e-06

           Step           Time
          16000       32.00000

   Energies (kJ/mol)
           Bond          Angle    Proper Dih. Ryckaert-Bell.          LJ-14
    1.41831e+03    3.65987e+03    2.46360e+02    1.79356e+03    2.64718e+03
     Coulomb-14        LJ (SR)  Disper. corr.   Coulomb (SR)   Coul. recip.
    7.76487e+03    9.26313e+04   -4.44920e+03   -6.33155e+05    2.99466e+03
 Position Rest.      Potential    Kinetic En.   Total Energy  Conserved En.
    4.84931e+02   -5.23964e+05    8.50962e+04   -4.38867e+05   -5.05631e+05
    Temperature Pres. DC (bar) Pressure (bar)   Constr. rmsd
    2.97703e+02   -2.14729e+02   -5.80590e+02    2.72110e-06

           Step           Time
          16500       33.00000

   Energies (kJ/mol)
           Bond          Angle    Proper Dih. Ryckaert-Bell.          LJ-14
    1.40639e+03    3.69663e+03    2.27892e+02    1.77459e+03    2.63249e+03
     Coulomb-14        LJ (SR)  Disper. corr.   Coulomb (SR)   Coul. recip.
    7.75007e+03    9.14122e+04   -4.44920e+03   -6.30064e+05    3.00269e+03
 Position Rest.      Potential    Kinetic En.   Total Energy  Conserved En.
    5.08629e+02   -5.22102e+05    8.54862e+04   -4.36615e+05   -5.05642e+05
    Temperature Pres. DC (bar) Pressure (bar)   Constr. rmsd
    2.99067e+02   -2.14729e+02   -6.47648e+02    3.10868e-06

           Step           Time
          17000       34.00000

   Energies (kJ/mol)
           Bond          Angle    Proper Dih. Ryckaert-Bell.          LJ-14
    1.42164e+03    3.72390e+03    2.37929e+02    1.74665e+03    2.65688e+03
     Coulomb-14        LJ (SR)  Disper. corr.   Coulomb (SR)   Coul. recip.
    7.72731e+03    9.14678e+04   -4.44920e+03   -6.31633e+05    3.10639e+03
 Position Rest.      Potential    Kinetic En.   Total Energy  Conserved En.
    5.53454e+02   -5.23440e+05    8.63694e+04   -4.37071e+05   -5.05650e+05
    Temperature Pres. DC (bar) Pressure (bar)   Constr. rmsd
    3.02157e+02   -2.14729e+02   -6.93776e+02    3.62878e-06

           Step           Time
          17500       35.00000

   Energies (kJ/mol)
           Bond          Angle    Proper Dih. Ryckaert-Bell.          LJ-14
    1.42284e+03    3.68358e+03    2.71604e+02    1.74595e+03    2.68988e+03
     Coulomb-14        LJ (SR)  Disper. corr.   Coulomb (SR)   Coul. recip.
    7.68162e+03    9.20927e+04   -4.44920e+03   -6.32353e+05    2.99104e+03
 Position Rest.      Potential    Kinetic En.   Total Energy  Conserved En.
    4.95418e+02   -5.23728e+05    8.53299e+04   -4.38398e+05   -5.05623e+05
    Temperature Pres. DC (bar) Pressure (bar)   Constr. rmsd
    2.98520e+02   -2.14729e+02   -6.49572e+02    2.97903e-06

           Step           Time
          18000       36.00000

   Energies (kJ/mol)
           Bond          Angle    Proper Dih. Ryckaert-Bell.          LJ-14
    1.46142e+03    3.56442e+03    2.58897e+02    1.92675e+03    2.69799e+03
     Coulomb-14        LJ (SR)  Disper. corr.   Coulomb (SR)   Coul. recip.
    7.70374e+03    9.24575e+04   -4.44920e+03   -6.33148e+05    2.98761e+03
 Position Rest.      Potential    Kinetic En.   Total Energy  Conserved En.
    5.05863e+02   -5.24033e+05    8.54931e+04   -4.38540e+05   -5.05621e+05
    Temperature Pres. DC (bar) Pressure (bar)   Constr. rmsd
    2.99091e+02   -2.14729e+02   -7.48573e+02    2.64935e-06

           Step           Time
          18500       37.00000

   Energies (kJ/mol)
           Bond          Angle    Proper Dih. Ryckaert-Bell.          LJ-14
    1.38723e+03    3.62977e+03    2.83537e+02    1.83182e+03    2.67625e+03
     Coulomb-14        LJ (SR)  Disper. corr.   Coulomb (SR)   Coul. recip.
    7.75143e+03    9.28985e+04   -4.44920e+03   -6.32003e+05    3.00522e+03
 Position Rest.      Potential    Kinetic En.   Total Energy  Conserved En.
    4.59668e+02   -5.22529e+05    8.52032e+04   -4.37326e+05   -5.05630e+05
    Temperature Pres. DC (bar) Pressure (bar)   Constr. rmsd
    2.98077e+02   -2.14729e+02   -6.52809e+02    2.66787e-06

           Step           Time
          19000       38.00000

   Energies (kJ/mol)
           Bond          Angle    Proper Dih. Ryckaert-Bell.          LJ-14
    1.46090e+03    3.71707e+03    2.75229e+02    1.86202e+03    2.71142e+03
     Coulomb-14        LJ (SR)  Disper. corr.   Coulomb (SR)   Coul. recip.
    7.82684e+03    9.11983e+04   -4.44920e+03   -6.30561e+05    3.01459e+03
 Position Rest.      Potential    Kinetic En.   Total Energy  Conserved En.
    4.90024e+02   -5.22454e+05    8.58655e+04   -4.36588e+05   -5.05620e+05
    Temperature Pres. DC (bar) Pressure (bar)   Constr. rmsd
    3.00394e+02   -2.14729e+02   -4.37227e+02    2.96080e-06

           Step           Time
          19500       39.00000

   Energies (kJ/mol)
           Bond          Angle    Proper Dih. Ryckaert-Bell.          LJ-14
    1.47101e+03    3.72948e+03    2.17808e+02    1.84326e+03    2.73131e+03
     Coulomb-14        LJ (SR)  Disper. corr.   Coulomb (SR)   Coul. recip.
    7.73270e+03    9.20346e+04   -4.44920e+03   -6.30422e+05    2.94641e+03
 Position Rest.      Potential    Kinetic En.   Total Energy  Conserved En.
    5.12407e+02   -5.21652e+05    8.60343e+04   -4.35618e+05   -5.05604e+05
    Temperature Pres. DC (bar) Pressure (bar)   Constr. rmsd
    3.00984e+02   -2.14729e+02   -4.98816e+02    2.77923e-06

           Step           Time
          20000       40.00000

   Energies (kJ/mol)
           Bond          Angle    Proper Dih. Ryckaert-Bell.          LJ-14
    1.46610e+03    3.70332e+03    2.79651e+02    1.87979e+03    2.67862e+03
     Coulomb-14        LJ (SR)  Disper. corr.   Coulomb (SR)   Coul. recip.
    7.78656e+03    9.16164e+04   -4.44920e+03   -6.30399e+05    3.07684e+03
 Position Rest.      Potential    Kinetic En.   Total Energy  Conserved En.
    5.33513e+02   -5.21827e+05    8.59158e+04   -4.35912e+05   -5.05609e+05
    Temperature Pres. DC (bar) Pressure (bar)   Constr. rmsd
    3.00570e+02   -2.14729e+02   -4.11767e+02    2.84490e-06

           Step           Time
          20500       41.00000

   Energies (kJ/mol)
           Bond          Angle    Proper Dih. Ryckaert-Bell.          LJ-14
    1.37639e+03    3.61476e+03    2.20857e+02    1.88660e+03    2.67056e+03
     Coulomb-14        LJ (SR)  Disper. corr.   Coulomb (SR)   Coul. recip.
    7.71726e+03    9.35771e+04   -4.44920e+03   -6.33106e+05    2.93688e+03
 Position Rest.      Potential    Kinetic En.   Total Energy  Conserved En.
    4.96543e+02   -5.23059e+05    8.54064e+04   -4.37652e+05   -5.05598e+05
    Temperature Pres. DC (bar) Pressure (bar)   Constr. rmsd
    2.98788e+02   -2.14729e+02   -1.87494e+02    3.06659e-06

           Step           Time
          21000       42.00000

   Energies (kJ/mol)
           Bond          Angle    Proper Dih. Ryckaert-Bell.          LJ-14
    1.40977e+03    3.66441e+03    2.31359e+02    1.81169e+03    2.68771e+03
     Coulomb-14        LJ (SR)  Disper. corr.   Coulomb (SR)   Coul. recip.
    7.67120e+03    9.23369e+04   -4.44920e+03   -6.32884e+05    3.08169e+03
 Position Rest.      Potential    Kinetic En.   Total Energy  Conserved En.
    5.04668e+02   -5.23934e+05    8.46542e+04   -4.39280e+05   -5.05587e+05
    Temperature Pres. DC (bar) Pressure (bar)   Constr. rmsd
    2.96156e+02   -2.14729e+02   -5.32582e+02    2.56300e-06

           Step           Time
          21500       43.00000

   Energies (kJ/mol)
           Bond          Angle    Proper Dih. Ryckaert-Bell.          LJ-14
    1.51296e+03    3.70968e+03    2.69436e+02    1.92348e+03    2.68857e+03
     Coulomb-14        LJ (SR)  Disper. corr.   Coulomb (SR)   Coul. recip.
    7.80022e+03    9.28326e+04   -4.44920e+03   -6.31721e+05    3.00376e+03
 Position Rest.      Potential    Kinetic En.   Total Energy  Conserved En.
    4.86788e+02   -5.21942e+05    8.53800e+04   -4.36562e+05   -5.05573e+05
    Temperature Pres. DC (bar) Pressure (bar)   Constr. rmsd
    2.98695e+02   -2.14729e+02   -1.70960e+02    2.93824e-06

           Step           Time
          22000       44.00000

   Energies (kJ/mol)
           Bond          Angle    Proper Dih. Ryckaert-Bell.          LJ-14
    1.46171e+03    3.66588e+03    2.58474e+02    1.83534e+03    2.78431e+03
     Coulomb-14        LJ (SR)  Disper. corr.   Coulomb (SR)   Coul. recip.
    7.73505e+03    9.22714e+04   -4.44920e+03   -6.30470e+05    3.03611e+03
 Position Rest.      Potential    Kinetic En.   Total Energy  Conserved En.
    5.39280e+02   -5.21332e+05    8.66907e+04   -4.34641e+05   -5.05614e+05
    Temperature Pres. DC (bar) Pressure (bar)   Constr. rmsd
    3.03281e+02   -2.14729e+02   -4.05208e+02    2.81221e-06

           Step           Time
          22500       45.00000

   Energies (kJ/mol)
           Bond          Angle    Proper Dih. Ryckaert-Bell.          LJ-14
    1.41601e+03    3.66956e+03    2.86330e+02    1.78969e+03    2.70284e+03
     Coulomb-14        LJ (SR)  Disper. corr.   Coulomb (SR)   Coul. recip.
    7.64635e+03    9.12228e+04   -4.44920e+03   -6.30019e+05    3.01640e+03
 Position Rest.      Potential    Kinetic En.   Total Energy  Conserved En.
    4.45683e+02   -5.22273e+05    8.55062e+04   -4.36767e+05   -5.05605e+05
    Temperature Pres. DC (bar) Pressure (bar)   Constr. rmsd
    2.99137e+02   -2.14729e+02   -6.50265e+02    2.68673e-06

           Step           Time
          23000       46.00000

   Energies (kJ/mol)
           Bond          Angle    Proper Dih. Ryckaert-Bell.          LJ-14
    1.45950e+03    3.72425e+03    2.29473e+02    1.81124e+03    2.63123e+03
     Coulomb-14        LJ (SR)  Disper. corr.   Coulomb (SR)   Coul. recip.
    7.62659e+03    9.23145e+04   -4.44920e+03   -6.32066e+05    3.07067e+03
 Position Rest.      Potential    Kinetic En.   Total Energy  Conserved En.
    5.49664e+02   -5.23098e+05    8.50087e+04   -4.38089e+05   -5.05580e+05
    Temperature Pres. DC (bar) Pressure (bar)   Constr. rmsd
    2.97396e+02   -2.14729e+02   -4.44008e+02    2.97905e-06

           Step           Time
          23500       47.00000

   Energies (kJ/mol)
           Bond          Angle    Proper Dih. Ryckaert-Bell.          LJ-14
    1.50647e+03    3.67160e+03    2.57744e+02    1.77658e+03    2.74157e+03
     Coulomb-14        LJ (SR)  Disper. corr.   Coulomb (SR)   Coul. recip.
    7.78539e+03    9.17605e+04   -4.44920e+03   -6.31850e+05    2.99378e+03
 Position Rest.      Potential    Kinetic En.   Total Energy  Conserved En.
    5.24434e+02   -5.23281e+05    8.57846e+04   -4.37496e+05   -5.05565e+05
    Temperature Pres. DC (bar) Pressure (bar)   Constr. rmsd
    3.00111e+02   -2.14729e+02   -6.18816e+02    2.53565e-06

           Step           Time
          24000       48.00000

   Energies (kJ/mol)
           Bond          Angle    Proper Dih. Ryckaert-Bell.          LJ-14
    1.58434e+03    3.56432e+03    2.23880e+02    1.87803e+03    2.64300e+03
     Coulomb-14        LJ (SR)  Disper. corr.   Coulomb (SR)   Coul. recip.
    7.78244e+03    9.19143e+04   -4.44920e+03   -6.32168e+05    2.98344e+03
 Position Rest.      Potential    Kinetic En.   Total Energy  Conserved En.
    5.03073e+02   -5.23540e+05    8.57528e+04   -4.37787e+05   -5.05579e+05
    Temperature Pres. DC (bar) Pressure (bar)   Constr. rmsd
    3.00000e+02   -2.14729e+02   -7.60599e+02    3.04570e-06

           Step           Time
          24500       49.00000

   Energies (kJ/mol)
           Bond          Angle    Proper Dih. Ryckaert-Bell.          LJ-14
    1.51176e+03    3.91433e+03    2.46609e+02    1.91558e+03    2.65877e+03
     Coulomb-14        LJ (SR)  Disper. corr.   Coulomb (SR)   Coul. recip.
    7.78562e+03    9.21523e+04   -4.44920e+03   -6.30201e+05    3.10490e+03
 Position Rest.      Potential    Kinetic En.   Total Energy  Conserved En.
    5.86099e+02   -5.20774e+05    8.65703e+04   -4.34204e+05   -5.05556e+05
    Temperature Pres. DC (bar) Pressure (bar)   Constr. rmsd
    3.02860e+02   -2.14729e+02   -2.47069e+02    3.17501e-06

           Step           Time
          25000       50.00000

   Energies (kJ/mol)
           Bond          Angle    Proper Dih. Ryckaert-Bell.          LJ-14
    1.53008e+03    3.77290e+03    2.57706e+02    1.82411e+03    2.64924e+03
     Coulomb-14        LJ (SR)  Disper. corr.   Coulomb (SR)   Coul. recip.
    7.68819e+03    9.06489e+04   -4.44920e+03   -6.29904e+05    2.94390e+03
 Position Rest.      Potential    Kinetic En.   Total Energy  Conserved En.
    4.84696e+02   -5.22553e+05    8.62119e+04   -4.36341e+05   -5.05571e+05
    Temperature Pres. DC (bar) Pressure (bar)   Constr. rmsd
    3.01606e+02   -2.14729e+02   -9.93799e+02    3.33116e-06

           Step           Time
          25500       51.00000

   Energies (kJ/mol)
           Bond          Angle    Proper Dih. Ryckaert-Bell.          LJ-14
    1.45597e+03    3.54539e+03    2.47185e+02    1.83891e+03    2.70735e+03
     Coulomb-14        LJ (SR)  Disper. corr.   Coulomb (SR)   Coul. recip.
    7.80581e+03    9.17171e+04   -4.44920e+03   -6.31423e+05    3.05476e+03
 Position Rest.      Potential    Kinetic En.   Total Energy  Conserved En.
    5.19572e+02   -5.22980e+05    8.63598e+04   -4.36620e+05   -5.05563e+05
    Temperature Pres. DC (bar) Pressure (bar)   Constr. rmsd
    3.02123e+02   -2.14729e+02   -7.75616e+02    3.11530e-06

           Step           Time
          26000       52.00000

   Energies (kJ/mol)
           Bond          Angle    Proper Dih. Ryckaert-Bell.          LJ-14
    1.41912e+03    3.83786e+03    2.59173e+02    1.79921e+03    2.65002e+03
     Coulomb-14        LJ (SR)  Disper. corr.   Coulomb (SR)   Coul. recip.
    7.79568e+03    9.20776e+04   -4.44920e+03   -6.31440e+05    2.99633e+03
 Position Rest.      Potential    Kinetic En.   Total Energy  Conserved En.
    5.11222e+02   -5.22543e+05    8.58961e+04   -4.36647e+05   -5.05544e+05
    Temperature Pres. DC (bar) Pressure (bar)   Constr. rmsd
    3.00501e+02   -2.14729e+02   -4.83706e+02    2.81763e-06

           Step           Time
          26500       53.00000

   Energies (kJ/mol)
           Bond          Angle    Proper Dih. Ryckaert-Bell.          LJ-14
    1.37318e+03    3.73071e+03    2.56251e+02    1.81504e+03    2.75363e+03
     Coulomb-14        LJ (SR)  Disper. corr.   Coulomb (SR)   Coul. recip.
    7.72392e+03    9.15292e+04   -4.44920e+03   -6.30580e+05    3.05873e+03
 Position Rest.      Potential    Kinetic En.   Total Energy  Conserved En.
    5.11702e+02   -5.22276e+05    8.54861e+04   -4.36790e+05   -5.05555e+05
    Temperature Pres. DC (bar) Pressure (bar)   Constr. rmsd
    2.99067e+02   -2.14729e+02   -5.15192e+02    2.72695e-06

           Step           Time
          27000       54.00000

   Energies (kJ/mol)
           Bond          Angle    Proper Dih. Ryckaert-Bell.          LJ-14
    1.49879e+03    3.67195e+03    2.68495e+02    1.82716e+03    2.67880e+03
     Coulomb-14        LJ (SR)  Disper. corr.   Coulomb (SR)   Coul. recip.
    7.66678e+03    9.05985e+04   -4.44920e+03   -6.29467e+05    2.96100e+03
 Position Rest.      Potential    Kinetic En.   Total Energy  Conserved En.
    5.22001e+02   -5.22223e+05    8.53537e+04   -4.36869e+05   -5.05554e+05
    Temperature Pres. DC (bar) Pressure (bar)   Constr. rmsd
    2.98604e+02   -2.14729e+02   -8.63246e+02    2.91242e-06

           Step           Time
          27500       55.00000

   Energies (kJ/mol)
           Bond          Angle    Proper Dih. Ryckaert-Bell.          LJ-14
    1.42596e+03    3.51934e+03    2.32304e+02    1.84750e+03    2.68817e+03
     Coulomb-14        LJ (SR)  Disper. corr.   Coulomb (SR)   Coul. recip.
    7.67978e+03    9.18239e+04   -4.44920e+03   -6.31675e+05    2.95198e+03
 Position Rest.      Potential    Kinetic En.   Total Energy  Conserved En.
    5.41807e+02   -5.23413e+05    8.52741e+04   -4.38139e+05   -5.05564e+05
    Temperature Pres. DC (bar) Pressure (bar)   Constr. rmsd
    2.98325e+02   -2.14729e+02   -4.21170e+02    2.86714e-06

           Step           Time
          28000       56.00000

   Energies (kJ/mol)
           Bond          Angle    Proper Dih. Ryckaert-Bell.          LJ-14
    1.45501e+03    3.57428e+03    2.60873e+02    1.87345e+03    2.78233e+03
     Coulomb-14        LJ (SR)  Disper. corr.   Coulomb (SR)   Coul. recip.
    7.83673e+03    9.33026e+04   -4.44920e+03   -6.32050e+05    2.96269e+03
 Position Rest.      Potential    Kinetic En.   Total Energy  Conserved En.
    5.09428e+02   -5.21942e+05    8.60657e+04   -4.35876e+05   -5.05544e+05
    Temperature Pres. DC (bar) Pressure (bar)   Constr. rmsd
    3.01094e+02   -2.14729e+02   -1.27856e+02    2.94752e-06

           Step           Time
          28500       57.00000

   Energies (kJ/mol)
           Bond          Angle    Proper Dih. Ryckaert-Bell.          LJ-14
    1.45083e+03    3.76558e+03    2.68551e+02    1.89277e+03    2.70400e+03
     Coulomb-14        LJ (SR)  Disper. corr.   Coulomb (SR)   Coul. recip.
    7.70476e+03    9.05875e+04   -4.44920e+03   -6.30230e+05    3.10320e+03
 Position Rest.      Potential    Kinetic En.   Total Energy  Conserved En.
    5.47859e+02   -5.22654e+05    8.55221e+04   -4.37132e+05   -5.05533e+05
    Temperature Pres. DC (bar) Pressure (bar)   Constr. rmsd
    2.99193e+02   -2.14729e+02   -1.06456e+03    3.01343e-06

           Step           Time
          29000       58.00000

   Energies (kJ/mol)
           Bond          Angle    Proper Dih. Ryckaert-Bell.          LJ-14
    1.53464e+03    3.61045e+03    3.04533e+02    1.92452e+03    2.70138e+03
     Coulomb-14        LJ (SR)  Disper. corr.   Coulomb (SR)   Coul. recip.
    7.73149e+03    9.15474e+04   -4.44920e+03   -6.30437e+05    3.06297e+03
 Position Rest.      Potential    Kinetic En.   Total Energy  Conserved En.
    5.10909e+02   -5.21958e+05    8.57671e+04   -4.36191e+05   -5.05524e+05
    Temperature Pres. DC (bar) Pressure (bar)   Constr. rmsd
    3.00050e+02   -2.14729e+02   -3.33899e+02    3.07246e-06

           Step           Time
          29500       59.00000

   Energies (kJ/mol)
           Bond          Angle    Proper Dih. Ryckaert-Bell.          LJ-14
    1.35183e+03    3.89507e+03    2.54112e+02    1.80197e+03    2.74361e+03
     Coulomb-14        LJ (SR)  Disper. corr.   Coulomb (SR)   Coul. recip.
    7.85204e+03    9.17964e+04   -4.44920e+03   -6.31162e+05    3.07492e+03
 Position Rest.      Potential    Kinetic En.   Total Energy  Conserved En.
    5.01503e+02   -5.22339e+05    8.62013e+04   -4.36138e+05   -5.05530e+05
    Temperature Pres. DC (bar) Pressure (bar)   Constr. rmsd
    3.01569e+02   -2.14729e+02   -4.15822e+02    3.19658e-06

           Step           Time
          30000       60.00000

   Energies (kJ/mol)
           Bond          Angle    Proper Dih. Ryckaert-Bell.          LJ-14
    1.40846e+03    3.73533e+03    2.60785e+02    1.94810e+03    2.70984e+03
     Coulomb-14        LJ (SR)  Disper. corr.   Coulomb (SR)   Coul. recip.
    7.73876e+03    9.18911e+04   -4.44920e+03   -6.30979e+05    2.95933e+03
 Position Rest.      Potential    Kinetic En.   Total Energy  Conserved En.
    5.16453e+02   -5.22260e+05    8.59985e+04   -4.36261e+05   -5.05515e+05
    Temperature Pres. DC (bar) Pressure (bar)   Constr. rmsd
    3.00859e+02   -2.14729e+02   -6.75330e+02    2.84400e-06

           Step           Time
          30500       61.00000

   Energies (kJ/mol)
           Bond          Angle    Proper Dih. Ryckaert-Bell.          LJ-14
    1.51194e+03    3.67447e+03    2.36754e+02    1.88213e+03    2.71038e+03
     Coulomb-14        LJ (SR)  Disper. corr.   Coulomb (SR)   Coul. recip.
    7.76995e+03    9.32229e+04   -4.44920e+03   -6.32264e+05    3.06618e+03
 Position Rest.      Potential    Kinetic En.   Total Energy  Conserved En.
    5.12193e+02   -5.22126e+05    8.56472e+04   -4.36479e+05   -5.05507e+05
    Temperature Pres. DC (bar) Pressure (bar)   Constr. rmsd
    2.99630e+02   -2.14729e+02   -3.91574e+02    3.12961e-06

           Step           Time
          31000       62.00000

   Energies (kJ/mol)
           Bond          Angle    Proper Dih. Ryckaert-Bell.          LJ-14
    1.46638e+03    3.70043e+03    2.44353e+02    1.84537e+03    2.70465e+03
     Coulomb-14        LJ (SR)  Disper. corr.   Coulomb (SR)   Coul. recip.
    7.84227e+03    9.11976e+04   -4.44920e+03   -6.30017e+05    3.02743e+03
 Position Rest.      Potential    Kinetic En.   Total Energy  Conserved En.
    4.88869e+02   -5.21949e+05    8.53989e+04   -4.36550e+05   -5.05503e+05
    Temperature Pres. DC (bar) Pressure (bar)   Constr. rmsd
    2.98762e+02   -2.14729e+02   -1.05104e+03    3.04025e-06

           Step           Time
          31500       63.00000

   Energies (kJ/mol)
           Bond          Angle    Proper Dih. Ryckaert-Bell.          LJ-14
    1.41149e+03    3.76001e+03    2.54119e+02    1.83515e+03    2.79117e+03
     Coulomb-14        LJ (SR)  Disper. corr.   Coulomb (SR)   Coul. recip.
    7.79277e+03    9.23715e+04   -4.44920e+03   -6.31386e+05    3.04768e+03
 Position Rest.      Potential    Kinetic En.   Total Energy  Conserved En.
    5.65511e+02   -5.22006e+05    8.57977e+04   -4.36208e+05   -5.05510e+05
    Temperature Pres. DC (bar) Pressure (bar)   Constr. rmsd
    3.00157e+02   -2.14729e+02   -5.44368e+02    2.89636e-06

           Step           Time
          32000       64.00000

   Energies (kJ/mol)
           Bond          Angle    Proper Dih. Ryckaert-Bell.          LJ-14
    1.40987e+03    3.68537e+03    2.70409e+02    1.88401e+03    2.79643e+03
     Coulomb-14        LJ (SR)  Disper. corr.   Coulomb (SR)   Coul. recip.
    7.80063e+03    9.15677e+04   -4.44920e+03   -6.30671e+05    2.97071e+03
 Position Rest.      Potential    Kinetic En.   Total Energy  Conserved En.
    5.39585e+02   -5.22195e+05    8.55446e+04   -4.36650e+05   -5.05504e+05
    Temperature Pres. DC (bar) Pressure (bar)   Constr. rmsd
    2.99271e+02   -2.14729e+02   -7.72846e+02    2.98660e-06

           Step           Time
          32500       65.00000

   Energies (kJ/mol)
           Bond          Angle    Proper Dih. Ryckaert-Bell.          LJ-14
    1.48642e+03    3.66726e+03    2.61028e+02    1.80748e+03    2.66550e+03
     Coulomb-14        LJ (SR)  Disper. corr.   Coulomb (SR)   Coul. recip.
    7.73190e+03    9.05505e+04   -4.44920e+03   -6.28038e+05    3.00419e+03
 Position Rest.      Potential    Kinetic En.   Total Energy  Conserved En.
    5.64299e+02   -5.20749e+05    8.61008e+04   -4.34648e+05   -5.05513e+05
    Temperature Pres. DC (bar) Pressure (bar)   Constr. rmsd
    3.01217e+02   -2.14729e+02   -5.85950e+02    3.25627e-06

           Step           Time
          33000       66.00000

   Energies (kJ/mol)
           Bond          Angle    Proper Dih. Ryckaert-Bell.          LJ-14
    1.41405e+03    3.54549e+03    2.78550e+02    1.89443e+03    2.77255e+03
     Coulomb-14        LJ (SR)  Disper. corr.   Coulomb (SR)   Coul. recip.
    7.79479e+03    9.16685e+04   -4.44920e+03   -6.30532e+05    3.05491e+03
 Position Rest.      Potential    Kinetic En.   Total Energy  Conserved En.
    5.14439e+02   -5.22043e+05    8.59237e+04   -4.36119e+05   -5.05493e+05
    Temperature Pres. DC (bar) Pressure (bar)   Constr. rmsd
    3.00598e+02   -2.14729e+02   -5.29390e+02    2.92011e-06

           Step           Time
          33500       67.00000

   Energies (kJ/mol)
           Bond          Angle    Proper Dih. Ryckaert-Bell.          LJ-14
    1.43659e+03    3.74782e+03    2.60678e+02    1.81590e+03    2.71112e+03
     Coulomb-14        LJ (SR)  Disper. corr.   Coulomb (SR)   Coul. recip.
    7.89560e+03    9.20332e+04   -4.44920e+03   -6.31651e+05    2.97696e+03
 Position Rest.      Potential    Kinetic En.   Total Energy  Conserved En.
    4.75413e+02   -5.22747e+05    8.53109e+04   -4.37436e+05   -5.05471e+05
    Temperature Pres. DC (bar) Pressure (bar)   Constr. rmsd
    2.98454e+02   -2.14729e+02   -5.72659e+02    2.85747e-06

           Step           Time
          34000       68.00000

   Energies (kJ/mol)
           Bond          Angle    Proper Dih. Ryckaert-Bell.          LJ-14
    1.47151e+03    3.51615e+03    2.56334e+02    1.83063e+03    2.74552e+03
     Coulomb-14        LJ (SR)  Disper. corr.   Coulomb (SR)   Coul. recip.
    7.73227e+03    9.08931e+04   -4.44920e+03   -6.29729e+05    2.94036e+03
 Position Rest.      Potential    Kinetic En.   Total Energy  Conserved En.
    4.78377e+02   -5.22314e+05    8.54300e+04   -4.36884e+05   -5.05497e+05
    Temperature Pres. DC (bar) Pressure (bar)   Constr. rmsd
    2.98870e+02   -2.14729e+02   -4.72153e+02    2.92737e-06

           Step           Time
          34500       69.00000

   Energies (kJ/mol)
           Bond          Angle    Proper Dih. Ryckaert-Bell.          LJ-14
    1.48029e+03    3.82752e+03    2.18096e+02    1.84804e+03    2.60420e+03
     Coulomb-14        LJ (SR)  Disper. corr.   Coulomb (SR)   Coul. recip.
    7.69242e+03    9.21182e+04   -4.44920e+03   -6.32068e+05    2.94263e+03
 Position Rest.      Potential    Kinetic En.   Total Energy  Conserved En.
    5.46161e+02   -5.23240e+05    8.55396e+04   -4.37700e+05   -5.05477e+05
    Temperature Pres. DC (bar) Pressure (bar)   Constr. rmsd
    2.99254e+02   -2.14729e+02   -5.26204e+02    2.73770e-06

           Step           Time
          35000       70.00000

   Energies (kJ/mol)
           Bond          Angle    Proper Dih. Ryckaert-Bell.          LJ-14
    1.42814e+03    3.66994e+03    2.50343e+02    1.78269e+03    2.74103e+03
     Coulomb-14        LJ (SR)  Disper. corr.   Coulomb (SR)   Coul. recip.
    7.75704e+03    9.30936e+04   -4.44920e+03   -6.32798e+05    2.94226e+03
 Position Rest.      Potential    Kinetic En.   Total Energy  Conserved En.
    4.70285e+02   -5.23111e+05    8.61511e+04   -4.36960e+05   -5.05491e+05
    Temperature Pres. DC (bar) Pressure (bar)   Constr. rmsd
    3.01393e+02   -2.14729e+02   -4.63263e+02    4.15377e-06

           Step           Time
          35500       71.00000

   Energies (kJ/mol)
           Bond          Angle    Proper Dih. Ryckaert-Bell.          LJ-14
    1.53733e+03    3.68786e+03    3.08666e+02    1.87765e+03    2.67911e+03
     Coulomb-14        LJ (SR)  Disper. corr.   Coulomb (SR)   Coul. recip.
    7.74776e+03    9.25779e+04   -4.44920e+03   -6.30469e+05    3.00044e+03
 Position Rest.      Potential    Kinetic En.   Total Energy  Conserved En.
    5.04267e+02   -5.20998e+05    8.58362e+04   -4.35161e+05   -5.05463e+05
    Temperature Pres. DC (bar) Pressure (bar)   Constr. rmsd
    3.00291e+02   -2.14729e+02   -4.23955e+02    2.68597e-06

           Step           Time
          36000       72.00000

   Energies (kJ/mol)
           Bond          Angle    Proper Dih. Ryckaert-Bell.          LJ-14
    1.50613e+03    3.85561e+03    2.81401e+02    1.84098e+03    2.70185e+03
     Coulomb-14        LJ (SR)  Disper. corr.   Coulomb (SR)   Coul. recip.
    7.66676e+03    9.25812e+04   -4.44920e+03   -6.30401e+05    2.96798e+03
 Position Rest.      Potential    Kinetic En.   Total Energy  Conserved En.
    5.57708e+02   -5.20890e+05    8.56109e+04   -4.35279e+05   -5.05454e+05
    Temperature Pres. DC (bar) Pressure (bar)   Constr. rmsd
    2.99503e+02   -2.14729e+02   -4.03154e+02    2.67637e-06

           Step           Time
          36500       73.00000

   Energies (kJ/mol)
           Bond          Angle    Proper Dih. Ryckaert-Bell.          LJ-14
    1.44199e+03    3.65406e+03    2.75254e+02    1.91765e+03    2.68307e+03
     Coulomb-14        LJ (SR)  Disper. corr.   Coulomb (SR)   Coul. recip.
    7.69986e+03    9.21310e+04   -4.44920e+03   -6.31598e+05    3.07881e+03
 Position Rest.      Potential    Kinetic En.   Total Energy  Conserved En.
    5.18229e+02   -5.22647e+05    8.54370e+04   -4.37210e+05   -5.05470e+05
    Temperature Pres. DC (bar) Pressure (bar)   Constr. rmsd
    2.98895e+02   -2.14729e+02   -6.16256e+02    2.55961e-06

           Step           Time
          37000       74.00000

   Energies (kJ/mol)
           Bond          Angle    Proper Dih. Ryckaert-Bell.          LJ-14
    1.46837e+03    3.63545e+03    2.62370e+02    1.83002e+03    2.68203e+03
     Coulomb-14        LJ (SR)  Disper. corr.   Coulomb (SR)   Coul. recip.
    7.74112e+03    9.06957e+04   -4.44920e+03   -6.29859e+05    2.86656e+03
 Position Rest.      Potential    Kinetic En.   Total Energy  Conserved En.
    5.33119e+02   -5.22593e+05    8.58696e+04   -4.36724e+05   -5.05476e+05
    Temperature Pres. DC (bar) Pressure (bar)   Constr. rmsd
    3.00408e+02   -2.14729e+02   -8.57616e+02    2.90044e-06

           Step           Time
          37500       75.00000

   Energies (kJ/mol)
           Bond          Angle    Proper Dih. Ryckaert-Bell.          LJ-14
    1.48992e+03    3.66953e+03    2.55670e+02    1.89540e+03    2.70225e+03
     Coulomb-14        LJ (SR)  Disper. corr.   Coulomb (SR)   Coul. recip.
    7.81295e+03    9.14749e+04   -4.44920e+03   -6.30161e+05    3.09854e+03
 Position Rest.      Potential    Kinetic En.   Total Energy  Conserved En.
    5.13148e+02   -5.21698e+05    8.52586e+04   -4.36440e+05   -5.05435e+05
    Temperature Pres. DC (bar) Pressure (bar)   Constr. rmsd
    2.98271e+02   -2.14729e+02   -8.03523e+02    2.93158e-06

           Step           Time
          38000       76.00000

   Energies (kJ/mol)
           Bond          Angle    Proper Dih. Ryckaert-Bell.          LJ-14
    1.56764e+03    3.64562e+03    2.11387e+02    1.78867e+03    2.69389e+03
     Coulomb-14        LJ (SR)  Disper. corr.   Coulomb (SR)   Coul. recip.
    7.71575e+03    8.99932e+04   -4.44920e+03   -6.27459e+05    3.04206e+03
 Position Rest.      Potential    Kinetic En.   Total Energy  Conserved En.
    5.42605e+02   -5.20707e+05    8.62662e+04   -4.34441e+05   -5.05456e+05
    Temperature Pres. DC (bar) Pressure (bar)   Constr. rmsd
    3.01796e+02   -2.14729e+02   -9.61857e+02    3.01943e-06

           Step           Time
          38500       77.00000

   Energies (kJ/mol)
           Bond          Angle    Proper Dih. Ryckaert-Bell.          LJ-14
    1.47068e+03    3.77701e+03    2.73153e+02    1.81910e+03    2.59486e+03
     Coulomb-14        LJ (SR)  Disper. corr.   Coulomb (SR)   Coul. recip.
    7.74046e+03    9.21834e+04   -4.44920e+03   -6.32938e+05    2.96612e+03
 Position Rest.      Potential    Kinetic En.   Total Energy  Conserved En.
    4.64989e+02   -5.24097e+05    8.63944e+04   -4.37703e+05   -5.05446e+05
    Temperature Pres. DC (bar) Pressure (bar)   Constr. rmsd
    3.02244e+02   -2.14729e+02   -7.73280e+02    2.76881e-06

           Step           Time
          39000       78.00000

   Energies (kJ/mol)
           Bond          Angle    Proper Dih. Ryckaert-Bell.          LJ-14
    1.31124e+03    3.64036e+03    2.52275e+02    1.86320e+03    2.69214e+03
     Coulomb-14        LJ (SR)  Disper. corr.   Coulomb (SR)   Coul. recip.
    7.71370e+03    9.23561e+04   -4.44920e+03   -6.32092e+05    2.96608e+03
 Position Rest.      Potential    Kinetic En.   Total Energy  Conserved En.
    5.41301e+02   -5.23205e+05    8.55741e+04   -4.37631e+05   -5.05471e+05
    Temperature Pres. DC (bar) Pressure (bar)   Constr. rmsd
    2.99375e+02   -2.14729e+02   -1.60140e+02    3.11490e-06

           Step           Time
          39500       79.00000

   Energies (kJ/mol)
           Bond          Angle    Proper Dih. Ryckaert-Bell.          LJ-14
    1.47257e+03    3.74274e+03    2.52336e+02    1.89890e+03    2.66638e+03
     Coulomb-14        LJ (SR)  Disper. corr.   Coulomb (SR)   Coul. recip.
    7.73360e+03    9.22596e+04   -4.44920e+03   -6.30909e+05    3.01881e+03
 Position Rest.      Potential    Kinetic En.   Total Energy  Conserved En.
    4.86956e+02   -5.21826e+05    8.52739e+04   -4.36552e+05   -5.05431e+05
    Temperature Pres. DC (bar) Pressure (bar)   Constr. rmsd
    2.98324e+02   -2.14729e+02   -6.55560e+02    2.85422e-06

           Step           Time
          40000       80.00000

   Energies (kJ/mol)
           Bond          Angle    Proper Dih. Ryckaert-Bell.          LJ-14
    1.54090e+03    3.74619e+03    2.50584e+02    1.84660e+03    2.71402e+03
     Coulomb-14        LJ (SR)  Disper. corr.   Coulomb (SR)   Coul. recip.
    7.69010e+03    9.10409e+04   -4.44920e+03   -6.29057e+05    3.08474e+03
 Position Rest.      Potential    Kinetic En.   Total Energy  Conserved En.
    5.39425e+02   -5.21053e+05    8.54463e+04   -4.35606e+05   -5.05431e+05
    Temperature Pres. DC (bar) Pressure (bar)   Constr. rmsd
    2.98927e+02   -2.14729e+02   -5.84630e+02    2.92770e-06

           Step           Time
          40500       81.00000

   Energies (kJ/mol)
           Bond          Angle    Proper Dih. Ryckaert-Bell.          LJ-14
    1.50381e+03    3.64355e+03    2.88777e+02    1.85029e+03    2.75070e+03
     Coulomb-14        LJ (SR)  Disper. corr.   Coulomb (SR)   Coul. recip.
    7.83769e+03    9.26545e+04   -4.44920e+03   -6.33386e+05    2.90129e+03
 Position Rest.      Potential    Kinetic En.   Total Energy  Conserved En.
    4.62414e+02   -5.23942e+05    8.56079e+04   -4.38334e+05   -5.05426e+05
    Temperature Pres. DC (bar) Pressure (bar)   Constr. rmsd
    2.99493e+02   -2.14729e+02   -5.06762e+02    3.00736e-06

           Step           Time
          41000       82.00000

   Energies (kJ/mol)
           Bond          Angle    Proper Dih. Ryckaert-Bell.          LJ-14
    1.52607e+03    3.75880e+03    2.44957e+02    1.81232e+03    2.61462e+03
     Coulomb-14        LJ (SR)  Disper. corr.   Coulomb (SR)   Coul. recip.
    7.68372e+03    9.19109e+04   -4.44920e+03   -6.32393e+05    3.07576e+03
 Position Rest.      Potential    Kinetic En.   Total Energy  Conserved En.
    4.76967e+02   -5.23738e+05    8.55570e+04   -4.38181e+05   -5.05410e+05
    Temperature Pres. DC (bar) Pressure (bar)   Constr. rmsd
    2.99315e+02   -2.14729e+02   -6.45676e+02    3.03076e-06

           Step           Time
          41500       83.00000

   Energies (kJ/mol)
           Bond          Angle    Proper Dih. Ryckaert-Bell.          LJ-14
    1.45454e+03    3.77767e+03    2.52174e+02    1.76663e+03    2.71509e+03
     Coulomb-14        LJ (SR)  Disper. corr.   Coulomb (SR)   Coul. recip.
    7.68590e+03    9.28791e+04   -4.44920e+03   -6.32165e+05    2.99867e+03
 Position Rest.      Potential    Kinetic En.   Total Energy  Conserved En.
    5.01941e+02   -5.22582e+05    8.59817e+04   -4.36601e+05   -5.05424e+05
    Temperature Pres. DC (bar) Pressure (bar)   Constr. rmsd
    3.00800e+02   -2.14729e+02   -1.17575e+02    2.84107e-06

           Step           Time
          42000       84.00000

   Energies (kJ/mol)
           Bond          Angle    Proper Dih. Ryckaert-Bell.          LJ-14
    1.60848e+03    3.79741e+03    2.29468e+02    1.83801e+03    2.70749e+03
     Coulomb-14        LJ (SR)  Disper. corr.   Coulomb (SR)   Coul. recip.
    7.77059e+03    9.28540e+04   -4.44920e+03   -6.32221e+05    2.98986e+03
 Position Rest.      Potential    Kinetic En.   Total Energy  Conserved En.
    5.16700e+02   -5.22358e+05    8.68543e+04   -4.35504e+05   -5.05410e+05
    Temperature Pres. DC (bar) Pressure (bar)   Constr. rmsd
    3.03853e+02   -2.14729e+02   -3.67341e+02    3.28849e-06

           Step           Time
          42500       85.00000

   Energies (kJ/mol)
           Bond          Angle    Proper Dih. Ryckaert-Bell.          LJ-14
    1.50455e+03    3.65392e+03    2.57923e+02    1.79971e+03    2.66098e+03
     Coulomb-14        LJ (SR)  Disper. corr.   Coulomb (SR)   Coul. recip.
    7.68349e+03    9.28566e+04   -4.44920e+03   -6.33204e+05    2.95617e+03
 Position Rest.      Potential    Kinetic En.   Total Energy  Conserved En.
    4.66875e+02   -5.23813e+05    8.56673e+04   -4.38146e+05   -5.05408e+05
    Temperature Pres. DC (bar) Pressure (bar)   Constr. rmsd
    2.99701e+02   -2.14729e+02   -4.86801e+02    2.73965e-06

           Step           Time
          43000       86.00000

   Energies (kJ/mol)
           Bond          Angle    Proper Dih. Ryckaert-Bell.          LJ-14
    1.49818e+03    3.70157e+03    2.43555e+02    1.90003e+03    2.63371e+03
     Coulomb-14        LJ (SR)  Disper. corr.   Coulomb (SR)   Coul. recip.
    7.75994e+03    9.21918e+04   -4.44920e+03   -6.32030e+05    2.95354e+03
 Position Rest.      Potential    Kinetic En.   Total Energy  Conserved En.
    4.93699e+02   -5.23103e+05    8.53794e+04   -4.37723e+05   -5.05405e+05
    Temperature Pres. DC (bar) Pressure (bar)   Constr. rmsd
    2.98694e+02   -2.14729e+02   -7.27364e+02    2.74385e-06

           Step           Time
          43500       87.00000

   Energies (kJ/mol)
           Bond          Angle    Proper Dih. Ryckaert-Bell.          LJ-14
    1.42127e+03    3.85195e+03    2.13181e+02    1.79053e+03    2.70770e+03
     Coulomb-14        LJ (SR)  Disper. corr.   Coulomb (SR)   Coul. recip.
    7.71923e+03    9.06848e+04   -4.44920e+03   -6.29539e+05    2.93450e+03
 Position Rest.      Potential    Kinetic En.   Total Energy  Conserved En.
    4.89434e+02   -5.22176e+05    8.58393e+04   -4.36337e+05   -5.05392e+05
    Temperature Pres. DC (bar) Pressure (bar)   Constr. rmsd
    3.00302e+02   -2.14729e+02   -9.44595e+02    2.77734e-06

           Step           Time
          44000       88.00000

   Energies (kJ/mol)
           Bond          Angle    Proper Dih. Ryckaert-Bell.          LJ-14
    1.39027e+03    3.89881e+03    2.68620e+02    1.87819e+03    2.72096e+03
     Coulomb-14        LJ (SR)  Disper. corr.   Coulomb (SR)   Coul. recip.
    7.75890e+03    9.16351e+04   -4.44920e+03   -6.30344e+05    3.01199e+03
 Position Rest.      Potential    Kinetic En.   Total Energy  Conserved En.
    4.82052e+02   -5.21748e+05    8.56044e+04   -4.36144e+05   -5.05392e+05
    Temperature Pres. DC (bar) Pressure (bar)   Constr. rmsd
    2.99481e+02   -2.14729e+02   -5.10290e+02    2.89769e-06

           Step           Time
          44500       89.00000

   Energies (kJ/mol)
           Bond          Angle    Proper Dih. Ryckaert-Bell.          LJ-14
    1.44398e+03    3.83563e+03    2.48490e+02    1.88456e+03    2.62897e+03
     Coulomb-14        LJ (SR)  Disper. corr.   Coulomb (SR)   Coul. recip.
    7.74741e+03    9.11466e+04   -4.44920e+03   -6.29287e+05    3.03492e+03
 Position Rest.      Potential    Kinetic En.   Total Energy  Conserved En.
    4.95782e+02   -5.21270e+05    8.63438e+04   -4.34926e+05   -5.05392e+05
    Temperature Pres. DC (bar) Pressure (bar)   Constr. rmsd
    3.02067e+02   -2.14729e+02   -3.67769e+02    3.06150e-06

           Step           Time
          45000       90.00000

   Energies (kJ/mol)
           Bond          Angle    Proper Dih. Ryckaert-Bell.          LJ-14
    1.43934e+03    3.90239e+03    2.18870e+02    1.85967e+03    2.75150e+03
     Coulomb-14        LJ (SR)  Disper. corr.   Coulomb (SR)   Coul. recip.
    7.78363e+03    9.11933e+04   -4.44920e+03   -6.31202e+05    3.07077e+03
 Position Rest.      Potential    Kinetic En.   Total Energy  Conserved En.
    4.40697e+02   -5.22991e+05    8.60552e+04   -4.36936e+05   -5.05381e+05
    Temperature Pres. DC (bar) Pressure (bar)   Constr. rmsd
    3.01058e+02   -2.14729e+02   -7.40933e+02    2.67627e-06

           Step           Time
          45500       91.00000

   Energies (kJ/mol)
           Bond          Angle    Proper Dih. Ryckaert-Bell.          LJ-14
    1.43507e+03    3.81315e+03    2.92274e+02    1.78645e+03    2.74836e+03
     Coulomb-14        LJ (SR)  Disper. corr.   Coulomb (SR)   Coul. recip.
    7.73475e+03    9.36355e+04   -4.44920e+03   -6.33259e+05    2.99378e+03
 Position Rest.      Potential    Kinetic En.   Total Energy  Conserved En.
    4.66136e+02   -5.22803e+05    8.61228e+04   -4.36680e+05   -5.05386e+05
    Temperature Pres. DC (bar) Pressure (bar)   Constr. rmsd
    3.01294e+02   -2.14729e+02   -4.79048e+02    3.06759e-06

Writing checkpoint, step 45850 at Mon Jun  2 21:14:17 2025


           Step           Time
          46000       92.00000

   Energies (kJ/mol)
           Bond          Angle    Proper Dih. Ryckaert-Bell.          LJ-14
    1.49178e+03    3.69398e+03    2.37371e+02    1.83589e+03    2.74813e+03
     Coulomb-14        LJ (SR)  Disper. corr.   Coulomb (SR)   Coul. recip.
    7.88541e+03    9.17391e+04   -4.44920e+03   -6.30575e+05    2.98313e+03
 Position Rest.      Potential    Kinetic En.   Total Energy  Conserved En.
    4.75847e+02   -5.21934e+05    8.60682e+04   -4.35866e+05   -5.05384e+05
    Temperature Pres. DC (bar) Pressure (bar)   Constr. rmsd
    3.01103e+02   -2.14729e+02   -4.32956e+02    3.03453e-06

           Step           Time
          46500       93.00000

   Energies (kJ/mol)
           Bond          Angle    Proper Dih. Ryckaert-Bell.          LJ-14
    1.46421e+03    3.74451e+03    2.48264e+02    1.89371e+03    2.70425e+03
     Coulomb-14        LJ (SR)  Disper. corr.   Coulomb (SR)   Coul. recip.
    7.76329e+03    9.13315e+04   -4.44920e+03   -6.30175e+05    2.95548e+03
 Position Rest.      Potential    Kinetic En.   Total Energy  Conserved En.
    4.43431e+02   -5.22076e+05    8.58152e+04   -4.36261e+05   -5.05377e+05
    Temperature Pres. DC (bar) Pressure (bar)   Constr. rmsd
    3.00218e+02   -2.14729e+02   -5.59492e+02    2.81787e-06

           Step           Time
          47000       94.00000

   Energies (kJ/mol)
           Bond          Angle    Proper Dih. Ryckaert-Bell.          LJ-14
    1.48313e+03    3.79046e+03    2.81786e+02    1.88435e+03    2.72826e+03
     Coulomb-14        LJ (SR)  Disper. corr.   Coulomb (SR)   Coul. recip.
    7.71426e+03    9.29291e+04   -4.44920e+03   -6.31320e+05    3.02175e+03
 Position Rest.      Potential    Kinetic En.   Total Energy  Conserved En.
    4.95595e+02   -5.21441e+05    8.69495e+04   -4.34491e+05   -5.05380e+05
    Temperature Pres. DC (bar) Pressure (bar)   Constr. rmsd
    3.04186e+02   -2.14729e+02   -3.53332e+02    3.19261e-06

           Step           Time
          47500       95.00000

   Energies (kJ/mol)
           Bond          Angle    Proper Dih. Ryckaert-Bell.          LJ-14
    1.40276e+03    3.73292e+03    2.60471e+02    1.85136e+03    2.74826e+03
     Coulomb-14        LJ (SR)  Disper. corr.   Coulomb (SR)   Coul. recip.
    7.75093e+03    9.17464e+04   -4.44920e+03   -6.30925e+05    2.98058e+03
 Position Rest.      Potential    Kinetic En.   Total Energy  Conserved En.
    5.06839e+02   -5.22394e+05    8.60476e+04   -4.36346e+05   -5.05371e+05
    Temperature Pres. DC (bar) Pressure (bar)   Constr. rmsd
    3.01031e+02   -2.14729e+02   -7.15618e+02    2.98742e-06

           Step           Time
          48000       96.00000

   Energies (kJ/mol)
           Bond          Angle    Proper Dih. Ryckaert-Bell.          LJ-14
    1.49342e+03    3.70877e+03    2.72180e+02    1.80817e+03    2.75085e+03
     Coulomb-14        LJ (SR)  Disper. corr.   Coulomb (SR)   Coul. recip.
    7.72221e+03    9.34558e+04   -4.44920e+03   -6.32494e+05    3.06432e+03
 Position Rest.      Potential    Kinetic En.   Total Energy  Conserved En.
    5.30800e+02   -5.22137e+05    8.61263e+04   -4.36011e+05   -5.05360e+05
    Temperature Pres. DC (bar) Pressure (bar)   Constr. rmsd
    3.01306e+02   -2.14729e+02   -3.60795e+02    2.92577e-06

           Step           Time
          48500       97.00000

   Energies (kJ/mol)
           Bond          Angle    Proper Dih. Ryckaert-Bell.          LJ-14
    1.36802e+03    3.72738e+03    2.52884e+02    1.88203e+03    2.73437e+03
     Coulomb-14        LJ (SR)  Disper. corr.   Coulomb (SR)   Coul. recip.
    7.79680e+03    9.08258e+04   -4.44920e+03   -6.29806e+05    3.00617e+03
 Position Rest.      Potential    Kinetic En.   Total Energy  Conserved En.
    5.58341e+02   -5.22103e+05    8.55337e+04   -4.36570e+05   -5.05366e+05
    Temperature Pres. DC (bar) Pressure (bar)   Constr. rmsd
    2.99233e+02   -2.14729e+02   -4.40905e+02    2.48689e-06

           Step           Time
          49000       98.00000

   Energies (kJ/mol)
           Bond          Angle    Proper Dih. Ryckaert-Bell.          LJ-14
    1.48651e+03    3.66320e+03    2.38105e+02    1.86047e+03    2.61253e+03
     Coulomb-14        LJ (SR)  Disper. corr.   Coulomb (SR)   Coul. recip.
    7.77196e+03    9.18144e+04   -4.44920e+03   -6.31383e+05    3.03573e+03
 Position Rest.      Potential    Kinetic En.   Total Energy  Conserved En.
    4.96349e+02   -5.22853e+05    8.56149e+04   -4.37238e+05   -5.05362e+05
    Temperature Pres. DC (bar) Pressure (bar)   Constr. rmsd
    2.99517e+02   -2.14729e+02   -6.21014e+02    2.73805e-06

           Step           Time
          49500       99.00000

   Energies (kJ/mol)
           Bond          Angle    Proper Dih. Ryckaert-Bell.          LJ-14
    1.41669e+03    3.60657e+03    2.52451e+02    1.86234e+03    2.70561e+03
     Coulomb-14        LJ (SR)  Disper. corr.   Coulomb (SR)   Coul. recip.
    7.72943e+03    9.22962e+04   -4.44920e+03   -6.32120e+05    3.01547e+03
 Position Rest.      Potential    Kinetic En.   Total Energy  Conserved En.
    5.49486e+02   -5.23135e+05    8.50006e+04   -4.38135e+05   -5.05368e+05
    Temperature Pres. DC (bar) Pressure (bar)   Constr. rmsd
    2.97368e+02   -2.14729e+02   -5.46239e+02    2.66218e-06

           Step           Time
          50000      100.00000

Writing checkpoint, step 50000 at Mon Jun  2 21:15:41 2025


   Energies (kJ/mol)
           Bond          Angle    Proper Dih. Ryckaert-Bell.          LJ-14
    1.44842e+03    3.80637e+03    2.61508e+02    1.89774e+03    2.67237e+03
     Coulomb-14        LJ (SR)  Disper. corr.   Coulomb (SR)   Coul. recip.
    7.67786e+03    9.14462e+04   -4.44920e+03   -6.30349e+05    2.97622e+03
 Position Rest.      Potential    Kinetic En.   Total Energy  Conserved En.
    5.18836e+02   -5.22093e+05    8.67102e+04   -4.35383e+05   -5.05373e+05
    Temperature Pres. DC (bar) Pressure (bar)   Constr. rmsd
    3.03349e+02   -2.14729e+02   -5.21538e+02    3.27244e-06


Energy conservation over simulation part #1 of length 100 ps, time 0 to 100 ps
  Conserved energy drift: 3.82e-04 kJ/mol/ps per atom


	<======  ###############  ==>
	<====  A V E R A G E S  ====>
	<==  ###############  ======>

	Statistics over 50001 steps using 501 frames

   Energies (kJ/mol)
           Bond          Angle    Proper Dih. Ryckaert-Bell.          LJ-14
    1.45099e+03    3.70761e+03    2.49621e+02    1.84612e+03    2.68886e+03
     Coulomb-14        LJ (SR)  Disper. corr.   Coulomb (SR)   Coul. recip.
    7.74044e+03    9.20394e+04   -4.44920e+03   -6.31449e+05    3.01201e+03
 Position Rest.      Potential    Kinetic En.   Total Energy  Conserved En.
    5.03205e+02   -5.22660e+05    8.56949e+04   -4.36965e+05   -5.05568e+05
    Temperature Pres. DC (bar) Pressure (bar)   Constr. rmsd
    2.99797e+02   -2.14729e+02   -5.40974e+02    0.00000e+00

   Total Virial (kJ/mol)
    3.40448e+04   -1.04140e+02   -1.30099e+02
   -1.04405e+02    3.43775e+04    1.63803e+02
   -1.30202e+02    1.63946e+02    3.41066e+04

   Pressure (bar)
   -5.24182e+02    1.15304e+01    1.27403e+01
    1.15559e+01   -5.62124e+02   -1.65205e+01
    1.27502e+01   -1.65343e+01   -5.36616e+02

      T-Protein  T-non-Protein
    2.99838e+02    2.99794e+02


	M E G A - F L O P S   A C C O U N T I N G

 NB=Group-cutoff nonbonded kernels    NxN=N-by-N cluster Verlet kernels
 RF=Reaction-Field  VdW=Van der Waals  QSTab=quadratic-spline table
 W3=SPC/TIP3p  W4=TIP4p (single or pairs)
 V&F=Potential and force  V=Potential only  F=Force only

 Computing:                               M-Number         M-Flops  % Flops
-----------------------------------------------------------------------------
 Pair Search distance check           11961.382818      107652.445     0.2
 NxN Ewald Elec. + LJ [F]            438684.256296    28953160.916    51.2
 NxN Ewald Elec. + LJ [V&F]            4440.024672      475082.640     0.8
 NxN Ewald Elec. [F]                 393185.435128    23984311.543    42.4
 NxN Ewald Elec. [V&F]                 3979.352032      334265.571     0.6
 1,4 nonbonded interactions             255.305106       22977.460     0.0
 Calc Weights                          5081.501628      182934.059     0.3
 Spread Q Bspline                    108405.368064      216810.736     0.4
 Gather F Bspline                    108405.368064      650432.208     1.2
 3D-FFT                              139519.590336     1116156.723     2.0
 Solve PME                             2226.444528      142492.450     0.3
 Reset In Box                            33.909876         101.730     0.0
 CG-CoM                                  33.943752         101.831     0.0
 Bonds                                   51.251025        3023.810     0.0
 Angles                                 177.353547       29795.396     0.1
 Propers                                 21.300426        4877.798     0.0
 RB-Dihedrals                           197.503950       48783.476     0.1
 Pos. Restr.                             50.051001        2502.550     0.0
 Virial                                  16.994421         305.900     0.0
 Stop-CM                                 17.005752         170.058     0.0
 Calc-Ekin                              338.827752        9148.349     0.0
 Lincs                                   47.952877        2877.173     0.0
 Lincs-Mat                              238.814328         955.257     0.0
 Constraint-V                          1691.367652       15222.309     0.0
 Constraint-Vir                          16.466367         395.193     0.0
 Settle                                 531.831908      196777.806     0.3
-----------------------------------------------------------------------------
 Total                                                56501315.384   100.0
-----------------------------------------------------------------------------


    D O M A I N   D E C O M P O S I T I O N   S T A T I S T I C S

 av. #atoms communicated per step for force:  2 x 0.0


      R E A L   C Y C L E   A N D   T I M E   A C C O U N T I N G

On 1 MPI rank, each using 8 OpenMP threads

 Activity:              Num   Num      Call    Wall time         Giga-Cycles
                        Ranks Threads  Count      (s)         total sum    %
--------------------------------------------------------------------------------
 Domain decomp.            1    8       1001       4.094          0.786   0.4
 Neighbor search           1    8       1001      11.892          2.283   1.2
 Force                     1    8      50001     857.620        164.666  87.1
 PME mesh                  1    8      50001      75.571         14.510   7.7
 NB X/F buffer ops.        1    8     100002      12.778          2.453   1.3
 Write traj.               1    8        102       1.314          0.252   0.1
 Update                    1    8      50001       6.858          1.317   0.7
 Constraints               1    8      50003      12.491          2.398   1.3
 Kinetic energy            1    8      10001       1.718          0.330   0.2
 Rest                                              0.705          0.135   0.1
--------------------------------------------------------------------------------
 Total                                           985.042        189.132 100.0
--------------------------------------------------------------------------------
 Breakdown of PME mesh activities
--------------------------------------------------------------------------------
 PME spread                1    8      50001      28.616          5.494   2.9
 PME gather                1    8      50001      22.302          4.282   2.3
 PME 3D-FFT                1    8     100002      21.685          4.164   2.2
 PME solve Elec            1    8      50001       1.304          0.250   0.1
--------------------------------------------------------------------------------

               Core t (s)   Wall t (s)        (%)
       Time:     7880.313      985.042      800.0
                 (ns/day)    (hour/ns)
Performance:        8.771        2.736
Finished mdrun on rank 0 Mon Jun  2 21:15:41 2025

