                  :-) GROMACS - gmx mdrun, 2025.1-Homebrew (-:

Copyright 1991-2025 The GROMACS Authors.
GROMACS is free software; you can redistribute it and/or modify it
under the terms of the GNU Lesser General Public License
as published by the Free Software Foundation; either version 2.1
of the License, or (at your option) any later version.

                         Current GROMACS contributors:
       Mark Abraham           Andrey Alekseenko           Brian Andrews       
      Vladimir Basov              Paul Bauer                Hugh Bird         
      Eliane Briand               Ania Brown              Mahesh Doijade      
      Giacomo Fiorin          Stefan Fleischmann          Sergey Gorelov      
   Gilles Gouaillardet            Alan Gray              M. Eric Irrgang      
   Farzaneh Jalalypour         Petter Johansson          Carsten Kutzner      
    Grzegorz Łazarski         Justin A. Lemkul          Magnus Lundborg      
       Pascal Merz             Vedran Miletić            Dmitry Morozov      
     Lukas Müllender            Julien Nabet             Szilárd Páll      
 Andrea Pasquadibisceglie     Michele Pellegrino         Nicola Piasentin     
     Daniele Rapetti         Muhammad Umair Sadiq         Hubert Santuz       
      Roland Schulz             Michael Shirts           Tatiana Shugaeva     
     Alexey Shvetsov            Philip Turner            Alessandra Villa     
 Sebastian Wingbermühle  

                         Previous GROMACS contributors:
        Emile Apol             Rossen Apostolov           James Barnett       
  Herman J.C. Berendsen         Cathrine Bergh             Par Bjelkmar       
      Christian Blau          Viacheslav Bolnykh            Kevin Boyd        
    Aldert van Buuren          Carlo Camilloni           Rudi van Drunen      
      Anton Feenstra           Oliver Fleetwood            Vytas Gapsys       
       Gaurav Garg             Gerrit Groenhof            Bert de Groot       
      Anca Hamuraru           Vincent Hindriksen          Victor Holanda      
     Aleksei Iupinov              Joe Jordan            Christoph Junghans    
    Prashanth Kanduri        Dimitrios Karkoulis           Peter Kasson       
      Sebastian Kehl           Sebastian Keller             Jiri Kraus        
       Per Larsson              Viveca Lindahl            Erik Marklund       
    Pieter Meulenhoff           Teemu Murtola              Sander Pronk       
      Alfons Sijbers            Balint Soproni         David van der Spoel    
      Peter Tieleman            Carsten Uphoff             Jon Vincent        
     Teemu Virolainen         Christian Wennberg           Maarten Wolf       
      Artem Zhmurov       

                  Coordinated by the GROMACS project leaders:
                           Berk Hess and Erik Lindahl

GROMACS:      gmx mdrun, version 2025.1-Homebrew
Executable:   /opt/homebrew/bin/../Cellar/gromacs/2025.1/bin/gmx
Data prefix:  /opt/homebrew/bin/../Cellar/gromacs/2025.1
Working dir:  /Users/heiley/Desktop/SURP/gromacs-tutorial/tutorial-3/output_files
Process ID:   3711
Command line:
  gmx mdrun -deffnm equil -ntmpi 1 -ntomp 8

GROMACS version:     2025.1-Homebrew
Precision:           mixed
Memory model:        64 bit
MPI library:         thread_mpi
OpenMP support:      enabled (GMX_OPENMP_MAX_THREADS = 128)
GPU support:         disabled
SIMD instructions:   ARM_NEON_ASIMD
CPU FFT library:     fftw-3.3.10
GPU FFT library:     none
Multi-GPU FFT:       none
TNG support:         enabled
Hwloc support:       disabled
Tracing support:     disabled
C compiler:          /opt/homebrew/opt/gcc/bin/gcc-14
C compiler flags:    -fexcess-precision=fast -funroll-all-loops -Wno-missing-field-initializers -O3 -DNDEBUG
C++ compiler:        /opt/homebrew/opt/gcc/bin/g++-14
C++ compiler flags:  -fexcess-precision=fast -funroll-all-loops -Wno-missing-field-initializers -Weverything -Wno-c++98-compat -Wno-c++98-compat-pedantic -Wno-return-std-move-in-c++11 -Wno-source-uses-openmp -Wno-c++17-extensions -Wno-documentation-unknown-command -Wno-covered-switch-default -Wno-switch-enum -Wno-switch-default -Wno-extra-semi-stmt -Wno-weak-vtables -Wno-shadow -Wno-padded -Wno-reserved-id-macro -Wno-double-promotion -Wno-exit-time-destructors -Wno-global-constructors -Wno-documentation -Wno-format-nonliteral -Wno-used-but-marked-unused -Wno-float-equal -Wno-conditional-uninitialized -Wno-conversion -Wno-disabled-macro-expansion -Wno-unused-macros -Wno-unsafe-buffer-usage -Wno-cast-function-type-strict SHELL:-fopenmp -O3 -DNDEBUG
BLAS library:        External - detected on the system
LAPACK library:      External - detected on the system


Running on 1 node with total 0 processing units
Hardware detected on host Heileys-MacBook-Air.local:
  CPU info:
    Vendor: ARM
    Brand:  Unknown CPU brand
    Family: 0   Model: 0   Stepping: 0
    Features: neon neon_asimd
  Hardware topology: Only logical processor count
    CPU limit set by OS: -1   Recommended max number of threads: 8


++++ PLEASE READ AND CITE THE FOLLOWING REFERENCE ++++
M. J. Abraham, T. Murtola, R. Schulz, S. Páll, J. C. Smith, B. Hess, E.
Lindahl
GROMACS: High performance molecular simulations through multi-level
parallelism from laptops to supercomputers
SoftwareX (2015)
DOI: 10.1016/j.softx.2015.06.001
-------- -------- --- Thank You --- -------- --------


++++ PLEASE READ AND CITE THE FOLLOWING REFERENCE ++++
S. Páll, M. J. Abraham, C. Kutzner, B. Hess, E. Lindahl
Tackling Exascale Software Challenges in Molecular Dynamics Simulations with
GROMACS
In S. Markidis & E. Laure (Eds.), Solving Software Challenges for Exascale (2015)
DOI: 10.1007/978-3-319-15976-8_1
-------- -------- --- Thank You --- -------- --------


++++ PLEASE READ AND CITE THE FOLLOWING REFERENCE ++++
S. Pronk, S. Páll, R. Schulz, P. Larsson, P. Bjelkmar, R. Apostolov, M. R.
Shirts, J. C. Smith, P. M. Kasson, D. van der Spoel, B. Hess, E. Lindahl
GROMACS 4.5: a high-throughput and highly parallel open source molecular
simulation toolkit
Bioinformatics (2013)
DOI: 10.1093/bioinformatics/btt055
-------- -------- --- Thank You --- -------- --------


++++ PLEASE READ AND CITE THE FOLLOWING REFERENCE ++++
B. Hess, C. Kutzner, D. van der Spoel, E. Lindahl
GROMACS 4: Algorithms for highly efficient, load-balanced, and scalable
molecular simulation
J. Chem. Theory Comput. (2008)
DOI: 10.1021/ct700301q
-------- -------- --- Thank You --- -------- --------


++++ PLEASE READ AND CITE THE FOLLOWING REFERENCE ++++
D. van der Spoel, E. Lindahl, B. Hess, G. Groenhof, A. E. Mark, H. J. C.
Berendsen
GROMACS: Fast, Flexible and Free
J. Comp. Chem. (2005)
DOI: 10.1002/jcc.20291
-------- -------- --- Thank You --- -------- --------


++++ PLEASE READ AND CITE THE FOLLOWING REFERENCE ++++
E. Lindahl, B. Hess, D. van der Spoel
GROMACS 3.0: A package for molecular simulation and trajectory analysis
J. Mol. Mod. (2001)
DOI: 10.1007/s008940100045
-------- -------- --- Thank You --- -------- --------


++++ PLEASE READ AND CITE THE FOLLOWING REFERENCE ++++
H. J. C. Berendsen, D. van der Spoel and R. van Drunen
GROMACS: A message-passing parallel molecular dynamics implementation
Comp. Phys. Comm. (1995)
DOI: 10.1016/0010-4655(95)00042-E
-------- -------- --- Thank You --- -------- --------

Input Parameters:
   integrator                     = md
   tinit                          = 0
   dt                             = 0.002
   nsteps                         = 100000
   init-step                      = 0
   simulation-part                = 1
   mts                            = false
   mass-repartition-factor        = 1
   comm-mode                      = Linear
   nstcomm                        = 100
   bd-fric                        = 0
   ld-seed                        = -711458925
   emtol                          = 10
   emstep                         = 0.01
   niter                          = 20
   fcstep                         = 0
   nstcgsteep                     = 1000
   nbfgscorr                      = 10
   rtpi                           = 0.05
   nstxout                        = 0
   nstvout                        = 0
   nstfout                        = 0
   nstlog                         = 1000
   nstcalcenergy                  = 100
   nstenergy                      = 100
   nstxout-compressed             = 0
   compressed-x-precision         = 1000
   cutoff-scheme                  = Verlet
   nstlist                        = 10
   pbc                            = xyz
   periodic-molecules             = false
   verlet-buffer-tolerance        = 0.005
   verlet-buffer-pressure-tolerance = 0.5
   rlist                          = 1.1
   coulombtype                    = PME
   coulomb-modifier               = Potential-shift
   rcoulomb-switch                = 0
   rcoulomb                       = 1.1
   epsilon-r                      = 1
   epsilon-rf                     = inf
   vdw-type                       = Cut-off
   vdw-modifier                   = Potential-shift
   rvdw-switch                    = 0
   rvdw                           = 1.1
   DispCorr                       = No
   table-extension                = 1
   fourierspacing                 = 0.13
   fourier-nx                     = 24
   fourier-ny                     = 24
   fourier-nz                     = 24
   pme-order                      = 4
   ewald-rtol                     = 1e-05
   ewald-rtol-lj                  = 0.001
   lj-pme-comb-rule               = Geometric
   ewald-geometry                 = 3d
   epsilon-surface                = 0
   ensemble-temperature-setting   = constant
   ensemble-temperature           = 300
   tcoupl                         = V-rescale
   nsttcouple                     = 50
   nh-chain-length                = 0
   print-nose-hoover-chain-variables = false
   pcoupl                         = C-rescale
   pcoupltype                     = Isotropic
   nstpcouple                     = 100
   tau-p                          = 1
   compressibility (3x3):
      compressibility[    0]={ 4.50000e-05,  0.00000e+00,  0.00000e+00}
      compressibility[    1]={ 0.00000e+00,  4.50000e-05,  0.00000e+00}
      compressibility[    2]={ 0.00000e+00,  0.00000e+00,  4.50000e-05}
   ref-p (3x3):
      ref-p[    0]={ 1.00000e+00,  0.00000e+00,  0.00000e+00}
      ref-p[    1]={ 0.00000e+00,  1.00000e+00,  0.00000e+00}
      ref-p[    2]={ 0.00000e+00,  0.00000e+00,  1.00000e+00}
   refcoord-scaling               = No
   posres-com: not available
   posres-comB: not available
   QMMM                           = false
qm-opts:
   ngQM                           = 0
   constraint-algorithm           = Lincs
   continuation                   = false
   Shake-SOR                      = false
   shake-tol                      = 0.0001
   lincs-order                    = 4
   lincs-iter                     = 1
   lincs-warnangle                = 30
   nwall                          = 0
   wall-type                      = 9-3
   wall-r-linpot                  = -1
   wall-atomtype[0]               = -1
   wall-atomtype[1]               = -1
   wall-density[0]                = 0
   wall-density[1]                = 0
   wall-ewald-zfac                = 3
   pull                           = false
   awh                            = false
   rotation                       = false
   interactiveMD                  = false
   disre                          = No
   disre-weighting                = Conservative
   disre-mixed                    = false
   dr-fc                          = 1000
   dr-tau                         = 0
   nstdisreout                    = 100
   orire-fc                       = 0
   orire-tau                      = 0
   nstorireout                    = 100
   free-energy                    = no
   cos-acceleration               = 0
   deform (3x3):
      deform[    0]={ 0.00000e+00,  0.00000e+00,  0.00000e+00}
      deform[    1]={ 0.00000e+00,  0.00000e+00,  0.00000e+00}
      deform[    2]={ 0.00000e+00,  0.00000e+00,  0.00000e+00}
   simulated-tempering            = false
   swapcoords                     = no
   userint1                       = 0
   userint2                       = 0
   userint3                       = 0
   userint4                       = 0
   userreal1                      = 0
   userreal2                      = 0
   userreal3                      = 0
   userreal4                      = 0
   applied-forces:
     electric-field:
       x:
         E0                       = 0
         omega                    = 0
         t0                       = 0
         sigma                    = 0
       y:
         E0                       = 0
         omega                    = 0
         t0                       = 0
         sigma                    = 0
       z:
         E0                       = 0
         omega                    = 0
         t0                       = 0
         sigma                    = 0
     density-guided-simulation:
       active                     = false
       group                      = protein
       similarity-measure         = inner-product
       atom-spreading-weight      = unity
       force-constant             = 1e+09
       gaussian-transform-spreading-width = 0.2
       gaussian-transform-spreading-range-in-multiples-of-width = 4
       reference-density-filename = reference.mrc
       nst                        = 1
       normalize-densities        = true
       adaptive-force-scaling     = false
       adaptive-force-scaling-time-constant = 4
       shift-vector               = 
       transformation-matrix      = 
     qmmm-cp2k:
       active                     = false
       qmgroup                    = System
       qmmethod                   = PBE
       qmfilenames                = 
       qmcharge                   = 0
       qmmultiplicity             = 1
     colvars:
       active                     = false
       configfile                 = 
       seed                       = -1
     nnpot:
       active                     = false
       modelfile                  = model.pt
       input-group                = System
       model-input1               = 
       model-input2               = 
       model-input3               = 
       model-input4               = 
grpopts:
   nrdf:        2952
   ref-t:         300
   tau-t:         0.5
annealing:          No
annealing-npoints:           0
   acc:	           0           0           0
   nfreeze:           N           N           N
   energygrp-flags[  0]: 0

Changing nstlist from 10 to 50, rlist from 1.1 to 1.213

When checking whether update groups are usable:
  The combination of rlist and box size prohibits the use of update groups

Initializing Domain Decomposition on 1 ranks
Dynamic load balancing: auto
Minimum cell size due to atom displacement: 0.438 nm
Initial maximum distances in bonded interactions:
    two-body bonded interactions: 0.336 nm, LJ-14, atoms 4 9
  multi-body bonded interactions: 0.336 nm, Ryckaert-Bell., atoms 4 9
Minimum cell size due to bonded interactions: 0.369 nm
Maximum distance for 5 constraints, at 120 deg. angles, all-trans: 0.218 nm
Estimated maximum distance required for P-LINCS: 0.218 nm
Using 0 separate PME ranks because: there are too few total ranks for efficient splitting
Optimizing the DD grid for 1 cells with a minimum initial size of 0.438 nm
The maximum allowed number of cells is: X 5 Y 5 Z 4
Domain decomposition grid 1 x 1 x 1, separate PME ranks 0
PME domain decomposition: 1 x 1 x 1

The initial number of communication pulses is:
The initial domain decomposition cell size is:

The maximum allowed distance for atoms involved in interactions is:
                 non-bonded interactions           1.213 nm
(the following are initial values, they could change due to box deformation)
            two-body bonded interactions  (-rdd)   1.213 nm
          multi-body bonded interactions  (-rdd)   1.213 nm
  atoms separated by up to 5 constraints  (-rcon)  1.962 nm

When dynamic load balancing gets turned on, these settings will change to:
The maximum number of communication pulses is:
The minimum size for domain decomposition cells is 1.213 nm
The requested allowed shrink of DD cells (option -dds) is: 0.80
The allowed shrink of domain decomposition cells is:
The maximum allowed distance for atoms involved in interactions is:
                 non-bonded interactions           1.213 nm
            two-body bonded interactions  (-rdd)   1.213 nm
          multi-body bonded interactions  (-rdd)   1.213 nm
  atoms separated by up to 5 constraints  (-rcon)  1.213 nm

Local state does not use filler particles

Using 1 MPI thread
Using 8 OpenMP threads 

System total charge: -0.000
Will do PME sum in reciprocal space for electrostatic interactions.

++++ PLEASE READ AND CITE THE FOLLOWING REFERENCE ++++
U. Essmann, L. Perera, M. L. Berkowitz, T. Darden, H. Lee, L. G. Pedersen 
A smooth particle mesh Ewald method
J. Chem. Phys. (1995)
DOI: 10.1063/1.470117
-------- -------- --- Thank You --- -------- --------

Using a Gaussian width (1/beta) of 0.352179 nm for Ewald
Potential shift: LJ r^-12: -3.186e-01 r^-6: -5.645e-01, Ewald -9.091e-06
Initialized non-bonded Coulomb Ewald tables, spacing: 9.79e-04 size: 1126

Generated table with 1106 data points for 1-4 COUL.
Tabscale = 500 points/nm
Generated table with 1106 data points for 1-4 LJ6.
Tabscale = 500 points/nm
Generated table with 1106 data points for 1-4 LJ12.
Tabscale = 500 points/nm


Using SIMD4xM 4x4 nonbonded short-range kernels

Using a dual 4x4 pair-list setup updated with dynamic pruning:
  outer list: updated every 50 steps, buffer 0.113 nm, rlist 1.213 nm
  inner list: updated every 10 steps, buffer 0.000 nm, rlist 1.100 nm
At tolerance 0.005 kJ/mol/ps per atom, equivalent classical 1x1 list would be:
  outer list: updated every 50 steps, buffer 0.243 nm, rlist 1.343 nm
  inner list: updated every 10 steps, buffer 0.036 nm, rlist 1.136 nm

The average pressure is off by at most 0.24 bar due to missing LJ interactions

Using Geometric Lennard-Jones combination rule
Removing pbc first time

Linking all bonded interactions to atoms


Initializing Parallel LINear Constraint Solver

++++ PLEASE READ AND CITE THE FOLLOWING REFERENCE ++++
B. Hess
P-LINCS: A Parallel Linear Constraint Solver for molecular simulation
J. Chem. Theory Comput. (2008)
DOI: 10.1021/ct700200b
-------- -------- --- Thank You --- -------- --------

The number of constraints is 6
There are constraints between atoms in different decomposition domains,
will communicate selected coordinates each lincs iteration

++++ PLEASE READ AND CITE THE FOLLOWING REFERENCE ++++
S. Miyamoto, P. A. Kollman
SETTLE: An Analytical Version of the SHAKE and RATTLE Algorithms for Rigid
Water Models
J. Comp. Chem. (1992)
DOI: 10.1002/jcc.540130805
-------- -------- --- Thank You --- -------- --------


++++ PLEASE READ AND CITE THE FOLLOWING REFERENCE ++++
G. Bussi, D. Donadio, M. Parrinello
Canonical sampling through velocity rescaling
J. Chem. Phys. (2007)
DOI: 10.1063/1.2408420
-------- -------- --- Thank You --- -------- --------


++++ PLEASE READ AND CITE THE FOLLOWING REFERENCE ++++
M. Bernetti, G. Bussi
Pressure control using stochastic cell rescaling
J. Chem. Phys. (2020)
DOI: 10.1063/5.0020514
-------- -------- --- Thank You --- -------- --------

There are: 1476 Atoms

Atom distribution over 1 domains: av 1476 stddev 0 min 1476 max 1476

Constraining the starting coordinates (step 0)

Constraining the coordinates at t0-dt (step 0)
Center of mass motion removal mode is Linear
We have the following groups for center of mass motion removal:
  0:  rest
RMS relative constraint deviation after constraining: 1.95e-06
Initial temperature: 299.06 K

Started mdrun on rank 0 Wed Jun 18 11:54:40 2025

           Step           Time
              0        0.00000


Step 0  Warning: pressure scaling more than 1%, mu: 0.983532 0.983532 0.983532
   Energies (kJ/mol)
           Bond          Angle Ryckaert-Bell.          LJ-14     Coulomb-14
    5.63755e-01    9.38691e-01   -1.06471e+00    1.04870e-01   -4.89797e+01
        LJ (SR)   Coulomb (SR)   Coul. recip.      Potential    Kinetic En.
    4.15435e+03   -2.89238e+04    8.74379e+01   -2.47305e+04    3.67084e+03
   Total Energy  Conserved En.    Temperature Pressure (bar)   Constr. rmsd
   -2.10596e+04   -2.07465e+04    2.99119e+02   -4.27357e+03    1.31828e-06

           Step           Time
           1000        2.00000

   Energies (kJ/mol)
           Bond          Angle Ryckaert-Bell.          LJ-14     Coulomb-14
    1.50771e+00    1.46021e+01    2.53873e-01    5.70188e-01   -5.05798e+01
        LJ (SR)   Coulomb (SR)   Coul. recip.      Potential    Kinetic En.
    4.54853e+03   -2.76134e+04    9.12855e+01   -2.30072e+04    3.59852e+03
   Total Energy  Conserved En.    Temperature Pressure (bar)   Constr. rmsd
   -1.94087e+04   -2.07564e+04    2.93226e+02   -1.39654e+02    2.80712e-06

           Step           Time
           2000        4.00000

   Energies (kJ/mol)
           Bond          Angle Ryckaert-Bell.          LJ-14     Coulomb-14
    3.90691e-01    1.14372e+01    6.59775e+00    1.05079e+00   -4.95161e+01
        LJ (SR)   Coulomb (SR)   Coul. recip.      Potential    Kinetic En.
    4.85557e+03   -2.81698e+04    7.82524e+01   -2.32660e+04    3.69124e+03
   Total Energy  Conserved En.    Temperature Pressure (bar)   Constr. rmsd
   -1.95748e+04   -2.07777e+04    3.00782e+02    6.56591e+02    1.93340e-06

           Step           Time
           3000        6.00000

   Energies (kJ/mol)
           Bond          Angle Ryckaert-Bell.          LJ-14     Coulomb-14
    8.58545e-01    1.23740e+01    8.27977e+00    1.78428e+00   -4.71313e+01
        LJ (SR)   Coulomb (SR)   Coul. recip.      Potential    Kinetic En.
    4.54375e+03   -2.75643e+04    7.70654e+01   -2.29673e+04    3.80361e+03
   Total Energy  Conserved En.    Temperature Pressure (bar)   Constr. rmsd
   -1.91637e+04   -2.07423e+04    3.09938e+02    7.78870e+00    3.08853e-06

           Step           Time
           4000        8.00000

   Energies (kJ/mol)
           Bond          Angle Ryckaert-Bell.          LJ-14     Coulomb-14
    7.48883e-01    7.76121e+00    6.92301e-01   -1.22664e-01   -4.49597e+01
        LJ (SR)   Coulomb (SR)   Coul. recip.      Potential    Kinetic En.
    4.47343e+03   -2.73595e+04    7.11380e+01   -2.28508e+04    3.76138e+03
   Total Energy  Conserved En.    Temperature Pressure (bar)   Constr. rmsd
   -1.90894e+04   -2.07454e+04    3.06497e+02   -3.37408e+02    3.98832e-06

           Step           Time
           5000       10.00000

   Energies (kJ/mol)
           Bond          Angle Ryckaert-Bell.          LJ-14     Coulomb-14
    6.78700e-01    1.01667e+01    2.60895e+00   -1.02955e-01   -4.53329e+01
        LJ (SR)   Coulomb (SR)   Coul. recip.      Potential    Kinetic En.
    4.26691e+03   -2.69715e+04    8.74199e+01   -2.26492e+04    3.61614e+03
   Total Energy  Conserved En.    Temperature Pressure (bar)   Constr. rmsd
   -1.90331e+04   -2.06599e+04    2.94662e+02   -3.79123e+02    7.57081e-07

           Step           Time
           6000       12.00000

   Energies (kJ/mol)
           Bond          Angle Ryckaert-Bell.          LJ-14     Coulomb-14
    1.67051e+00    1.09603e+01   -9.76656e-01    1.93694e+00   -5.29334e+01
        LJ (SR)   Coulomb (SR)   Coul. recip.      Potential    Kinetic En.
    4.46422e+03   -2.72998e+04    8.36660e+01   -2.27912e+04    3.61432e+03
   Total Energy  Conserved En.    Temperature Pressure (bar)   Constr. rmsd
   -1.91769e+04   -2.05842e+04    2.94514e+02    5.54269e+02    1.19457e-06

           Step           Time
           7000       14.00000

   Energies (kJ/mol)
           Bond          Angle Ryckaert-Bell.          LJ-14     Coulomb-14
    2.14272e+00    1.12053e+01   -2.50392e-01    1.35106e+00   -5.03733e+01
        LJ (SR)   Coulomb (SR)   Coul. recip.      Potential    Kinetic En.
    4.63969e+03   -2.75756e+04    7.44363e+01   -2.28974e+04    3.63612e+03
   Total Energy  Conserved En.    Temperature Pressure (bar)   Constr. rmsd
   -1.92613e+04   -2.05943e+04    2.96291e+02    5.05224e+02    2.10706e-06

           Step           Time
           8000       16.00000

   Energies (kJ/mol)
           Bond          Angle Ryckaert-Bell.          LJ-14     Coulomb-14
    2.67289e+00    1.29272e+01    4.85163e+00    8.90164e-01   -4.90630e+01
        LJ (SR)   Coulomb (SR)   Coul. recip.      Potential    Kinetic En.
    4.50592e+03   -2.76176e+04    8.12963e+01   -2.30581e+04    3.78646e+03
   Total Energy  Conserved En.    Temperature Pressure (bar)   Constr. rmsd
   -1.92716e+04   -2.05330e+04    3.08541e+02   -2.21365e+02    1.75926e-06

           Step           Time
           9000       18.00000

   Energies (kJ/mol)
           Bond          Angle Ryckaert-Bell.          LJ-14     Coulomb-14
    3.16773e-01    8.73770e+00    6.38427e-01    2.02679e-01   -4.59885e+01
        LJ (SR)   Coulomb (SR)   Coul. recip.      Potential    Kinetic En.
    4.41347e+03   -2.72297e+04    8.68371e+01   -2.27655e+04    3.58082e+03
   Total Energy  Conserved En.    Temperature Pressure (bar)   Constr. rmsd
   -1.91846e+04   -2.04888e+04    2.91784e+02    5.41598e+01    2.52330e-06

           Step           Time
          10000       20.00000

   Energies (kJ/mol)
           Bond          Angle Ryckaert-Bell.          LJ-14     Coulomb-14
    8.21407e-01    1.44786e+01    5.14230e-01    1.22418e-02   -4.58003e+01
        LJ (SR)   Coulomb (SR)   Coul. recip.      Potential    Kinetic En.
    4.33070e+03   -2.71636e+04    8.23341e+01   -2.27805e+04    3.66988e+03
   Total Energy  Conserved En.    Temperature Pressure (bar)   Constr. rmsd
   -1.91106e+04   -2.03793e+04    2.99041e+02   -1.68404e+02    3.27310e-06

           Step           Time
          11000       22.00000

   Energies (kJ/mol)
           Bond          Angle Ryckaert-Bell.          LJ-14     Coulomb-14
    3.94674e-01    9.55574e+00    1.74227e+00   -1.93902e-02   -4.54034e+01
        LJ (SR)   Coulomb (SR)   Coul. recip.      Potential    Kinetic En.
    4.31602e+03   -2.72326e+04    9.12854e+01   -2.28590e+04    3.62994e+03
   Total Energy  Conserved En.    Temperature Pressure (bar)   Constr. rmsd
   -1.92291e+04   -2.03976e+04    2.95787e+02   -4.53813e+02    5.22751e-06

           Step           Time
          12000       24.00000

   Energies (kJ/mol)
           Bond          Angle Ryckaert-Bell.          LJ-14     Coulomb-14
    4.86317e+00    8.32455e+00    1.74208e+00    2.06175e+00   -4.77876e+01
        LJ (SR)   Coulomb (SR)   Coul. recip.      Potential    Kinetic En.
    4.31252e+03   -2.71742e+04    7.67419e+01   -2.28157e+04    3.83196e+03
   Total Energy  Conserved En.    Temperature Pressure (bar)   Constr. rmsd
   -1.89837e+04   -2.03436e+04    3.12249e+02   -1.20693e+02    1.65217e-06

           Step           Time
          13000       26.00000

   Energies (kJ/mol)
           Bond          Angle Ryckaert-Bell.          LJ-14     Coulomb-14
    2.36837e+00    2.31542e+01    2.22607e+00    9.01807e-01   -4.70591e+01
        LJ (SR)   Coulomb (SR)   Coul. recip.      Potential    Kinetic En.
    4.40036e+03   -2.71994e+04    7.50669e+01   -2.27424e+04    3.76456e+03
   Total Energy  Conserved En.    Temperature Pressure (bar)   Constr. rmsd
   -1.89779e+04   -2.03061e+04    3.06756e+02    2.27026e+02    1.56720e-06

           Step           Time
          14000       28.00000

   Energies (kJ/mol)
           Bond          Angle Ryckaert-Bell.          LJ-14     Coulomb-14
    1.09588e+01    9.23108e+00    5.70582e+00   -6.77383e-02   -4.55556e+01
        LJ (SR)   Coulomb (SR)   Coul. recip.      Potential    Kinetic En.
    4.40850e+03   -2.71091e+04    7.63455e+01   -2.26440e+04    3.55475e+03
   Total Energy  Conserved En.    Temperature Pressure (bar)   Constr. rmsd
   -1.90892e+04   -2.03020e+04    2.89660e+02   -1.13955e+02    1.65307e-06

           Step           Time
          15000       30.00000

   Energies (kJ/mol)
           Bond          Angle Ryckaert-Bell.          LJ-14     Coulomb-14
    1.47980e+00    1.38717e+01    7.09919e+00    2.05179e-01   -4.49903e+01
        LJ (SR)   Coulomb (SR)   Coul. recip.      Potential    Kinetic En.
    4.52546e+03   -2.73297e+04    8.63357e+01   -2.27402e+04    3.52575e+03
   Total Energy  Conserved En.    Temperature Pressure (bar)   Constr. rmsd
   -1.92144e+04   -2.02336e+04    2.87297e+02    7.69992e+01    1.28392e-06

           Step           Time
          16000       32.00000

   Energies (kJ/mol)
           Bond          Angle Ryckaert-Bell.          LJ-14     Coulomb-14
    8.04387e-01    2.18538e+01    8.14461e-01    6.15995e-01   -4.64191e+01
        LJ (SR)   Coulomb (SR)   Coul. recip.      Potential    Kinetic En.
    4.22178e+03   -2.69872e+04    8.63927e+01   -2.27013e+04    3.54431e+03
   Total Energy  Conserved En.    Temperature Pressure (bar)   Constr. rmsd
   -1.91570e+04   -2.02010e+04    2.88810e+02   -7.02853e+02    2.58394e-06

           Step           Time
          17000       34.00000

   Energies (kJ/mol)
           Bond          Angle Ryckaert-Bell.          LJ-14     Coulomb-14
    2.68561e+00    1.39540e+01    5.01888e+00    1.49028e+00   -4.71091e+01
        LJ (SR)   Coulomb (SR)   Coul. recip.      Potential    Kinetic En.
    4.10735e+03   -2.67939e+04    9.24211e+01   -2.26181e+04    3.77003e+03
   Total Energy  Conserved En.    Temperature Pressure (bar)   Constr. rmsd
   -1.88481e+04   -2.00700e+04    3.07202e+02   -1.41219e+03    8.92744e-07

           Step           Time
          18000       36.00000

   Energies (kJ/mol)
           Bond          Angle Ryckaert-Bell.          LJ-14     Coulomb-14
    7.52576e-01    1.18661e+01    7.12689e-01    8.36818e-01   -4.59084e+01
        LJ (SR)   Coulomb (SR)   Coul. recip.      Potential    Kinetic En.
    4.16970e+03   -2.68391e+04    1.05606e+02   -2.25956e+04    3.76762e+03
   Total Energy  Conserved En.    Temperature Pressure (bar)   Constr. rmsd
   -1.88280e+04   -2.00156e+04    3.07006e+02   -8.99556e+02    2.72709e-06

           Step           Time
          19000       38.00000

   Energies (kJ/mol)
           Bond          Angle Ryckaert-Bell.          LJ-14     Coulomb-14
    3.76797e+00    1.70530e+01    2.76932e-01    1.55088e-01   -4.58131e+01
        LJ (SR)   Coulomb (SR)   Coul. recip.      Potential    Kinetic En.
    4.45630e+03   -2.70768e+04    8.14442e+01   -2.25636e+04    3.65756e+03
   Total Energy  Conserved En.    Temperature Pressure (bar)   Constr. rmsd
   -1.89060e+04   -1.99869e+04    2.98038e+02    2.59746e+02    1.10924e-06

           Step           Time
          20000       40.00000

   Energies (kJ/mol)
           Bond          Angle Ryckaert-Bell.          LJ-14     Coulomb-14
    2.64684e-01    2.26610e+01    1.26878e+00    8.85021e-01   -4.98191e+01
        LJ (SR)   Coulomb (SR)   Coul. recip.      Potential    Kinetic En.
    4.70169e+03   -2.78951e+04    8.74730e+01   -2.31307e+04    3.64435e+03
   Total Energy  Conserved En.    Temperature Pressure (bar)   Constr. rmsd
   -1.94864e+04   -1.98783e+04    2.96961e+02    7.65840e+02    9.27550e-07

           Step           Time
          21000       42.00000

   Energies (kJ/mol)
           Bond          Angle Ryckaert-Bell.          LJ-14     Coulomb-14
    2.60672e+00    1.84422e+01   -7.52927e-01    3.49097e-02   -4.78891e+01
        LJ (SR)   Coulomb (SR)   Coul. recip.      Potential    Kinetic En.
    4.63073e+03   -2.77491e+04    8.42051e+01   -2.30618e+04    3.65218e+03
   Total Energy  Conserved En.    Temperature Pressure (bar)   Constr. rmsd
   -1.94096e+04   -1.98739e+04    2.97599e+02    1.18503e+02    1.60084e-06

           Step           Time
          22000       44.00000

   Energies (kJ/mol)
           Bond          Angle Ryckaert-Bell.          LJ-14     Coulomb-14
    1.14560e+00    1.44848e+01   -2.85774e-01    1.54778e+00   -5.24620e+01
        LJ (SR)   Coulomb (SR)   Coul. recip.      Potential    Kinetic En.
    4.40021e+03   -2.70936e+04    7.78145e+01   -2.26512e+04    3.62652e+03
   Total Energy  Conserved En.    Temperature Pressure (bar)   Constr. rmsd
   -1.90247e+04   -1.98766e+04    2.95508e+02    1.81369e+02    9.46507e-07

           Step           Time
          23000       46.00000

   Energies (kJ/mol)
           Bond          Angle Ryckaert-Bell.          LJ-14     Coulomb-14
    2.63046e-01    5.64013e+00    2.81866e+00    5.59902e-01   -4.63966e+01
        LJ (SR)   Coulomb (SR)   Coul. recip.      Potential    Kinetic En.
    4.82042e+03   -2.78705e+04    9.85716e+01   -2.29886e+04    3.65786e+03
   Total Energy  Conserved En.    Temperature Pressure (bar)   Constr. rmsd
   -1.93307e+04   -1.98883e+04    2.98062e+02    7.66820e+02    8.00879e-06

           Step           Time
          24000       48.00000

   Energies (kJ/mol)
           Bond          Angle Ryckaert-Bell.          LJ-14     Coulomb-14
    5.50671e-01    1.42842e+01    2.38857e+00    2.19998e-01   -4.58729e+01
        LJ (SR)   Coulomb (SR)   Coul. recip.      Potential    Kinetic En.
    4.40536e+03   -2.74002e+04    6.98759e+01   -2.29534e+04    3.50466e+03
   Total Energy  Conserved En.    Temperature Pressure (bar)   Constr. rmsd
   -1.94488e+04   -1.97104e+04    2.85578e+02   -5.65444e+02    1.66182e-06

           Step           Time
          25000       50.00000

   Energies (kJ/mol)
           Bond          Angle Ryckaert-Bell.          LJ-14     Coulomb-14
    1.54000e+00    1.90032e+01    4.62007e-01    6.63314e-01   -4.70777e+01
        LJ (SR)   Coulomb (SR)   Coul. recip.      Potential    Kinetic En.
    4.79002e+03   -2.76641e+04    8.67635e+01   -2.28127e+04    3.58530e+03
   Total Energy  Conserved En.    Temperature Pressure (bar)   Constr. rmsd
   -1.92274e+04   -1.96381e+04    2.92150e+02    1.36432e+03    1.08931e-06

           Step           Time
          26000       52.00000

   Energies (kJ/mol)
           Bond          Angle Ryckaert-Bell.          LJ-14     Coulomb-14
    1.02327e+01    1.66250e+01    2.86495e+00    3.36380e-01   -4.59252e+01
        LJ (SR)   Coulomb (SR)   Coul. recip.      Potential    Kinetic En.
    4.68357e+03   -2.77484e+04    6.74416e+01   -2.30132e+04    3.64890e+03
   Total Energy  Conserved En.    Temperature Pressure (bar)   Constr. rmsd
   -1.93643e+04   -1.96401e+04    2.97332e+02    6.76003e+02    4.46704e-07

           Step           Time
          27000       54.00000

   Energies (kJ/mol)
           Bond          Angle Ryckaert-Bell.          LJ-14     Coulomb-14
    3.96739e+00    8.96896e+00    1.55510e+00    5.94798e-01   -4.61654e+01
        LJ (SR)   Coulomb (SR)   Coul. recip.      Potential    Kinetic En.
    4.28701e+03   -2.71061e+04    7.01722e+01   -2.27800e+04    3.59213e+03
   Total Energy  Conserved En.    Temperature Pressure (bar)   Constr. rmsd
   -1.91878e+04   -1.95582e+04    2.92706e+02   -9.70185e+02    8.08118e-06

           Step           Time
          28000       56.00000

   Energies (kJ/mol)
           Bond          Angle Ryckaert-Bell.          LJ-14     Coulomb-14
    8.71394e-01    1.63085e+01    1.12596e+00    1.25016e+00   -4.66104e+01
        LJ (SR)   Coulomb (SR)   Coul. recip.      Potential    Kinetic En.
    4.57316e+03   -2.74554e+04    7.30281e+01   -2.28362e+04    3.75454e+03
   Total Energy  Conserved En.    Temperature Pressure (bar)   Constr. rmsd
   -1.90817e+04   -1.95269e+04    3.05940e+02    2.06014e+02    2.42237e-06

           Step           Time
          29000       58.00000

   Energies (kJ/mol)
           Bond          Angle Ryckaert-Bell.          LJ-14     Coulomb-14
    4.94429e-01    1.71085e+01    1.69707e+00    3.50919e+00   -4.94839e+01
        LJ (SR)   Coulomb (SR)   Coul. recip.      Potential    Kinetic En.
    4.20190e+03   -2.70053e+04    8.74662e+01   -2.27426e+04    3.60057e+03
   Total Energy  Conserved En.    Temperature Pressure (bar)   Constr. rmsd
   -1.91421e+04   -1.94224e+04    2.93393e+02   -9.32808e+02    3.23196e-06

           Step           Time
          30000       60.00000

   Energies (kJ/mol)
           Bond          Angle Ryckaert-Bell.          LJ-14     Coulomb-14
    9.37895e-01    1.49263e+01    1.79477e+00   -2.53461e-01   -4.42482e+01
        LJ (SR)   Coulomb (SR)   Coul. recip.      Potential    Kinetic En.
    4.22304e+03   -2.70383e+04    9.29437e+01   -2.27491e+04    3.73979e+03
   Total Energy  Conserved En.    Temperature Pressure (bar)   Constr. rmsd
   -1.90093e+04   -1.94226e+04    3.04738e+02   -9.22658e+02    2.48643e-06

           Step           Time
          31000       62.00000

   Energies (kJ/mol)
           Bond          Angle Ryckaert-Bell.          LJ-14     Coulomb-14
    1.52350e+00    9.53926e+00    1.03919e+00    5.86358e-02   -4.85280e+01
        LJ (SR)   Coulomb (SR)   Coul. recip.      Potential    Kinetic En.
    4.26440e+03   -2.69494e+04    7.56417e+01   -2.26458e+04    3.57386e+03
   Total Energy  Conserved En.    Temperature Pressure (bar)   Constr. rmsd
   -1.90719e+04   -1.93753e+04    2.91217e+02   -4.24698e+02    5.90928e-06

           Step           Time
          32000       64.00000

   Energies (kJ/mol)
           Bond          Angle Ryckaert-Bell.          LJ-14     Coulomb-14
    5.31147e+00    8.13179e+00    8.08265e+00    8.98203e-01   -4.98062e+01
        LJ (SR)   Coulomb (SR)   Coul. recip.      Potential    Kinetic En.
    4.61226e+03   -2.74079e+04    8.83159e+01   -2.27347e+04    3.75360e+03
   Total Energy  Conserved En.    Temperature Pressure (bar)   Constr. rmsd
   -1.89811e+04   -1.93382e+04    3.05864e+02    6.24690e+02    4.26281e-06

           Step           Time
          33000       66.00000

   Energies (kJ/mol)
           Bond          Angle Ryckaert-Bell.          LJ-14     Coulomb-14
    2.10218e+00    1.58727e+01    6.07255e+00    6.77758e-01   -4.96088e+01
        LJ (SR)   Coulomb (SR)   Coul. recip.      Potential    Kinetic En.
    4.58127e+03   -2.74347e+04    8.27647e+01   -2.27955e+04    3.82493e+03
   Total Energy  Conserved En.    Temperature Pressure (bar)   Constr. rmsd
   -1.89706e+04   -1.93680e+04    3.11675e+02    2.99284e+02    5.81168e-06

           Step           Time
          34000       68.00000

   Energies (kJ/mol)
           Bond          Angle Ryckaert-Bell.          LJ-14     Coulomb-14
    2.68971e+00    1.51622e+01   -4.43292e-01   -1.66470e-01   -4.88980e+01
        LJ (SR)   Coulomb (SR)   Coul. recip.      Potential    Kinetic En.
    4.29652e+03   -2.71558e+04    8.81364e+01   -2.28028e+04    3.49970e+03
   Total Energy  Conserved En.    Temperature Pressure (bar)   Constr. rmsd
   -1.93031e+04   -1.93014e+04    2.85174e+02   -5.79010e+02    5.12894e-06

           Step           Time
          35000       70.00000

   Energies (kJ/mol)
           Bond          Angle Ryckaert-Bell.          LJ-14     Coulomb-14
    6.39112e-01    1.22544e+01    6.17401e-01    3.98662e-01   -4.57144e+01
        LJ (SR)   Coulomb (SR)   Coul. recip.      Potential    Kinetic En.
    4.52879e+03   -2.75231e+04    8.75948e+01   -2.29385e+04    3.73009e+03
   Total Energy  Conserved En.    Temperature Pressure (bar)   Constr. rmsd
   -1.92084e+04   -1.92780e+04    3.03948e+02   -1.27077e+02    1.05170e-06

           Step           Time
          36000       72.00000

   Energies (kJ/mol)
           Bond          Angle Ryckaert-Bell.          LJ-14     Coulomb-14
    2.60070e+00    2.00096e+01    3.80780e+00   -1.62679e-01   -4.52459e+01
        LJ (SR)   Coulomb (SR)   Coul. recip.      Potential    Kinetic En.
    4.35911e+03   -2.69655e+04    9.08786e+01   -2.25345e+04    3.77629e+03
   Total Energy  Conserved En.    Temperature Pressure (bar)   Constr. rmsd
   -1.87582e+04   -1.92868e+04    3.07712e+02   -5.03626e+02    2.13830e-06

           Step           Time
          37000       74.00000

   Energies (kJ/mol)
           Bond          Angle Ryckaert-Bell.          LJ-14     Coulomb-14
    1.60648e-01    1.22234e+01   -3.82443e-01    6.72159e-01   -5.09897e+01
        LJ (SR)   Coulomb (SR)   Coul. recip.      Potential    Kinetic En.
    4.53427e+03   -2.70455e+04    9.95613e+01   -2.24500e+04    3.71038e+03
   Total Energy  Conserved En.    Temperature Pressure (bar)   Constr. rmsd
   -1.87396e+04   -1.92332e+04    3.02342e+02    4.35003e+02    1.09203e-06

           Step           Time
          38000       76.00000

   Energies (kJ/mol)
           Bond          Angle Ryckaert-Bell.          LJ-14     Coulomb-14
    5.67606e+00    1.03570e+01    2.27430e+00    1.67205e-01   -4.98851e+01
        LJ (SR)   Coulomb (SR)   Coul. recip.      Potential    Kinetic En.
    4.55084e+03   -2.72146e+04    8.08249e+01   -2.26144e+04    3.78410e+03
   Total Energy  Conserved En.    Temperature Pressure (bar)   Constr. rmsd
   -1.88303e+04   -1.91734e+04    3.08348e+02   -8.79282e+01    1.32165e-06



Received the INT signal, stopping within 100 steps

           Step           Time
          38750       77.50000

Writing checkpoint, step 38750 at Wed Jun 18 11:55:49 2025


   Energies (kJ/mol)
           Bond          Angle Ryckaert-Bell.          LJ-14     Coulomb-14
    2.46107e+00    1.54404e+01   -1.21351e+00   -1.12033e-01   -4.84774e+01
        LJ (SR)   Coulomb (SR)   Coul. recip.      Potential    Kinetic En.
    4.19337e+03   -2.69501e+04    7.90041e+01   -2.27096e+04    3.62849e+03
   Total Energy  Conserved En.    Temperature Pressure (bar)   Constr. rmsd
   -1.90811e+04   -1.90538e+04    2.95668e+02   -8.99698e+02    1.45879e-06


Energy conservation over simulation part #1 of length 77.5 ps, time 0 to 77.5 ps
  Conserved energy drift: 1.48e-02 kJ/mol/ps per atom


	<======  ###############  ==>
	<====  A V E R A G E S  ====>
	<==  ###############  ======>

	Statistics over 38751 steps using 388 frames

   Energies (kJ/mol)
           Bond          Angle Ryckaert-Bell.          LJ-14     Coulomb-14
    2.78697e+00    1.25986e+01    2.33939e+00    5.16690e-01   -4.72474e+01
        LJ (SR)   Coulomb (SR)   Coul. recip.      Potential    Kinetic En.
    4.44749e+03   -2.73055e+04    8.22970e+01   -2.28047e+04    3.64416e+03
   Total Energy  Conserved En.    Temperature Pressure (bar)   Constr. rmsd
   -1.91605e+04   -1.99714e+04    2.96946e+02   -9.26619e+01    0.00000e+00

          Box-X          Box-Y          Box-Z
    2.76077e+00    2.76077e+00    1.95216e+00

   Total Virial (kJ/mol)
    1.23926e+03   -5.36249e+00    7.00996e+00
   -5.34519e+00    1.25060e+03   -2.87546e+01
    7.01769e+00   -2.87635e+01    1.28614e+03

   Pressure (bar)
   -4.42897e+01    1.12318e+01   -1.87624e+01
    1.11930e+01   -8.54147e+01    7.12050e+01
   -1.87796e+01    7.12249e+01   -1.48281e+02


	M E G A - F L O P S   A C C O U N T I N G

 NB=Group-cutoff nonbonded kernels    NxN=N-by-N cluster Verlet kernels
 RF=Reaction-Field  VdW=Van der Waals  QSTab=quadratic-spline table
 W3=SPC/TIP3p  W4=TIP4p (single or pairs)
 V&F=Potential and force  V=Potential only  F=Force only

 Computing:                               M-Number         M-Flops  % Flops
-----------------------------------------------------------------------------
 Pair Search distance check             479.103226        4311.929     0.1
 NxN Ewald Elec. + LJ [F]             23568.551200     1555524.379    48.8
 NxN Ewald Elec. + LJ [V&F]             238.699000       25540.793     0.8
 NxN Ewald Elec. [F]                  23042.630272     1405600.447    44.1
 NxN Ewald Elec. [V&F]                  233.451656       19609.939     0.6
 1,4 nonbonded interactions               0.155004          13.950     0.0
 Calc Weights                           171.589428        6177.219     0.2
 Spread Q Bspline                      3660.574464        7321.149     0.2
 Gather F Bspline                      3660.574464       21963.447     0.7
 3D-FFT                               14736.772794      117894.182     3.7
 Solve PME                              290.167488       18570.719     0.6
 Reset In Box                             1.145376           3.436     0.0
 CG-CoM                                   1.146852           3.441     0.0
 Bonds                                    0.077502           4.573     0.0
 Angles                                   0.503763          84.632     0.0
 RB-Dihedrals                             0.465012         114.858     0.0
 Virial                                   0.591669          10.650     0.0
 Stop-CM                                  0.574164           5.742     0.0
 P-Coupling                               0.572688           3.436     0.0
 Calc-Ekin                                2.290752          61.850     0.0
 Lincs                                    0.232518          13.951     0.0
 Lincs-Mat                                1.860144           7.441     0.0
 Constraint-V                            57.314208         515.828     0.0
 Constraint-Vir                           0.572997          13.752     0.0
 Settle                                  18.950217        7011.580     0.2
-----------------------------------------------------------------------------
 Total                                                 3190383.323   100.0
-----------------------------------------------------------------------------


    D O M A I N   D E C O M P O S I T I O N   S T A T I S T I C S

 av. #atoms communicated per step for force:  2 x 0.0
 av. #atoms communicated per step for LINCS:  2 x 0.0


      R E A L   C Y C L E   A N D   T I M E   A C C O U N T I N G

On 1 MPI rank, each using 8 OpenMP threads

 Activity:              Num   Num      Call    Wall time         Giga-Cycles
                        Ranks Threads  Count      (s)         total sum    %
--------------------------------------------------------------------------------
 Domain decomp.            1    8        776       0.591          0.113   0.9
 Neighbor search           1    8        776       0.891          0.171   1.3
 Force                     1    8      38751      40.659          7.807  58.5
 PME mesh                  1    8      38751      17.762          3.411  25.6
 NB X/F buffer ops.        1    8      77502       3.865          0.742   5.6
 Write traj.               1    8          1       0.004          0.001   0.0
 Update                    1    8      38751       2.481          0.476   3.6
 Constraints               1    8      38753       2.981          0.572   4.3
 Kinetic energy            1    8       1551       0.070          0.014   0.1
 Rest                                              0.185          0.036   0.3
--------------------------------------------------------------------------------
 Total                                            69.490         13.343 100.0
--------------------------------------------------------------------------------
 Breakdown of PME mesh activities
--------------------------------------------------------------------------------
 PME spread                1    8      38751       5.549          1.065   8.0
 PME gather                1    8      38751       5.676          1.090   8.2
 PME 3D-FFT                1    8      77502       5.536          1.063   8.0
 PME solve Elec            1    8      38751       0.139          0.027   0.2
--------------------------------------------------------------------------------

               Core t (s)   Wall t (s)        (%)
       Time:      555.920       69.490      800.0
                 (ns/day)    (hour/ns)
Performance:       96.361        0.249
Finished mdrun on rank 0 Wed Jun 18 11:55:49 2025

