                  :-) GROMACS - gmx mdrun, 2025.1-Homebrew (-:

Copyright 1991-2025 The GROMACS Authors.
GROMACS is free software; you can redistribute it and/or modify it
under the terms of the GNU Lesser General Public License
as published by the Free Software Foundation; either version 2.1
of the License, or (at your option) any later version.

                         Current GROMACS contributors:
       Mark Abraham           Andrey Alekseenko           Brian Andrews       
      Vladimir Basov              Paul Bauer                Hugh Bird         
      Eliane Briand               Ania Brown              Mahesh Doijade      
      Giacomo Fiorin          Stefan Fleischmann          Sergey Gorelov      
   Gilles Gouaillardet            Alan Gray              M. Eric Irrgang      
   Farzaneh Jalalypour         Petter Johansson          Carsten Kutzner      
    Grzegorz Łazarski         Justin A. Lemkul          Magnus Lundborg      
       Pascal Merz             Vedran Miletić            Dmitry Morozov      
     Lukas Müllender            Julien Nabet             Szilárd Páll      
 Andrea Pasquadibisceglie     Michele Pellegrino         Nicola Piasentin     
     Daniele Rapetti         Muhammad Umair Sadiq         Hubert Santuz       
      Roland Schulz             Michael Shirts           Tatiana Shugaeva     
     Alexey Shvetsov            Philip Turner            Alessandra Villa     
 Sebastian Wingbermühle  

                         Previous GROMACS contributors:
        Emile Apol             Rossen Apostolov           James Barnett       
  Herman J.C. Berendsen         Cathrine Bergh             Par Bjelkmar       
      Christian Blau          Viacheslav Bolnykh            Kevin Boyd        
    Aldert van Buuren          Carlo Camilloni           Rudi van Drunen      
      Anton Feenstra           Oliver Fleetwood            Vytas Gapsys       
       Gaurav Garg             Gerrit Groenhof            Bert de Groot       
      Anca Hamuraru           Vincent Hindriksen          Victor Holanda      
     Aleksei Iupinov              Joe Jordan            Christoph Junghans    
    Prashanth Kanduri        Dimitrios Karkoulis           Peter Kasson       
      Sebastian Kehl           Sebastian Keller             Jiri Kraus        
       Per Larsson              Viveca Lindahl            Erik Marklund       
    Pieter Meulenhoff           Teemu Murtola              Sander Pronk       
      Alfons Sijbers            Balint Soproni         David van der Spoel    
      Peter Tieleman            Carsten Uphoff             Jon Vincent        
     Teemu Virolainen         Christian Wennberg           Maarten Wolf       
      Artem Zhmurov       

                  Coordinated by the GROMACS project leaders:
                           Berk Hess and Erik Lindahl

GROMACS:      gmx mdrun, version 2025.1-Homebrew
Executable:   /opt/homebrew/bin/../Cellar/gromacs/2025.1/bin/gmx
Data prefix:  /opt/homebrew/bin/../Cellar/gromacs/2025.1
Working dir:  /Users/heiley/Desktop/SURP/gromacs-tutorial/tutorial-3/output_files_exercise/lambda_00
Process ID:   5012
Command line:
  gmx mdrun -v -ntmpi 1 -ntomp 8

GROMACS version:     2025.1-Homebrew
Precision:           mixed
Memory model:        64 bit
MPI library:         thread_mpi
OpenMP support:      enabled (GMX_OPENMP_MAX_THREADS = 128)
GPU support:         disabled
SIMD instructions:   ARM_NEON_ASIMD
CPU FFT library:     fftw-3.3.10
GPU FFT library:     none
Multi-GPU FFT:       none
TNG support:         enabled
Hwloc support:       disabled
Tracing support:     disabled
C compiler:          /opt/homebrew/opt/gcc/bin/gcc-14
C compiler flags:    -fexcess-precision=fast -funroll-all-loops -Wno-missing-field-initializers -O3 -DNDEBUG
C++ compiler:        /opt/homebrew/opt/gcc/bin/g++-14
C++ compiler flags:  -fexcess-precision=fast -funroll-all-loops -Wno-missing-field-initializers -Weverything -Wno-c++98-compat -Wno-c++98-compat-pedantic -Wno-return-std-move-in-c++11 -Wno-source-uses-openmp -Wno-c++17-extensions -Wno-documentation-unknown-command -Wno-covered-switch-default -Wno-switch-enum -Wno-switch-default -Wno-extra-semi-stmt -Wno-weak-vtables -Wno-shadow -Wno-padded -Wno-reserved-id-macro -Wno-double-promotion -Wno-exit-time-destructors -Wno-global-constructors -Wno-documentation -Wno-format-nonliteral -Wno-used-but-marked-unused -Wno-float-equal -Wno-conditional-uninitialized -Wno-conversion -Wno-disabled-macro-expansion -Wno-unused-macros -Wno-unsafe-buffer-usage -Wno-cast-function-type-strict SHELL:-fopenmp -O3 -DNDEBUG
BLAS library:        External - detected on the system
LAPACK library:      External - detected on the system


Running on 1 node with total 0 processing units
Hardware detected on host Heileys-MacBook-Air.local:
  CPU info:
    Vendor: ARM
    Brand:  Unknown CPU brand
    Family: 0   Model: 0   Stepping: 0
    Features: neon neon_asimd
  Hardware topology: Only logical processor count
    CPU limit set by OS: -1   Recommended max number of threads: 8


++++ PLEASE READ AND CITE THE FOLLOWING REFERENCE ++++
M. J. Abraham, T. Murtola, R. Schulz, S. Páll, J. C. Smith, B. Hess, E.
Lindahl
GROMACS: High performance molecular simulations through multi-level
parallelism from laptops to supercomputers
SoftwareX (2015)
DOI: 10.1016/j.softx.2015.06.001
-------- -------- --- Thank You --- -------- --------


++++ PLEASE READ AND CITE THE FOLLOWING REFERENCE ++++
S. Páll, M. J. Abraham, C. Kutzner, B. Hess, E. Lindahl
Tackling Exascale Software Challenges in Molecular Dynamics Simulations with
GROMACS
In S. Markidis & E. Laure (Eds.), Solving Software Challenges for Exascale (2015)
DOI: 10.1007/978-3-319-15976-8_1
-------- -------- --- Thank You --- -------- --------


++++ PLEASE READ AND CITE THE FOLLOWING REFERENCE ++++
S. Pronk, S. Páll, R. Schulz, P. Larsson, P. Bjelkmar, R. Apostolov, M. R.
Shirts, J. C. Smith, P. M. Kasson, D. van der Spoel, B. Hess, E. Lindahl
GROMACS 4.5: a high-throughput and highly parallel open source molecular
simulation toolkit
Bioinformatics (2013)
DOI: 10.1093/bioinformatics/btt055
-------- -------- --- Thank You --- -------- --------


++++ PLEASE READ AND CITE THE FOLLOWING REFERENCE ++++
B. Hess, C. Kutzner, D. van der Spoel, E. Lindahl
GROMACS 4: Algorithms for highly efficient, load-balanced, and scalable
molecular simulation
J. Chem. Theory Comput. (2008)
DOI: 10.1021/ct700301q
-------- -------- --- Thank You --- -------- --------


++++ PLEASE READ AND CITE THE FOLLOWING REFERENCE ++++
D. van der Spoel, E. Lindahl, B. Hess, G. Groenhof, A. E. Mark, H. J. C.
Berendsen
GROMACS: Fast, Flexible and Free
J. Comp. Chem. (2005)
DOI: 10.1002/jcc.20291
-------- -------- --- Thank You --- -------- --------


++++ PLEASE READ AND CITE THE FOLLOWING REFERENCE ++++
E. Lindahl, B. Hess, D. van der Spoel
GROMACS 3.0: A package for molecular simulation and trajectory analysis
J. Mol. Mod. (2001)
DOI: 10.1007/s008940100045
-------- -------- --- Thank You --- -------- --------


++++ PLEASE READ AND CITE THE FOLLOWING REFERENCE ++++
H. J. C. Berendsen, D. van der Spoel and R. van Drunen
GROMACS: A message-passing parallel molecular dynamics implementation
Comp. Phys. Comm. (1995)
DOI: 10.1016/0010-4655(95)00042-E
-------- -------- --- Thank You --- -------- --------

Input Parameters:
   integrator                     = sd
   tinit                          = 0
   dt                             = 0.002
   nsteps                         = 100000
   init-step                      = 0
   simulation-part                = 1
   mts                            = false
   mass-repartition-factor        = 1
   comm-mode                      = Linear
   nstcomm                        = 100
   bd-fric                        = 0
   ld-seed                        = -1073924097
   emtol                          = 10
   emstep                         = 0.01
   niter                          = 20
   fcstep                         = 0
   nstcgsteep                     = 1000
   nbfgscorr                      = 10
   rtpi                           = 0.05
   nstxout                        = 0
   nstvout                        = 0
   nstfout                        = 0
   nstlog                         = 5000
   nstcalcenergy                  = 50
   nstenergy                      = 1000
   nstxout-compressed             = 0
   compressed-x-precision         = 1000
   cutoff-scheme                  = Verlet
   nstlist                        = 10
   pbc                            = xyz
   periodic-molecules             = false
   verlet-buffer-tolerance        = 0.005
   verlet-buffer-pressure-tolerance = 0.5
   rlist                          = 1.1
   coulombtype                    = PME
   coulomb-modifier               = Potential-shift
   rcoulomb-switch                = 0
   rcoulomb                       = 1.1
   epsilon-r                      = 1
   epsilon-rf                     = inf
   vdw-type                       = Cut-off
   vdw-modifier                   = Potential-shift
   rvdw-switch                    = 0
   rvdw                           = 1.1
   DispCorr                       = No
   table-extension                = 1
   fourierspacing                 = 0.13
   fourier-nx                     = 24
   fourier-ny                     = 24
   fourier-nz                     = 24
   pme-order                      = 4
   ewald-rtol                     = 1e-05
   ewald-rtol-lj                  = 0.001
   lj-pme-comb-rule               = Geometric
   ewald-geometry                 = 3d
   epsilon-surface                = 0
   ensemble-temperature-setting   = constant
   ensemble-temperature           = 300
   tcoupl                         = No
   nsttcouple                     = -1
   nh-chain-length                = 0
   print-nose-hoover-chain-variables = false
   pcoupl                         = C-rescale
   pcoupltype                     = Isotropic
   nstpcouple                     = 100
   tau-p                          = 5
   compressibility (3x3):
      compressibility[    0]={ 4.50000e-05,  0.00000e+00,  0.00000e+00}
      compressibility[    1]={ 0.00000e+00,  4.50000e-05,  0.00000e+00}
      compressibility[    2]={ 0.00000e+00,  0.00000e+00,  4.50000e-05}
   ref-p (3x3):
      ref-p[    0]={ 1.00000e+00,  0.00000e+00,  0.00000e+00}
      ref-p[    1]={ 0.00000e+00,  1.00000e+00,  0.00000e+00}
      ref-p[    2]={ 0.00000e+00,  0.00000e+00,  1.00000e+00}
   refcoord-scaling               = No
   posres-com: not available
   posres-comB: not available
   QMMM                           = false
qm-opts:
   ngQM                           = 0
   constraint-algorithm           = Lincs
   continuation                   = false
   Shake-SOR                      = false
   shake-tol                      = 0.0001
   lincs-order                    = 4
   lincs-iter                     = 1
   lincs-warnangle                = 30
   nwall                          = 0
   wall-type                      = 9-3
   wall-r-linpot                  = -1
   wall-atomtype[0]               = -1
   wall-atomtype[1]               = -1
   wall-density[0]                = 0
   wall-density[1]                = 0
   wall-ewald-zfac                = 3
   pull                           = false
   awh                            = false
   rotation                       = false
   interactiveMD                  = false
   disre                          = No
   disre-weighting                = Conservative
   disre-mixed                    = false
   dr-fc                          = 1000
   dr-tau                         = 0
   nstdisreout                    = 100
   orire-fc                       = 0
   orire-tau                      = 0
   nstorireout                    = 100
   free-energy                    = yes
   init-lambda                    = -1
   init-lambda-state              = 0
   delta-lambda                   = 0
   nstdhdl                        = 50
   n-lambdas                      = 7
   separate-dvdl:
       fep-lambdas =   TRUE
      mass-lambdas =   FALSE
      coul-lambdas =   FALSE
       vdw-lambdas =   FALSE
    bonded-lambdas =   FALSE
 restraint-lambdas =   FALSE
temperature-lambdas =   FALSE
all-lambdas:
       fep-lambdas =            0         0.2         0.4         0.6         0.8         0.9           1
      mass-lambdas =            0         0.2         0.4         0.6         0.8         0.9           1
      coul-lambdas =            0         0.2         0.4         0.6         0.8         0.9           1
       vdw-lambdas =            0         0.2         0.4         0.6         0.8         0.9           1
    bonded-lambdas =            0         0.2         0.4         0.6         0.8         0.9           1
 restraint-lambdas =            0         0.2         0.4         0.6         0.8         0.9           1
temperature-lambdas =            0         0.2         0.4         0.6         0.8         0.9           1
   calc-lambda-neighbors          = 1
   dhdl-print-energy              = no
   sc-alpha                       = 1
   sc-power                       = 1
   sc-r-power                     = 6
   sc-sigma                       = 0.3
   sc-sigma-min                   = 0.3
   sc-coul                        = true
   dh-hist-size                   = 0
   dh-hist-spacing                = 0.1
   separate-dhdl-file             = yes
   dhdl-derivatives               = yes
   sc-function                    = beutler
   sc-gapsys-scale-linpoint-lj    = 0.85
   sc-gapsys-scale-linpoint-q     = 0.3
   sc-gapsys-sigma-lj             = 0.3
   cos-acceleration               = 0
   deform (3x3):
      deform[    0]={ 0.00000e+00,  0.00000e+00,  0.00000e+00}
      deform[    1]={ 0.00000e+00,  0.00000e+00,  0.00000e+00}
      deform[    2]={ 0.00000e+00,  0.00000e+00,  0.00000e+00}
   simulated-tempering            = false
   swapcoords                     = no
   userint1                       = 0
   userint2                       = 0
   userint3                       = 0
   userint4                       = 0
   userreal1                      = 0
   userreal2                      = 0
   userreal3                      = 0
   userreal4                      = 0
   applied-forces:
     electric-field:
       x:
         E0                       = 0
         omega                    = 0
         t0                       = 0
         sigma                    = 0
       y:
         E0                       = 0
         omega                    = 0
         t0                       = 0
         sigma                    = 0
       z:
         E0                       = 0
         omega                    = 0
         t0                       = 0
         sigma                    = 0
     density-guided-simulation:
       active                     = false
       group                      = protein
       similarity-measure         = inner-product
       atom-spreading-weight      = unity
       force-constant             = 1e+09
       gaussian-transform-spreading-width = 0.2
       gaussian-transform-spreading-range-in-multiples-of-width = 4
       reference-density-filename = reference.mrc
       nst                        = 1
       normalize-densities        = true
       adaptive-force-scaling     = false
       adaptive-force-scaling-time-constant = 4
       shift-vector               = 
       transformation-matrix      = 
     qmmm-cp2k:
       active                     = false
       qmgroup                    = System
       qmmethod                   = PBE
       qmfilenames                = 
       qmcharge                   = 0
       qmmultiplicity             = 1
     colvars:
       active                     = false
       configfile                 = 
       seed                       = -1
     nnpot:
       active                     = false
       modelfile                  = model.pt
       input-group                = System
       model-input1               = 
       model-input2               = 
       model-input3               = 
       model-input4               = 
grpopts:
   nrdf:        2952
   ref-t:         300
   tau-t:           2
annealing:          No
annealing-npoints:           0
   acc:	           0           0           0
   nfreeze:           N           N           N
   energygrp-flags[  0]: 0

Changing nstlist from 10 to 50, rlist from 1.1 to 1.214

When checking whether update groups are usable:
  The combination of rlist and box size prohibits the use of update groups

Initializing Domain Decomposition on 1 ranks
Dynamic load balancing: auto
Minimum cell size due to atom displacement: 0.839 nm
Initial maximum distances in bonded interactions:
    two-body bonded interactions: 0.332 nm, LJ-14, atoms 4 7
  multi-body bonded interactions: 0.332 nm, Ryckaert-Bell., atoms 4 7
Minimum cell size due to bonded interactions: 0.365 nm
Maximum distance for 5 constraints, at 120 deg. angles, all-trans: 0.218 nm
Estimated maximum distance required for P-LINCS: 0.218 nm
Using 0 separate PME ranks because: there are too few total ranks for efficient splitting
Optimizing the DD grid for 1 cells with a minimum initial size of 0.839 nm
The maximum allowed number of cells is: X 2 Y 2 Z 2
Domain decomposition grid 1 x 1 x 1, separate PME ranks 0
PME domain decomposition: 1 x 1 x 1

The initial number of communication pulses is:
The initial domain decomposition cell size is:

The maximum allowed distance for atoms involved in interactions is:
                 non-bonded interactions           1.214 nm
(the following are initial values, they could change due to box deformation)
            two-body bonded interactions  (-rdd)   1.214 nm
          multi-body bonded interactions  (-rdd)   1.214 nm
  atoms separated by up to 5 constraints  (-rcon)  1.955 nm

When dynamic load balancing gets turned on, these settings will change to:
The maximum number of communication pulses is:
The minimum size for domain decomposition cells is 1.214 nm
The requested allowed shrink of DD cells (option -dds) is: 0.80
The allowed shrink of domain decomposition cells is:
The maximum allowed distance for atoms involved in interactions is:
                 non-bonded interactions           1.214 nm
            two-body bonded interactions  (-rdd)   1.214 nm
          multi-body bonded interactions  (-rdd)   1.214 nm
  atoms separated by up to 5 constraints  (-rcon)  1.214 nm

Local state does not use filler particles

Using 1 MPI thread
Using 8 OpenMP threads 

System total charge, top. A: -0.000 top. B: -0.000
Will do PME sum in reciprocal space for electrostatic interactions.

++++ PLEASE READ AND CITE THE FOLLOWING REFERENCE ++++
U. Essmann, L. Perera, M. L. Berkowitz, T. Darden, H. Lee, L. G. Pedersen 
A smooth particle mesh Ewald method
J. Chem. Phys. (1995)
DOI: 10.1063/1.470117
-------- -------- --- Thank You --- -------- --------

Using a Gaussian width (1/beta) of 0.352179 nm for Ewald
Potential shift: LJ r^-12: -3.186e-01 r^-6: -5.645e-01, Ewald -9.091e-06
Initialized non-bonded Coulomb Ewald tables, spacing: 9.79e-04 size: 2264

Generated table with 1107 data points for 1-4 COUL.
Tabscale = 500 points/nm
Generated table with 1107 data points for 1-4 LJ6.
Tabscale = 500 points/nm
Generated table with 1107 data points for 1-4 LJ12.
Tabscale = 500 points/nm


Using SIMD4xM 4x4 nonbonded short-range kernels

Using a dual 4x4 pair-list setup updated with dynamic pruning:
  outer list: updated every 50 steps, buffer 0.114 nm, rlist 1.214 nm
  inner list: updated every 10 steps, buffer 0.000 nm, rlist 1.100 nm
At tolerance 0.005 kJ/mol/ps per atom, equivalent classical 1x1 list would be:
  outer list: updated every 50 steps, buffer 0.244 nm, rlist 1.344 nm
  inner list: updated every 10 steps, buffer 0.036 nm, rlist 1.136 nm

The average pressure is off by at most 0.24 bar due to missing LJ interactions

Using Geometric Lennard-Jones combination rule
There are 3 atoms and 3 charges for free energy perturbation
Removing pbc first time

Linking all bonded interactions to atoms


Initializing Parallel LINear Constraint Solver

++++ PLEASE READ AND CITE THE FOLLOWING REFERENCE ++++
B. Hess
P-LINCS: A Parallel Linear Constraint Solver for molecular simulation
J. Chem. Theory Comput. (2008)
DOI: 10.1021/ct700200b
-------- -------- --- Thank You --- -------- --------

The number of constraints is 6
There are constraints between atoms in different decomposition domains,
will communicate selected coordinates each lincs iteration

++++ PLEASE READ AND CITE THE FOLLOWING REFERENCE ++++
S. Miyamoto, P. A. Kollman
SETTLE: An Analytical Version of the SHAKE and RATTLE Algorithms for Rigid
Water Models
J. Comp. Chem. (1992)
DOI: 10.1002/jcc.540130805
-------- -------- --- Thank You --- -------- --------

Initial vector of lambda components:[     0.0000     0.0000     0.0000     0.0000     0.0000     0.0000     0.0000 ]

++++ PLEASE READ AND CITE THE FOLLOWING REFERENCE ++++
M. Bernetti, G. Bussi
Pressure control using stochastic cell rescaling
J. Chem. Phys. (2020)
DOI: 10.1063/5.0020514
-------- -------- --- Thank You --- -------- --------


++++ PLEASE READ AND CITE THE FOLLOWING REFERENCE ++++
N. Goga, A. J. Rzepiela, A. H. de Vries, S. J. Marrink, H. J. C. Berendsen
Efficient Algorithms for Langevin and DPD Dynamics
J. Chem. Theory Comput. (2012)
DOI: 10.1021/ct3000876
-------- -------- --- Thank You --- -------- --------

There are: 1476 Atoms

Atom distribution over 1 domains: av 1476 stddev 0 min 1476 max 1476

Constraining the starting coordinates (step 0)

Constraining the coordinates at t0-dt (step 0)
Center of mass motion removal mode is Linear
We have the following groups for center of mass motion removal:
  0:  rest
RMS relative constraint deviation after constraining: 1.70e-06
Initial temperature: 305.041 K

Started mdrun on rank 0 Wed Jun 18 13:02:30 2025

           Step           Time
              0        0.00000

   Energies (kJ/mol)
           Bond          Angle Ryckaert-Bell.          LJ-14     Coulomb-14
    1.69022e+00    8.99226e+00    5.12736e+00    3.64583e-02   -4.70606e+01
        LJ (SR)   Coulomb (SR)   Coul. recip.      Potential    Kinetic En.
    4.68080e+03   -2.75107e+04    8.04079e+01   -2.27807e+04    3.75209e+03
   Total Energy    Temperature Pressure (bar)    dVremain/dl   Constr. rmsd
   -1.90286e+04    3.05740e+02    8.21575e+02    1.05967e+03    2.06663e-06

           Step           Time
           5000       10.00000

   Energies (kJ/mol)
           Bond          Angle Ryckaert-Bell.          LJ-14     Coulomb-14
    1.47107e+00    1.17185e+01    4.40463e+00    6.03573e-01   -4.73330e+01
        LJ (SR)   Coulomb (SR)   Coul. recip.      Potential    Kinetic En.
    4.43257e+03   -2.71628e+04    8.15266e+01   -2.26779e+04    3.67930e+03
   Total Energy    Temperature Pressure (bar)    dVremain/dl   Constr. rmsd
   -1.89986e+04    2.99809e+02   -1.11803e+02    1.73318e+03    1.13327e-06

           Step           Time
          10000       20.00000

   Energies (kJ/mol)
           Bond          Angle Ryckaert-Bell.          LJ-14     Coulomb-14
    6.73498e+00    1.66963e+01    1.36288e+00    6.00381e-01   -4.63484e+01
        LJ (SR)   Coulomb (SR)   Coul. recip.      Potential    Kinetic En.
    4.20380e+03   -2.68837e+04    6.98671e+01   -2.26310e+04    3.61569e+03
   Total Energy    Temperature Pressure (bar)    dVremain/dl   Constr. rmsd
   -1.90153e+04    2.94626e+02   -2.54452e+02    1.46188e+03    5.39721e-06

           Step           Time
          15000       30.00000

   Energies (kJ/mol)
           Bond          Angle Ryckaert-Bell.          LJ-14     Coulomb-14
    2.32192e+00    1.15994e+01    2.28912e+00    6.80789e-01   -4.71452e+01
        LJ (SR)   Coulomb (SR)   Coul. recip.      Potential    Kinetic En.
    4.19620e+03   -2.66793e+04    9.18184e+01   -2.24215e+04    3.71141e+03
   Total Energy    Temperature Pressure (bar)    dVremain/dl   Constr. rmsd
   -1.87101e+04    3.02426e+02   -1.41805e+02    1.84870e+03    1.61373e-06

           Step           Time
          20000       40.00000

   Energies (kJ/mol)
           Bond          Angle Ryckaert-Bell.          LJ-14     Coulomb-14
    4.08453e+00    1.47149e+01    6.63131e+00    2.13344e+00   -4.70945e+01
        LJ (SR)   Coulomb (SR)   Coul. recip.      Potential    Kinetic En.
    4.53365e+03   -2.75861e+04    8.61887e+01   -2.29858e+04    3.75799e+03
   Total Energy    Temperature Pressure (bar)    dVremain/dl   Constr. rmsd
   -1.92278e+04    3.06221e+02    9.06657e+01    1.63733e+03    2.44440e-06

           Step           Time
          25000       50.00000

   Energies (kJ/mol)
           Bond          Angle Ryckaert-Bell.          LJ-14     Coulomb-14
    8.64525e-02    6.28260e+00    1.11677e+00    7.50782e-01   -4.70013e+01
        LJ (SR)   Coulomb (SR)   Coul. recip.      Potential    Kinetic En.
    4.65654e+03   -2.74308e+04    7.90649e+01   -2.27340e+04    3.60615e+03
   Total Energy    Temperature Pressure (bar)    dVremain/dl   Constr. rmsd
   -1.91278e+04    2.93848e+02    9.18008e+02    1.58188e+03    1.22139e-05

           Step           Time
          30000       60.00000

   Energies (kJ/mol)
           Bond          Angle Ryckaert-Bell.          LJ-14     Coulomb-14
    1.38188e+00    6.44897e+00    1.58406e+00    2.39015e-01   -4.59672e+01
        LJ (SR)   Coulomb (SR)   Coul. recip.      Potential    Kinetic En.
    4.32437e+03   -2.72245e+04    6.69552e+01   -2.28695e+04    3.80054e+03
   Total Energy    Temperature Pressure (bar)    dVremain/dl   Constr. rmsd
   -1.90689e+04    3.09688e+02   -3.61968e+02    1.19949e+03    2.09551e-06

           Step           Time
          35000       70.00000

   Energies (kJ/mol)
           Bond          Angle Ryckaert-Bell.          LJ-14     Coulomb-14
    1.11888e+00    1.92768e+01   -1.05604e+00   -2.38511e-01   -4.69283e+01
        LJ (SR)   Coulomb (SR)   Coul. recip.      Potential    Kinetic En.
    4.68288e+03   -2.73655e+04    8.26383e+01   -2.26278e+04    3.86893e+03
   Total Energy    Temperature Pressure (bar)    dVremain/dl   Constr. rmsd
   -1.87589e+04    3.15261e+02    1.07951e+03    2.31896e+03    1.29148e-05

           Step           Time
          40000       80.00000

   Energies (kJ/mol)
           Bond          Angle Ryckaert-Bell.          LJ-14     Coulomb-14
    2.60213e+00    9.23469e+00    1.43853e+00    3.50233e-01   -4.60263e+01
        LJ (SR)   Coulomb (SR)   Coul. recip.      Potential    Kinetic En.
    4.06609e+03   -2.63662e+04    1.00901e+02   -2.22317e+04    3.64225e+03
   Total Energy    Temperature Pressure (bar)    dVremain/dl   Constr. rmsd
   -1.85894e+04    2.96790e+02   -3.75684e+02    7.66949e+02    6.73031e-07

           Step           Time
          45000       90.00000

   Energies (kJ/mol)
           Bond          Angle Ryckaert-Bell.          LJ-14     Coulomb-14
    2.75332e+00    2.09753e+01    5.34372e+00    1.01457e-01   -4.68816e+01
        LJ (SR)   Coulomb (SR)   Coul. recip.      Potential    Kinetic En.
    4.48367e+03   -2.72008e+04    9.97454e+01   -2.26350e+04    3.67935e+03
   Total Energy    Temperature Pressure (bar)    dVremain/dl   Constr. rmsd
   -1.89557e+04    2.99813e+02    1.05037e+02    2.14270e+03    8.33638e-06

           Step           Time
          50000      100.00000

   Energies (kJ/mol)
           Bond          Angle Ryckaert-Bell.          LJ-14     Coulomb-14
    4.37197e+00    1.52536e+01    2.60714e+00   -3.34458e-02   -4.64917e+01
        LJ (SR)   Coulomb (SR)   Coul. recip.      Potential    Kinetic En.
    4.20682e+03   -2.69995e+04    8.45367e+01   -2.27324e+04    3.65484e+03
   Total Energy    Temperature Pressure (bar)    dVremain/dl   Constr. rmsd
   -1.90776e+04    2.97816e+02   -4.45653e+02    1.51898e+03    2.50942e-06

           Step           Time
          55000      110.00000

   Energies (kJ/mol)
           Bond          Angle Ryckaert-Bell.          LJ-14     Coulomb-14
    2.10209e+00    2.94085e+01    1.30742e+00    6.36899e-02   -4.51305e+01
        LJ (SR)   Coulomb (SR)   Coul. recip.      Potential    Kinetic En.
    4.62753e+03   -2.73716e+04    7.67328e+01   -2.26796e+04    3.53524e+03
   Total Energy    Temperature Pressure (bar)    dVremain/dl   Constr. rmsd
   -1.91444e+04    2.88071e+02    8.05420e+02    2.10057e+03    3.39921e-06

           Step           Time
          60000      120.00000

   Energies (kJ/mol)
           Bond          Angle Ryckaert-Bell.          LJ-14     Coulomb-14
    3.63882e-01    6.72410e+00    2.15679e+00    7.60173e-01   -4.64664e+01
        LJ (SR)   Coulomb (SR)   Coul. recip.      Potential    Kinetic En.
    4.39180e+03   -2.71124e+04    8.47052e+01   -2.26724e+04    3.54011e+03
   Total Energy    Temperature Pressure (bar)    dVremain/dl   Constr. rmsd
   -1.91323e+04    2.88467e+02   -2.27488e+02    1.30805e+03    5.51254e-06

           Step           Time
          65000      130.00000

   Energies (kJ/mol)
           Bond          Angle Ryckaert-Bell.          LJ-14     Coulomb-14
    4.97511e+00    1.06962e+01    4.01693e+00    1.22202e+00   -4.72919e+01
        LJ (SR)   Coulomb (SR)   Coul. recip.      Potential    Kinetic En.
    4.81272e+03   -2.76822e+04    8.20347e+01   -2.28139e+04    3.73008e+03
   Total Energy    Temperature Pressure (bar)    dVremain/dl   Constr. rmsd
   -1.90838e+04    3.03946e+02    1.32104e+03    7.40045e+02    2.87362e-06

           Step           Time
          70000      140.00000

   Energies (kJ/mol)
           Bond          Angle Ryckaert-Bell.          LJ-14     Coulomb-14
    7.36612e-02    1.22880e+01    1.19174e+00    1.30634e+00   -4.73850e+01
        LJ (SR)   Coulomb (SR)   Coul. recip.      Potential    Kinetic En.
    4.38224e+03   -2.71178e+04    9.20166e+01   -2.26761e+04    3.69980e+03
   Total Energy    Temperature Pressure (bar)    dVremain/dl   Constr. rmsd
   -1.89763e+04    3.01480e+02    1.49474e+02    1.48218e+03    1.16242e-06

           Step           Time
          75000      150.00000

   Energies (kJ/mol)
           Bond          Angle Ryckaert-Bell.          LJ-14     Coulomb-14
    7.20572e-01    1.06870e+01   -9.05617e-01    1.54310e-01   -4.89085e+01
        LJ (SR)   Coulomb (SR)   Coul. recip.      Potential    Kinetic En.
    3.98220e+03   -2.64809e+04    7.63475e+01   -2.24606e+04    3.68830e+03
   Total Energy    Temperature Pressure (bar)    dVremain/dl   Constr. rmsd
   -1.87723e+04    3.00542e+02   -1.35999e+03    3.00752e+03    6.50924e-06

           Step           Time
          80000      160.00000

   Energies (kJ/mol)
           Bond          Angle Ryckaert-Bell.          LJ-14     Coulomb-14
    4.04851e+00    5.50817e+00    2.27289e+00    3.22208e-01   -4.58821e+01
        LJ (SR)   Coulomb (SR)   Coul. recip.      Potential    Kinetic En.
    4.48129e+03   -2.73856e+04    9.42644e+01   -2.28438e+04    3.85920e+03
   Total Energy    Temperature Pressure (bar)    dVremain/dl   Constr. rmsd
   -1.89846e+04    3.14468e+02   -8.58588e+01    1.84933e+03    4.51568e-06

           Step           Time
          85000      170.00000

   Energies (kJ/mol)
           Bond          Angle Ryckaert-Bell.          LJ-14     Coulomb-14
    1.55555e+00    1.59228e+01    5.31053e-01    9.92769e-01   -4.72138e+01
        LJ (SR)   Coulomb (SR)   Coul. recip.      Potential    Kinetic En.
    4.19199e+03   -2.66827e+04    7.77979e+01   -2.24411e+04    3.88150e+03
   Total Energy    Temperature Pressure (bar)    dVremain/dl   Constr. rmsd
   -1.85596e+04    3.16286e+02   -3.91360e+02    2.18549e+03    4.78882e-06

           Step           Time
          90000      180.00000

   Energies (kJ/mol)
           Bond          Angle Ryckaert-Bell.          LJ-14     Coulomb-14
    3.64417e+00    1.29507e+01    1.86946e+00    4.25844e-02   -4.55621e+01
        LJ (SR)   Coulomb (SR)   Coul. recip.      Potential    Kinetic En.
    4.25452e+03   -2.68681e+04    8.90121e+01   -2.25516e+04    3.80217e+03
   Total Energy    Temperature Pressure (bar)    dVremain/dl   Constr. rmsd
   -1.87495e+04    3.09821e+02   -5.30223e+02    1.05585e+03    2.54759e-06

           Step           Time
          95000      190.00000

   Energies (kJ/mol)
           Bond          Angle Ryckaert-Bell.          LJ-14     Coulomb-14
    6.33726e-01    1.60215e+01    3.43833e+00    3.36093e-01   -4.66574e+01
        LJ (SR)   Coulomb (SR)   Coul. recip.      Potential    Kinetic En.
    4.58229e+03   -2.73531e+04    8.24783e+01   -2.27146e+04    3.72785e+03
   Total Energy    Temperature Pressure (bar)    dVremain/dl   Constr. rmsd
   -1.89867e+04    3.03766e+02    6.84462e+02    7.34376e+02    3.63930e-06

           Step           Time
         100000      200.00000

Writing checkpoint, step 100000 at Wed Jun 18 13:06:43 2025


   Energies (kJ/mol)
           Bond          Angle Ryckaert-Bell.          LJ-14     Coulomb-14
    5.14003e+00    1.37882e+01    1.27513e+00    1.45999e+00   -4.71982e+01
        LJ (SR)   Coulomb (SR)   Coul. recip.      Potential    Kinetic En.
    4.45155e+03   -2.71776e+04    7.48321e+01   -2.26768e+04    3.68214e+03
   Total Energy    Temperature Pressure (bar)    dVremain/dl   Constr. rmsd
   -1.89947e+04    3.00040e+02   -8.41566e+01    6.08290e+02    5.64096e-06


	<======  ###############  ==>
	<====  A V E R A G E S  ====>
	<==  ###############  ======>

	Statistics over 100001 steps using 2001 frames

   Energies (kJ/mol)
           Bond          Angle Ryckaert-Bell.          LJ-14     Coulomb-14
    2.61183e+00    1.46135e+01    2.34591e+00    5.44313e-01   -4.72426e+01
        LJ (SR)   Coulomb (SR)   Coul. recip.      Potential    Kinetic En.
    4.41533e+03   -2.71652e+04    8.36233e+01   -2.26933e+04    3.70028e+03
   Total Energy    Temperature Pressure (bar)    dVremain/dl   Constr. rmsd
   -1.89930e+04    3.01519e+02    5.09253e+01    1.57325e+03    0.00000e+00

          Box-X          Box-Y          Box-Z
    2.75682e+00    2.75682e+00    1.94938e+00

   Total Virial (kJ/mol)
    1.22850e+03    1.00825e+01   -1.23698e+01
    9.63440e+00    1.20182e+03    7.58437e+00
   -1.32477e+01    8.03141e+00    1.20494e+03

   Pressure (bar)
    1.53563e+01   -2.17511e+01    2.65334e+01
   -2.07538e+01    6.92818e+01   -1.53795e+01
    2.85284e+01   -1.63923e+01    6.81379e+01


	M E G A - F L O P S   A C C O U N T I N G

 NB=Group-cutoff nonbonded kernels    NxN=N-by-N cluster Verlet kernels
 RF=Reaction-Field  VdW=Van der Waals  QSTab=quadratic-spline table
 W3=SPC/TIP3p  W4=TIP4p (single or pairs)
 V&F=Potential and force  V=Potential only  F=Force only

 Computing:                               M-Number         M-Flops  % Flops
-----------------------------------------------------------------------------
 NB Free energy kernel                43978.147326       43978.147     0.5
 Pair Search distance check            1239.563898       11156.075     0.1
 NxN Ewald Elec. + LJ [F]             60493.117776     3992545.773    45.3
 NxN Ewald Elec. + LJ [V&F]            1235.169552      132163.142     1.5
 NxN Ewald Elec. [F]                  59289.724816     3616673.214    41.0
 NxN Ewald Elec. [V&F]                 1210.605088      101690.827     1.2
 1,4 nonbonded interactions               0.464036          41.763     0.0
 Calc Weights                           442.804428       15940.959     0.2
 Spread Q Bspline                     18892.988928       37785.978     0.4
 Gather F Bspline                     18892.988928      113357.934     1.3
 3D-FFT                               76059.560588      608476.485     6.9
 Solve PME                             1497.614976       95847.358     1.1
 Reset In Box                             2.953476           8.860     0.0
 CG-CoM                                   2.954952           8.865     0.0
 Bonds                                    0.216010          12.745     0.0
 Angles                                   1.332029         223.781     0.0
 RB-Dihedrals                             1.296060         320.127     0.0
 Virial                                   3.043521          54.783     0.0
 Update                                 147.601476        4575.646     0.1
 Stop-CM                                  1.478952          14.790     0.0
 P-Coupling                               1.477476           8.865     0.0
 Calc-Ekin                                5.906952         159.488     0.0
 Lincs                                    1.200024          72.001     0.0
 Lincs-Mat                                9.600192          38.401     0.0
 Constraint-V                           295.804437        2662.240     0.0
 Constraint-Vir                           2.947473          70.739     0.0
 Settle                                  97.801956       36186.724     0.4
-----------------------------------------------------------------------------
 Total                                                 8814075.710   100.0
-----------------------------------------------------------------------------


    D O M A I N   D E C O M P O S I T I O N   S T A T I S T I C S

 av. #atoms communicated per step for force:  2 x 0.0
 av. #atoms communicated per step for LINCS:  2 x 0.0


      R E A L   C Y C L E   A N D   T I M E   A C C O U N T I N G

On 1 MPI rank, each using 8 OpenMP threads

 Activity:              Num   Num      Call    Wall time         Giga-Cycles
                        Ranks Threads  Count      (s)         total sum    %
--------------------------------------------------------------------------------
 Domain decomp.            1    8       2001       1.578          0.303   0.6
 Neighbor search           1    8       2001       2.821          0.542   1.1
 Force                     1    8     100001     122.792         23.577  48.5
 PME mesh                  1    8     100001      85.439         16.405  33.8
 NB X/F buffer ops.        1    8     200002      10.682          2.051   4.2
 Write traj.               1    8          1       0.009          0.002   0.0
 Update                    1    8     200002      13.171          2.529   5.2
 Constraints               1    8     200004      15.563          2.988   6.2
 Kinetic energy            1    8       4001       0.180          0.035   0.1
 Rest                                              0.729          0.140   0.3
--------------------------------------------------------------------------------
 Total                                           252.963         48.571 100.0
--------------------------------------------------------------------------------
 Breakdown of PME mesh activities
--------------------------------------------------------------------------------
 PME spread                1    8     200002      23.647          4.540   9.3
 PME gather                1    8     200002      28.279          5.430  11.2
 PME 3D-FFT                1    8     400004      28.432          5.459  11.2
 PME solve Elec            1    8     200002       0.749          0.144   0.3
--------------------------------------------------------------------------------

               Core t (s)   Wall t (s)        (%)
       Time:     2023.692      252.963      800.0
                 (ns/day)    (hour/ns)
Performance:       68.311        0.351
Finished mdrun on rank 0 Wed Jun 18 13:06:43 2025

